<?xml version="1.0" encoding="UTF-8"?>
<testsuites name="test_suite_for_excel_automation" time="469.722" tests="1" failures="1" errors="0">
   <testsuite name="test_suite_for_excel_automation" tests="1" failures="1" errors="0" time="469.722" skipped="0" timestamp="12-08-2024T15:28:24" hostname="DELL - host.docker.internal" id="Test Suites/test_suite_for_excel_automation">
      <properties>
         <property name="deviceName" value=""/>
         <property name="devicePlatform"/>
         <property name="logFolder" value="C:\\Users\\DELL\\git\\excel_automation\\Reports\\20240812_152817\\test_suite_for_excel_automation\\20240812_152817"/>
         <property name="logFiles" value="C:\\Users\\DELL\\git\\excel_automation\\Reports\\20240812_152817\\test_suite_for_excel_automation\\20240812_152817\\execution0.log"/>
         <property name="attachments" value="C:\\Users\\DELL\\git\\excel_automation\\Reports\\20240812_152817\\test_suite_for_excel_automation\\20240812_152817\\1723457173517.png"/>
         <property name="hostName" value="DELL - host.docker.internal"/>
         <property name="os" value="Windows 11 64bit"/>
         <property name="katalonVersion" value="9.5.0.217"/>
         <property name="browser" value="Chrome 127.0.0.0"/>
         <property name="hostAddress" value="192.168.31.251"/>
         <property name="sessionId" value="92736042fc11a22500bffd33fe140268"/>
         <property name="seleniumVersion" value="3.141.59"/>
         <property name="proxyInformation" value="ProxyInformation { proxyOption=NO_PROXY, proxyServerType=HTTP, username=, password=********, proxyServerAddress=, proxyServerPort=0, executionList=&quot;&quot;, isApplyToDesiredCapabilities=true }"/>
         <property name="platform" value="Windows 11"/>
      </properties>
      <testcase name="Test Cases/test_case_for_excel_automation" time="469.39" classname="Test Cases/test_case_for_excel_automation" status="FAILED">
         <failure type="FAILED" message="Test Cases/test_case_for_excel_automation FAILED.&#xa;Reason:&#xa;com.kms.katalon.core.exception.StepFailedException: Call Test Case 'Test Cases/test_case_for_excel_automation_and_verifiying_data_in_excel' failed&#xa;	at com.kms.katalon.core.keyword.builtin.CallTestCaseKeyword$_callTestCase_closure1.doCall(CallTestCaseKeyword.groovy:63)&#xa;	at com.kms.katalon.core.keyword.builtin.CallTestCaseKeyword$_callTestCase_closure1.call(CallTestCaseKeyword.groovy)&#xa;	at com.kms.katalon.core.keyword.internal.KeywordMain.runKeyword(KeywordMain.groovy:75)&#xa;	at com.kms.katalon.core.keyword.builtin.CallTestCaseKeyword.callTestCase(CallTestCaseKeyword.groovy:81)&#xa;	at com.kms.katalon.core.keyword.builtin.CallTestCaseKeyword.execute(CallTestCaseKeyword.groovy:44)&#xa;	at com.kms.katalon.core.keyword.internal.KeywordExecutor.executeKeywordForPlatform(KeywordExecutor.groovy:74)&#xa;	at com.kms.katalon.core.keyword.BuiltinKeywords.callTestCase(BuiltinKeywords.groovy:310)&#xa;	at jdk.internal.reflect.GeneratedMethodAccessor24.invoke(Unknown Source)&#xa;	at java.base/jdk.internal.reflect.DelegatingMethodAccessorImpl.invoke(DelegatingMethodAccessorImpl.java:43)&#xa;	at test_case_for_excel_automation.run(test_case_for_excel_automation:131)&#xa;	at com.kms.katalon.core.main.ScriptEngine.run(ScriptEngine.java:194)&#xa;	at com.kms.katalon.core.main.ScriptEngine.runScriptAsRawText(ScriptEngine.java:119)&#xa;	at com.kms.katalon.core.main.TestCaseExecutor.runScript(TestCaseExecutor.java:448)&#xa;	at com.kms.katalon.core.main.TestCaseExecutor.doExecute(TestCaseExecutor.java:439)&#xa;	at com.kms.katalon.core.main.TestCaseExecutor.processExecutionPhase(TestCaseExecutor.java:418)&#xa;	at com.kms.katalon.core.main.TestCaseExecutor.accessMainPhase(TestCaseExecutor.java:410)&#xa;	at com.kms.katalon.core.main.TestCaseExecutor.execute(TestCaseExecutor.java:285)&#xa;	at com.kms.katalon.core.common.CommonExecutor.accessTestCaseMainPhase(CommonExecutor.java:65)&#xa;	at com.kms.katalon.core.main.TestSuiteExecutor.accessTestSuiteMainPhase(TestSuiteExecutor.java:150)&#xa;	at com.kms.katalon.core.main.TestSuiteExecutor.execute(TestSuiteExecutor.java:106)&#xa;	at com.kms.katalon.core.main.TestCaseMain.startTestSuite(TestCaseMain.java:180)&#xa;	at TempTestSuite1723456697144.run(TempTestSuite1723456697144.groovy:35)&#xa;	at java.base/jdk.internal.reflect.NativeMethodAccessorImpl.invoke0(Native Method)&#xa;	at java.base/jdk.internal.reflect.NativeMethodAccessorImpl.invoke(NativeMethodAccessorImpl.java:77)&#xa;	at java.base/jdk.internal.reflect.DelegatingMethodAccessorImpl.invoke(DelegatingMethodAccessorImpl.java:43)&#xa;Caused by: com.kms.katalon.core.exception.StepFailedException: Call Test Case 'Test Cases/test_case_to_verify_data' failed&#xa;	at com.kms.katalon.core.keyword.builtin.CallTestCaseKeyword$_callTestCase_closure1.doCall(CallTestCaseKeyword.groovy:63)&#xa;	at com.kms.katalon.core.keyword.builtin.CallTestCaseKeyword$_callTestCase_closure1.call(CallTestCaseKeyword.groovy)&#xa;	at com.kms.katalon.core.keyword.internal.KeywordMain.runKeyword(KeywordMain.groovy:75)&#xa;	at com.kms.katalon.core.keyword.builtin.CallTestCaseKeyword.callTestCase(CallTestCaseKeyword.groovy:81)&#xa;	at com.kms.katalon.core.keyword.builtin.CallTestCaseKeyword.execute(CallTestCaseKeyword.groovy:44)&#xa;	at com.kms.katalon.core.keyword.internal.KeywordExecutor.executeKeywordForPlatform(KeywordExecutor.groovy:74)&#xa;	at com.kms.katalon.core.keyword.BuiltinKeywords.callTestCase(BuiltinKeywords.groovy:310)&#xa;	at jdk.internal.reflect.GeneratedMethodAccessor24.invoke(Unknown Source)&#xa;	at java.base/jdk.internal.reflect.DelegatingMethodAccessorImpl.invoke(DelegatingMethodAccessorImpl.java:43)&#xa;	at test_case_for_excel_automation_and_verifiying_data_in_excel.run(test_case_for_excel_automation_and_verifiying_data_in_excel:76)&#xa;	at com.kms.katalon.core.main.ScriptEngine.run(ScriptEngine.java:194)&#xa;	at com.kms.katalon.core.main.ScriptEngine.runScriptAsRawText(ScriptEngine.java:119)&#xa;	at com.kms.katalon.core.main.TestCaseExecutor.runScript(TestCaseExecutor.java:448)&#xa;	at com.kms.katalon.core.main.TestCaseExecutor.doExecute(TestCaseExecutor.java:439)&#xa;	at com.kms.katalon.core.main.TestCaseExecutor.processExecutionPhase(TestCaseExecutor.java:418)&#xa;	at com.kms.katalon.core.main.TestCaseExecutor.accessMainPhase(TestCaseExecutor.java:410)&#xa;	at com.kms.katalon.core.main.TestCaseExecutor.execute(TestCaseExecutor.java:285)&#xa;	at com.kms.katalon.core.main.TestCaseMain.runTestCase(TestCaseMain.java:137)&#xa;	at com.kms.katalon.core.keyword.builtin.CallTestCaseKeyword$_callTestCase_closure1.doCall(CallTestCaseKeyword.groovy:59)&#xa;	... 24 more&#xa;Caused by: com.kms.katalon.core.exception.StepFailedException: Unable to click on object 'Object Repository/to_verify_data/myinfo_option_from_side_bar'&#xa;	at com.kms.katalon.core.webui.keyword.internal.WebUIKeywordMain.stepFailed(WebUIKeywordMain.groovy:64)&#xa;	at com.kms.katalon.core.webui.keyword.internal.WebUIKeywordMain.runKeyword(WebUIKeywordMain.groovy:26)&#xa;	at com.kms.katalon.core.webui.keyword.builtin.ClickKeyword.click(ClickKeyword.groovy:74)&#xa;	at com.kms.katalon.core.webui.keyword.builtin.ClickKeyword.execute(ClickKeyword.groovy:40)&#xa;	at com.kms.katalon.core.keyword.internal.KeywordExecutor.executeKeywordForPlatform(KeywordExecutor.groovy:74)&#xa;	at com.kms.katalon.core.webui.keyword.WebUiBuiltInKeywords.click(WebUiBuiltInKeywords.groovy:659)&#xa;	at test_case_to_verify_data.run(test_case_to_verify_data:25)&#xa;	at com.kms.katalon.core.main.ScriptEngine.run(ScriptEngine.java:194)&#xa;	at com.kms.katalon.core.main.ScriptEngine.runScriptAsRawText(ScriptEngine.java:119)&#xa;	at com.kms.katalon.core.main.TestCaseExecutor.runScript(TestCaseExecutor.java:448)&#xa;	at com.kms.katalon.core.main.TestCaseExecutor.doExecute(TestCaseExecutor.java:439)&#xa;	at com.kms.katalon.core.main.TestCaseExecutor.processExecutionPhase(TestCaseExecutor.java:418)&#xa;	at com.kms.katalon.core.main.TestCaseExecutor.accessMainPhase(TestCaseExecutor.java:410)&#xa;	at com.kms.katalon.core.main.TestCaseExecutor.execute(TestCaseExecutor.java:285)&#xa;	at com.kms.katalon.core.main.TestCaseMain.runTestCase(TestCaseMain.java:137)&#xa;	at com.kms.katalon.core.keyword.builtin.CallTestCaseKeyword$_callTestCase_closure1.doCall(CallTestCaseKeyword.groovy:59)&#xa;	... 42 more&#xa;Caused by: com.kms.katalon.core.webui.exception.WebElementNotFoundException: Web element with id: 'Object Repository/to_verify_data/myinfo_option_from_side_bar' located by '//span[@class='oxd-text oxd-text--span oxd-main-menu-item--name' and text()='My Info']' not found&#xa;	at com.kms.katalon.core.webui.common.WebUiCommonHelper.findWebElement(WebUiCommonHelper.java:1426)&#xa;	at com.kms.katalon.core.webui.keyword.internal.WebUIAbstractKeyword.findWebElement(WebUIAbstractKeyword.groovy:27)&#xa;	at com.kms.katalon.core.webui.keyword.builtin.ClickKeyword$_click_closure1.doCall(ClickKeyword.groovy:65)&#xa;	at com.kms.katalon.core.webui.keyword.builtin.ClickKeyword$_click_closure1.call(ClickKeyword.groovy)&#xa;	at com.kms.katalon.core.webui.keyword.internal.WebUIKeywordMain.runKeyword(WebUIKeywordMain.groovy:20)&#xa;	... 56 more&#xa;"/>
         <system-out><![CDATA[12-08-2024T15:28:24 - [TEST_CASE][FAILED] - Test Cases/test_case_for_excel_automation: Test Cases/test_case_for_excel_automation FAILED.
Reason:
com.kms.katalon.core.exception.StepFailedException: Call Test Case 'Test Cases/test_case_for_excel_automation_and_verifiying_data_in_excel' failed
	at com.kms.katalon.core.keyword.builtin.CallTestCaseKeyword$_callTestCase_closure1.doCall(CallTestCaseKeyword.groovy:63)
	at com.kms.katalon.core.keyword.builtin.CallTestCaseKeyword$_callTestCase_closure1.call(CallTestCaseKeyword.groovy)
	at com.kms.katalon.core.keyword.internal.KeywordMain.runKeyword(KeywordMain.groovy:75)
	at com.kms.katalon.core.keyword.builtin.CallTestCaseKeyword.callTestCase(CallTestCaseKeyword.groovy:81)
	at com.kms.katalon.core.keyword.builtin.CallTestCaseKeyword.execute(CallTestCaseKeyword.groovy:44)
	at com.kms.katalon.core.keyword.internal.KeywordExecutor.executeKeywordForPlatform(KeywordExecutor.groovy:74)
	at com.kms.katalon.core.keyword.BuiltinKeywords.callTestCase(BuiltinKeywords.groovy:310)
	at jdk.internal.reflect.GeneratedMethodAccessor24.invoke(Unknown Source)
	at java.base/jdk.internal.reflect.DelegatingMethodAccessorImpl.invoke(DelegatingMethodAccessorImpl.java:43)
	at test_case_for_excel_automation.run(test_case_for_excel_automation:131)
	at com.kms.katalon.core.main.ScriptEngine.run(ScriptEngine.java:194)
	at com.kms.katalon.core.main.ScriptEngine.runScriptAsRawText(ScriptEngine.java:119)
	at com.kms.katalon.core.main.TestCaseExecutor.runScript(TestCaseExecutor.java:448)
	at com.kms.katalon.core.main.TestCaseExecutor.doExecute(TestCaseExecutor.java:439)
	at com.kms.katalon.core.main.TestCaseExecutor.processExecutionPhase(TestCaseExecutor.java:418)
	at com.kms.katalon.core.main.TestCaseExecutor.accessMainPhase(TestCaseExecutor.java:410)
	at com.kms.katalon.core.main.TestCaseExecutor.execute(TestCaseExecutor.java:285)
	at com.kms.katalon.core.common.CommonExecutor.accessTestCaseMainPhase(CommonExecutor.java:65)
	at com.kms.katalon.core.main.TestSuiteExecutor.accessTestSuiteMainPhase(TestSuiteExecutor.java:150)
	at com.kms.katalon.core.main.TestSuiteExecutor.execute(TestSuiteExecutor.java:106)
	at com.kms.katalon.core.main.TestCaseMain.startTestSuite(TestCaseMain.java:180)
	at TempTestSuite1723456697144.run(TempTestSuite1723456697144.groovy:35)
	at java.base/jdk.internal.reflect.NativeMethodAccessorImpl.invoke0(Native Method)
	at java.base/jdk.internal.reflect.NativeMethodAccessorImpl.invoke(NativeMethodAccessorImpl.java:77)
	at java.base/jdk.internal.reflect.DelegatingMethodAccessorImpl.invoke(DelegatingMethodAccessorImpl.java:43)
Caused by: com.kms.katalon.core.exception.StepFailedException: Call Test Case 'Test Cases/test_case_to_verify_data' failed
	at com.kms.katalon.core.keyword.builtin.CallTestCaseKeyword$_callTestCase_closure1.doCall(CallTestCaseKeyword.groovy:63)
	at com.kms.katalon.core.keyword.builtin.CallTestCaseKeyword$_callTestCase_closure1.call(CallTestCaseKeyword.groovy)
	at com.kms.katalon.core.keyword.internal.KeywordMain.runKeyword(KeywordMain.groovy:75)
	at com.kms.katalon.core.keyword.builtin.CallTestCaseKeyword.callTestCase(CallTestCaseKeyword.groovy:81)
	at com.kms.katalon.core.keyword.builtin.CallTestCaseKeyword.execute(CallTestCaseKeyword.groovy:44)
	at com.kms.katalon.core.keyword.internal.KeywordExecutor.executeKeywordForPlatform(KeywordExecutor.groovy:74)
	at com.kms.katalon.core.keyword.BuiltinKeywords.callTestCase(BuiltinKeywords.groovy:310)
	at jdk.internal.reflect.GeneratedMethodAccessor24.invoke(Unknown Source)
	at java.base/jdk.internal.reflect.DelegatingMethodAccessorImpl.invoke(DelegatingMethodAccessorImpl.java:43)
	at test_case_for_excel_automation_and_verifiying_data_in_excel.run(test_case_for_excel_automation_and_verifiying_data_in_excel:76)
	at com.kms.katalon.core.main.ScriptEngine.run(ScriptEngine.java:194)
	at com.kms.katalon.core.main.ScriptEngine.runScriptAsRawText(ScriptEngine.java:119)
	at com.kms.katalon.core.main.TestCaseExecutor.runScript(TestCaseExecutor.java:448)
	at com.kms.katalon.core.main.TestCaseExecutor.doExecute(TestCaseExecutor.java:439)
	at com.kms.katalon.core.main.TestCaseExecutor.processExecutionPhase(TestCaseExecutor.java:418)
	at com.kms.katalon.core.main.TestCaseExecutor.accessMainPhase(TestCaseExecutor.java:410)
	at com.kms.katalon.core.main.TestCaseExecutor.execute(TestCaseExecutor.java:285)
	at com.kms.katalon.core.main.TestCaseMain.runTestCase(TestCaseMain.java:137)
	at com.kms.katalon.core.keyword.builtin.CallTestCaseKeyword$_callTestCase_closure1.doCall(CallTestCaseKeyword.groovy:59)
	... 24 more
Caused by: com.kms.katalon.core.exception.StepFailedException: Unable to click on object 'Object Repository/to_verify_data/myinfo_option_from_side_bar'
	at com.kms.katalon.core.webui.keyword.internal.WebUIKeywordMain.stepFailed(WebUIKeywordMain.groovy:64)
	at com.kms.katalon.core.webui.keyword.internal.WebUIKeywordMain.runKeyword(WebUIKeywordMain.groovy:26)
	at com.kms.katalon.core.webui.keyword.builtin.ClickKeyword.click(ClickKeyword.groovy:74)
	at com.kms.katalon.core.webui.keyword.builtin.ClickKeyword.execute(ClickKeyword.groovy:40)
	at com.kms.katalon.core.keyword.internal.KeywordExecutor.executeKeywordForPlatform(KeywordExecutor.groovy:74)
	at com.kms.katalon.core.webui.keyword.WebUiBuiltInKeywords.click(WebUiBuiltInKeywords.groovy:659)
	at test_case_to_verify_data.run(test_case_to_verify_data:25)
	at com.kms.katalon.core.main.ScriptEngine.run(ScriptEngine.java:194)
	at com.kms.katalon.core.main.ScriptEngine.runScriptAsRawText(ScriptEngine.java:119)
	at com.kms.katalon.core.main.TestCaseExecutor.runScript(TestCaseExecutor.java:448)
	at com.kms.katalon.core.main.TestCaseExecutor.doExecute(TestCaseExecutor.java:439)
	at com.kms.katalon.core.main.TestCaseExecutor.processExecutionPhase(TestCaseExecutor.java:418)
	at com.kms.katalon.core.main.TestCaseExecutor.accessMainPhase(TestCaseExecutor.java:410)
	at com.kms.katalon.core.main.TestCaseExecutor.execute(TestCaseExecutor.java:285)
	at com.kms.katalon.core.main.TestCaseMain.runTestCase(TestCaseMain.java:137)
	at com.kms.katalon.core.keyword.builtin.CallTestCaseKeyword$_callTestCase_closure1.doCall(CallTestCaseKeyword.groovy:59)
	... 42 more
Caused by: com.kms.katalon.core.webui.exception.WebElementNotFoundException: Web element with id: 'Object Repository/to_verify_data/myinfo_option_from_side_bar' located by '//span[@class='oxd-text oxd-text--span oxd-main-menu-item--name' and text()='My Info']' not found
	at com.kms.katalon.core.webui.common.WebUiCommonHelper.findWebElement(WebUiCommonHelper.java:1426)
	at com.kms.katalon.core.webui.keyword.internal.WebUIAbstractKeyword.findWebElement(WebUIAbstractKeyword.groovy:27)
	at com.kms.katalon.core.webui.keyword.builtin.ClickKeyword$_click_closure1.doCall(ClickKeyword.groovy:65)
	at com.kms.katalon.core.webui.keyword.builtin.ClickKeyword$_click_closure1.call(ClickKeyword.groovy)
	at com.kms.katalon.core.webui.keyword.internal.WebUIKeywordMain.runKeyword(WebUIKeywordMain.groovy:20)
	... 56 more


12-08-2024T15:28:25 - [TEST_STEP][PASSED] - callTestCase(findTestCase("LOGIN_TEST_CASE_FOR_ORANGE_HRM"), [:], STOP_ON_FAILURE): Call Test Case 'Test Cases/LOGIN_TEST_CASE_FOR_ORANGE_HRM' successfully

12-08-2024T15:28:25 - [TEST_CASE][PASSED] - Test Cases/LOGIN_TEST_CASE_FOR_ORANGE_HRM: Test Cases/LOGIN_TEST_CASE_FOR_ORANGE_HRM

12-08-2024T15:28:25 - [TEST_STEP][PASSED] - openBrowser(""): Browser is opened with url: ''

12-08-2024T15:28:25 - [MESSAGE][INFO] - Starting 'Chrome' driver

12-08-2024T15:28:25 - [MESSAGE][INFO] - Action delay is set to 0 milliseconds

12-08-2024T15:28:35 - [MESSAGE][PASSED] - Browser is opened with url: ''

12-08-2024T15:28:35 - [TEST_STEP][PASSED] - maximizeWindow(): Current window maximized

12-08-2024T15:28:35 - [MESSAGE][PASSED] - Current window maximized

12-08-2024T15:28:35 - [TEST_STEP][PASSED] - navigateToUrl("https://opensource-demo.orangehrmlive.com/web/index.php/auth/login"): Navigate to 'https://opensource-demo.orangehrmlive.com/web/index.php/auth/login' successfully

12-08-2024T15:28:42 - [MESSAGE][PASSED] - Navigate to 'https://opensource-demo.orangehrmlive.com/web/index.php/auth/login' successfully

12-08-2024T15:28:42 - [TEST_STEP][PASSED] - verifyElementPresent(findTestObject("Object Repository/LOGIN_TEST_CASE_FOR_ORANGE_HRM/username_text_box_login_page"), 10): Object 'Object Repository/LOGIN_TEST_CASE_FOR_ORANGE_HRM/username_text_box_login_page' is present

12-08-2024T15:28:45 - [MESSAGE][PASSED] - Object 'Object Repository/LOGIN_TEST_CASE_FOR_ORANGE_HRM/username_text_box_login_page' is present

12-08-2024T15:28:45 - [TEST_STEP][PASSED] - click(findTestObject("Object Repository/LOGIN_TEST_CASE_FOR_ORANGE_HRM/username_text_box_login_page")): Object: 'Object Repository/LOGIN_TEST_CASE_FOR_ORANGE_HRM/username_text_box_login_page' is clicked on

12-08-2024T15:28:46 - [MESSAGE][PASSED] - Object: 'Object Repository/LOGIN_TEST_CASE_FOR_ORANGE_HRM/username_text_box_login_page' is clicked on

12-08-2024T15:28:46 - [TEST_STEP][PASSED] - setText(findTestObject("Object Repository/LOGIN_TEST_CASE_FOR_ORANGE_HRM/username_text_box_login_page"), "Admin"): Text 'Admin' is set on object 'Object Repository/LOGIN_TEST_CASE_FOR_ORANGE_HRM/username_text_box_login_page'

12-08-2024T15:28:47 - [MESSAGE][PASSED] - Text 'Admin' is set on object 'Object Repository/LOGIN_TEST_CASE_FOR_ORANGE_HRM/username_text_box_login_page'

12-08-2024T15:28:47 - [TEST_STEP][PASSED] - verifyElementPresent(findTestObject("Object Repository/LOGIN_TEST_CASE_FOR_ORANGE_HRM/password_text_box_for_login_page"), 10): Object 'Object Repository/LOGIN_TEST_CASE_FOR_ORANGE_HRM/password_text_box_for_login_page' is present

12-08-2024T15:28:47 - [MESSAGE][PASSED] - Object 'Object Repository/LOGIN_TEST_CASE_FOR_ORANGE_HRM/password_text_box_for_login_page' is present

12-08-2024T15:28:47 - [TEST_STEP][PASSED] - click(findTestObject("Object Repository/LOGIN_TEST_CASE_FOR_ORANGE_HRM/password_text_box_for_login_page")): Object: 'Object Repository/LOGIN_TEST_CASE_FOR_ORANGE_HRM/password_text_box_for_login_page' is clicked on

12-08-2024T15:28:48 - [MESSAGE][PASSED] - Object: 'Object Repository/LOGIN_TEST_CASE_FOR_ORANGE_HRM/password_text_box_for_login_page' is clicked on

12-08-2024T15:28:48 - [TEST_STEP][PASSED] - setText(findTestObject("Object Repository/LOGIN_TEST_CASE_FOR_ORANGE_HRM/password_text_box_for_login_page"), "admin123"): Text 'admin123' is set on object 'Object Repository/LOGIN_TEST_CASE_FOR_ORANGE_HRM/password_text_box_for_login_page'

12-08-2024T15:28:48 - [MESSAGE][PASSED] - Text 'admin123' is set on object 'Object Repository/LOGIN_TEST_CASE_FOR_ORANGE_HRM/password_text_box_for_login_page'

12-08-2024T15:28:48 - [TEST_STEP][PASSED] - verifyElementPresent(findTestObject("Object Repository/LOGIN_TEST_CASE_FOR_ORANGE_HRM/login_button_for_login_page"), 0): Object 'Object Repository/LOGIN_TEST_CASE_FOR_ORANGE_HRM/login_button_for_login_page' is present

12-08-2024T15:28:48 - [MESSAGE][WARNING] - Timeout '0' is invalid. Using default page load timeout: '30'

12-08-2024T15:28:49 - [MESSAGE][PASSED] - Object 'Object Repository/LOGIN_TEST_CASE_FOR_ORANGE_HRM/login_button_for_login_page' is present

12-08-2024T15:28:49 - [TEST_STEP][PASSED] - click(findTestObject("Object Repository/LOGIN_TEST_CASE_FOR_ORANGE_HRM/login_button_for_login_page")): Object: 'Object Repository/LOGIN_TEST_CASE_FOR_ORANGE_HRM/login_button_for_login_page' is clicked on

12-08-2024T15:28:51 - [MESSAGE][PASSED] - Object: 'Object Repository/LOGIN_TEST_CASE_FOR_ORANGE_HRM/login_button_for_login_page' is clicked on

12-08-2024T15:28:51 - [MESSAGE][PASSED] - Call Test Case 'Test Cases/LOGIN_TEST_CASE_FOR_ORANGE_HRM' successfully

12-08-2024T15:28:51 - [TEST_STEP][PASSED] - excelFilePath = "C:\Users\DELL\OneDrive\Desktop\mail\add_employee_data.xlsx": null

12-08-2024T15:28:51 - [TEST_STEP][PASSED] - sheetName = "Sheet1": null

12-08-2024T15:28:51 - [TEST_STEP][PASSED] - file = new java.io.File(excelFilePath): null

12-08-2024T15:28:51 - [TEST_STEP][PASSED] - workbook = <not implemented yet for class: org.codehaus.groovy.ast.expr.EmptyExpression>: null

12-08-2024T15:28:51 - [TEST_STEP][PASSED] - sheet = <not implemented yet for class: org.codehaus.groovy.ast.expr.EmptyExpression>: null

12-08-2024T15:28:51 - [TEST_STEP][PASSED] - if (!(file.exists())): null

12-08-2024T15:28:51 - [TEST_STEP][PASSED] - fis = new java.io.FileInputStream(file): null

12-08-2024T15:28:51 - [TEST_STEP][PASSED] - workbook = new org.apache.poi.xssf.usermodel.XSSFWorkbook(fis): null

12-08-2024T15:28:51 - [TEST_STEP][PASSED] - sheet = workbook.getSheet(sheetName): null

12-08-2024T15:28:51 - [TEST_STEP][PASSED] - if (sheet == null): null

12-08-2024T15:28:51 - [TEST_STEP][PASSED] - if (sheet.getPhysicalNumberOfRows() == 0): null

12-08-2024T15:28:51 - [TEST_STEP][PASSED] - headerRow = sheet.createRow(0): null

12-08-2024T15:28:51 - [TEST_STEP][PASSED] - createCell(0).setCellValue("First_name"): null

12-08-2024T15:28:51 - [TEST_STEP][PASSED] - createCell(1).setCellValue("Middle_name"): null

12-08-2024T15:28:51 - [TEST_STEP][PASSED] - createCell(2).setCellValue("Last_name"): null

12-08-2024T15:28:51 - [TEST_STEP][PASSED] - createCell(3).setCellValue("Username"): null

12-08-2024T15:28:51 - [TEST_STEP][PASSED] - createCell(4).setCellValue("Password"): null

12-08-2024T15:28:51 - [TEST_STEP][PASSED] - createCell(5).setCellValue("Employee_id"): null

12-08-2024T15:28:51 - [TEST_STEP][PASSED] - loopCount = Integer.parseInt(RandomStringUtils.randomNumeric(2)) % 11 + 15: null

12-08-2024T15:28:51 - [TEST_STEP][PASSED] - for ([i = 1, i <= loopCount, (i++)]): null

12-08-2024T15:28:51 - [TEST_STEP][PASSED] - callTestCase(findTestCase("ADDING_A_NEW_EMPLOYEE"), [:], STOP_ON_FAILURE): Call Test Case 'Test Cases/ADDING_A_NEW_EMPLOYEE' successfully

12-08-2024T15:28:51 - [TEST_CASE][PASSED] - Test Cases/ADDING_A_NEW_EMPLOYEE: Test Cases/ADDING_A_NEW_EMPLOYEE

12-08-2024T15:28:52 - [TEST_STEP][PASSED] - verifyElementPresent(findTestObject("ADDING_A_NEW_EMPLOYEE/pim_option_from_side_bar"), 10): Object 'Object Repository/ADDING_A_NEW_EMPLOYEE/pim_option_from_side_bar' is present

12-08-2024T15:28:53 - [MESSAGE][PASSED] - Object 'Object Repository/ADDING_A_NEW_EMPLOYEE/pim_option_from_side_bar' is present

12-08-2024T15:28:53 - [TEST_STEP][PASSED] - click(findTestObject("ADDING_A_NEW_EMPLOYEE/pim_option_from_side_bar")): Object: 'Object Repository/ADDING_A_NEW_EMPLOYEE/pim_option_from_side_bar' is clicked on

12-08-2024T15:28:54 - [MESSAGE][PASSED] - Object: 'Object Repository/ADDING_A_NEW_EMPLOYEE/pim_option_from_side_bar' is clicked on

12-08-2024T15:28:54 - [TEST_STEP][PASSED] - waitForElementPresent(findTestObject("ADDING_A_NEW_EMPLOYEE/adding_new_employee_button_in_pim_page"), 10): Object 'Object Repository/ADDING_A_NEW_EMPLOYEE/adding_new_employee_button_in_pim_page' is present

12-08-2024T15:28:56 - [MESSAGE][PASSED] - Object 'Object Repository/ADDING_A_NEW_EMPLOYEE/adding_new_employee_button_in_pim_page' is present

12-08-2024T15:28:56 - [TEST_STEP][PASSED] - click(findTestObject("ADDING_A_NEW_EMPLOYEE/adding_new_employee_button_in_pim_page")): Object: 'Object Repository/ADDING_A_NEW_EMPLOYEE/adding_new_employee_button_in_pim_page' is clicked on

12-08-2024T15:28:57 - [MESSAGE][PASSED] - Object: 'Object Repository/ADDING_A_NEW_EMPLOYEE/adding_new_employee_button_in_pim_page' is clicked on

12-08-2024T15:28:57 - [TEST_STEP][PASSED] - verifyElementPresent(findTestObject("ADDING_A_NEW_EMPLOYEE/create_login_details_checkbox"), 10): Object 'Object Repository/ADDING_A_NEW_EMPLOYEE/create_login_details_checkbox' is present

12-08-2024T15:28:59 - [MESSAGE][PASSED] - Object 'Object Repository/ADDING_A_NEW_EMPLOYEE/create_login_details_checkbox' is present

12-08-2024T15:28:59 - [TEST_STEP][PASSED] - click(findTestObject("ADDING_A_NEW_EMPLOYEE/create_login_details_checkbox")): Object: 'Object Repository/ADDING_A_NEW_EMPLOYEE/create_login_details_checkbox' is clicked on

12-08-2024T15:28:59 - [MESSAGE][PASSED] - Object: 'Object Repository/ADDING_A_NEW_EMPLOYEE/create_login_details_checkbox' is clicked on

12-08-2024T15:28:59 - [TEST_STEP][PASSED] - verifyElementPresent(findTestObject("Object Repository/ADDING_A_NEW_EMPLOYEE/Add_employee_enabled_radio_button"), 10): Object 'Object Repository/ADDING_A_NEW_EMPLOYEE/Add_employee_enabled_radio_button' is present

12-08-2024T15:29:00 - [MESSAGE][PASSED] - Object 'Object Repository/ADDING_A_NEW_EMPLOYEE/Add_employee_enabled_radio_button' is present

12-08-2024T15:29:00 - [TEST_STEP][PASSED] - click(findTestObject("Object Repository/ADDING_A_NEW_EMPLOYEE/Add_employee_enabled_radio_button")): Object: 'Object Repository/ADDING_A_NEW_EMPLOYEE/Add_employee_enabled_radio_button' is clicked on

12-08-2024T15:29:00 - [MESSAGE][PASSED] - Object: 'Object Repository/ADDING_A_NEW_EMPLOYEE/Add_employee_enabled_radio_button' is clicked on

12-08-2024T15:29:00 - [TEST_STEP][PASSED] - verifyElementPresent(findTestObject("Object Repository/ADDING_A_NEW_EMPLOYEE/Add_Employee_first_name"), 10): Object 'Object Repository/ADDING_A_NEW_EMPLOYEE/Add_Employee_first_name' is present

12-08-2024T15:29:00 - [MESSAGE][PASSED] - Object 'Object Repository/ADDING_A_NEW_EMPLOYEE/Add_Employee_first_name' is present

12-08-2024T15:29:00 - [TEST_STEP][PASSED] - click(findTestObject("Object Repository/ADDING_A_NEW_EMPLOYEE/Add_Employee_first_name")): Object: 'Object Repository/ADDING_A_NEW_EMPLOYEE/Add_Employee_first_name' is clicked on

12-08-2024T15:29:00 - [MESSAGE][PASSED] - Object: 'Object Repository/ADDING_A_NEW_EMPLOYEE/Add_Employee_first_name' is clicked on

12-08-2024T15:29:00 - [TEST_STEP][PASSED] - setText(findTestObject("Object Repository/ADDING_A_NEW_EMPLOYEE/Add_Employee_first_name"), "First_name_" + RandomStringUtils.randomAlphabetic(7)): Text 'First_name_khZOhLg' is set on object 'Object Repository/ADDING_A_NEW_EMPLOYEE/Add_Employee_first_name'

12-08-2024T15:29:01 - [MESSAGE][PASSED] - Text 'First_name_khZOhLg' is set on object 'Object Repository/ADDING_A_NEW_EMPLOYEE/Add_Employee_first_name'

12-08-2024T15:29:01 - [TEST_STEP][PASSED] - verifyElementPresent(findTestObject("Object Repository/ADDING_A_NEW_EMPLOYEE/Add_employee_middle_name"), 10): Object 'Object Repository/ADDING_A_NEW_EMPLOYEE/Add_employee_middle_name' is present

12-08-2024T15:29:01 - [MESSAGE][PASSED] - Object 'Object Repository/ADDING_A_NEW_EMPLOYEE/Add_employee_middle_name' is present

12-08-2024T15:29:01 - [TEST_STEP][PASSED] - click(findTestObject("Object Repository/ADDING_A_NEW_EMPLOYEE/Add_employee_middle_name")): Object: 'Object Repository/ADDING_A_NEW_EMPLOYEE/Add_employee_middle_name' is clicked on

12-08-2024T15:29:02 - [MESSAGE][PASSED] - Object: 'Object Repository/ADDING_A_NEW_EMPLOYEE/Add_employee_middle_name' is clicked on

12-08-2024T15:29:02 - [TEST_STEP][PASSED] - setText(findTestObject("Object Repository/ADDING_A_NEW_EMPLOYEE/Add_employee_middle_name"), "Middle_name_" + RandomStringUtils.randomAlphabetic(7)): Text 'Middle_name_YmcGmuG' is set on object 'Object Repository/ADDING_A_NEW_EMPLOYEE/Add_employee_middle_name'

12-08-2024T15:29:02 - [MESSAGE][PASSED] - Text 'Middle_name_YmcGmuG' is set on object 'Object Repository/ADDING_A_NEW_EMPLOYEE/Add_employee_middle_name'

12-08-2024T15:29:02 - [TEST_STEP][PASSED] - verifyElementPresent(findTestObject("Object Repository/ADDING_A_NEW_EMPLOYEE/Add_employee_last_name"), 10): Object 'Object Repository/ADDING_A_NEW_EMPLOYEE/Add_employee_last_name' is present

12-08-2024T15:29:02 - [MESSAGE][PASSED] - Object 'Object Repository/ADDING_A_NEW_EMPLOYEE/Add_employee_last_name' is present

12-08-2024T15:29:02 - [TEST_STEP][PASSED] - click(findTestObject("Object Repository/ADDING_A_NEW_EMPLOYEE/Add_employee_last_name")): Object: 'Object Repository/ADDING_A_NEW_EMPLOYEE/Add_employee_last_name' is clicked on

12-08-2024T15:29:03 - [MESSAGE][PASSED] - Object: 'Object Repository/ADDING_A_NEW_EMPLOYEE/Add_employee_last_name' is clicked on

12-08-2024T15:29:03 - [TEST_STEP][PASSED] - setText(findTestObject("Object Repository/ADDING_A_NEW_EMPLOYEE/Add_employee_last_name"), "Last_name_" + RandomStringUtils.randomAlphabetic(7)): Text 'Last_name_mVLWpPM' is set on object 'Object Repository/ADDING_A_NEW_EMPLOYEE/Add_employee_last_name'

12-08-2024T15:29:03 - [MESSAGE][PASSED] - Text 'Last_name_mVLWpPM' is set on object 'Object Repository/ADDING_A_NEW_EMPLOYEE/Add_employee_last_name'

12-08-2024T15:29:03 - [TEST_STEP][PASSED] - randomString_001 = RandomStringUtils.randomNumeric(6): null

12-08-2024T15:29:03 - [TEST_STEP][PASSED] - newValue_001 = "333" + randomString_001: null

12-08-2024T15:29:03 - [TEST_STEP][PASSED] - xpath_for_employee_id = "//label[text()='Employee Id']/ancestor::div[@class='oxd-input-group__label-wrapper']/following-sibling::div//input[@class='oxd-input oxd-input--active']": null

12-08-2024T15:29:03 - [TEST_STEP][PASSED] - inputField_001 = TestObject().addProperty("xpath", EQUALS, xpath_for_employee_id): null

12-08-2024T15:29:03 - [TEST_STEP][PASSED] - executeJavaScript(
    var element = document.evaluate("$xpath_for_employee_id", document, null, XPathResult.FIRST_ORDERED_NODE_TYPE, null).singleNodeValue;
    if (element) {
        element.value = '$newValue_001';
        var event = new Event('input', { bubbles: true });
        element.dispatchEvent(event);
    }
    , null): Execute JavaScript '
    var element = document.evaluate("//label[text()='Employee Id']/ancestor::div[@class='oxd-input-group__label-wrapper']/following-sibling::div//input[@class='oxd-input oxd-input--active']", document, null, XPathResult.FIRST_ORDERED_NODE_TYPE, null).singleNodeValue;
    if (element) {
        element.value = '333008542';
        var event = new Event('input', { bubbles: true });
        element.dispatchEvent(event);
    }
    ' successfully

12-08-2024T15:29:04 - [MESSAGE][PASSED] - Execute JavaScript '
    var element = document.evaluate("//label[text()='Employee Id']/ancestor::div[@class='oxd-input-group__label-wrapper']/following-sibling::div//input[@class='oxd-input oxd-input--active']", document, null, XPathResult.FIRST_ORDERED_NODE_TYPE, null).singleNodeValue;
    if (element) {
        element.value = '333008542';
        var event = new Event('input', { bubbles: true });
        element.dispatchEvent(event);
    }
    ' successfully

12-08-2024T15:29:04 - [TEST_STEP][PASSED] - delay(3): Delayed 3 second(s)

12-08-2024T15:29:07 - [MESSAGE][PASSED] - Delayed 3 second(s)

12-08-2024T15:29:07 - [TEST_STEP][PASSED] - randomString_for_password = RandomStringUtils.randomNumeric(6): null

12-08-2024T15:29:07 - [TEST_STEP][PASSED] - new_Value_for_password = "Fiboo" + randomString_for_password + "@@": null

12-08-2024T15:29:07 - [TEST_STEP][PASSED] - xpath_for_password = "//label[text()='Username']/ancestor::div[@class='oxd-input-group__label-wrapper']/following-sibling::div//input[@class='oxd-input oxd-input--active']": null

12-08-2024T15:29:07 - [TEST_STEP][PASSED] - inputField_for_password = TestObject().addProperty("xpath", EQUALS, xpath_for_password): null

12-08-2024T15:29:07 - [TEST_STEP][PASSED] - executeJavaScript(
    var element = document.evaluate("$xpath_for_password", document, null, XPathResult.FIRST_ORDERED_NODE_TYPE, null).singleNodeValue;
    if (element) {
        element.value = '$new_Value_for_password';
        var event = new Event('input', { bubbles: true });
        element.dispatchEvent(event);
    }
    , null): Execute JavaScript '
    var element = document.evaluate("//label[text()='Username']/ancestor::div[@class='oxd-input-group__label-wrapper']/following-sibling::div//input[@class='oxd-input oxd-input--active']", document, null, XPathResult.FIRST_ORDERED_NODE_TYPE, null).singleNodeValue;
    if (element) {
        element.value = 'Fiboo437239@@';
        var event = new Event('input', { bubbles: true });
        element.dispatchEvent(event);
    }
    ' successfully

12-08-2024T15:29:07 - [MESSAGE][PASSED] - Execute JavaScript '
    var element = document.evaluate("//label[text()='Username']/ancestor::div[@class='oxd-input-group__label-wrapper']/following-sibling::div//input[@class='oxd-input oxd-input--active']", document, null, XPathResult.FIRST_ORDERED_NODE_TYPE, null).singleNodeValue;
    if (element) {
        element.value = 'Fiboo437239@@';
        var event = new Event('input', { bubbles: true });
        element.dispatchEvent(event);
    }
    ' successfully

12-08-2024T15:29:07 - [TEST_STEP][PASSED] - delay(1): Delayed 1 second(s)

12-08-2024T15:29:08 - [MESSAGE][PASSED] - Delayed 1 second(s)

12-08-2024T15:29:08 - [TEST_STEP][PASSED] - Password = getAttribute(findTestObject("Object Repository/ADDING_A_NEW_EMPLOYEE/Add_employee_username"), "value"): Attribute 'value' of object 'Object Repository/ADDING_A_NEW_EMPLOYEE/Add_employee_username' is: 'Fiboo437239@@'

12-08-2024T15:29:08 - [MESSAGE][PASSED] - Attribute 'value' of object 'Object Repository/ADDING_A_NEW_EMPLOYEE/Add_employee_username' is: 'Fiboo437239@@'

12-08-2024T15:29:08 - [TEST_STEP][PASSED] - out.println(Password): null

12-08-2024T15:29:08 - [TEST_STEP][PASSED] - new_Value_for_password_001 = Password: null

12-08-2024T15:29:08 - [TEST_STEP][PASSED] - xpath_for_password_001 = "//label[text()='Password']/ancestor::div[@class='oxd-input-group__label-wrapper']/following-sibling::div//input[@class='oxd-input oxd-input--active']": null

12-08-2024T15:29:08 - [TEST_STEP][PASSED] - inputField_for_password_001 = TestObject().addProperty("xpath", EQUALS, xpath_for_password_001): null

12-08-2024T15:29:08 - [TEST_STEP][PASSED] - executeJavaScript(
    var element = document.evaluate("$xpath_for_password_001", document, null, XPathResult.FIRST_ORDERED_NODE_TYPE, null).singleNodeValue;
    if (element) {
        element.value = '$new_Value_for_password_001';
        var event = new Event('input', { bubbles: true });
        element.dispatchEvent(event);
    }
    , null): Execute JavaScript '
    var element = document.evaluate("//label[text()='Password']/ancestor::div[@class='oxd-input-group__label-wrapper']/following-sibling::div//input[@class='oxd-input oxd-input--active']", document, null, XPathResult.FIRST_ORDERED_NODE_TYPE, null).singleNodeValue;
    if (element) {
        element.value = 'Fiboo437239@@';
        var event = new Event('input', { bubbles: true });
        element.dispatchEvent(event);
    }
    ' successfully

12-08-2024T15:29:08 - [MESSAGE][PASSED] - Execute JavaScript '
    var element = document.evaluate("//label[text()='Password']/ancestor::div[@class='oxd-input-group__label-wrapper']/following-sibling::div//input[@class='oxd-input oxd-input--active']", document, null, XPathResult.FIRST_ORDERED_NODE_TYPE, null).singleNodeValue;
    if (element) {
        element.value = 'Fiboo437239@@';
        var event = new Event('input', { bubbles: true });
        element.dispatchEvent(event);
    }
    ' successfully

12-08-2024T15:29:08 - [TEST_STEP][PASSED] - delay(1): Delayed 1 second(s)

12-08-2024T15:29:09 - [MESSAGE][PASSED] - Delayed 1 second(s)

12-08-2024T15:29:09 - [TEST_STEP][PASSED] - new_Value_for_password_002 = Password: null

12-08-2024T15:29:09 - [TEST_STEP][PASSED] - xpath_for_password_002 = "//label[text()='Confirm Password']/ancestor::div[@class='oxd-input-group__label-wrapper']/following-sibling::div//input[@class='oxd-input oxd-input--active']": null

12-08-2024T15:29:09 - [TEST_STEP][PASSED] - inputField_for_password_002 = TestObject().addProperty("xpath", EQUALS, xpath_for_password_002): null

12-08-2024T15:29:09 - [TEST_STEP][PASSED] - executeJavaScript(
    var element = document.evaluate("$xpath_for_password_002", document, null, XPathResult.FIRST_ORDERED_NODE_TYPE, null).singleNodeValue;
    if (element) {
        element.value = '$new_Value_for_password_002';
        var event = new Event('input', { bubbles: true });
        element.dispatchEvent(event);
    }
    , null): Execute JavaScript '
    var element = document.evaluate("//label[text()='Confirm Password']/ancestor::div[@class='oxd-input-group__label-wrapper']/following-sibling::div//input[@class='oxd-input oxd-input--active']", document, null, XPathResult.FIRST_ORDERED_NODE_TYPE, null).singleNodeValue;
    if (element) {
        element.value = 'Fiboo437239@@';
        var event = new Event('input', { bubbles: true });
        element.dispatchEvent(event);
    }
    ' successfully

12-08-2024T15:29:09 - [MESSAGE][PASSED] - Execute JavaScript '
    var element = document.evaluate("//label[text()='Confirm Password']/ancestor::div[@class='oxd-input-group__label-wrapper']/following-sibling::div//input[@class='oxd-input oxd-input--active']", document, null, XPathResult.FIRST_ORDERED_NODE_TYPE, null).singleNodeValue;
    if (element) {
        element.value = 'Fiboo437239@@';
        var event = new Event('input', { bubbles: true });
        element.dispatchEvent(event);
    }
    ' successfully

12-08-2024T15:29:09 - [TEST_STEP][PASSED] - delay(1): Delayed 1 second(s)

12-08-2024T15:29:10 - [MESSAGE][PASSED] - Delayed 1 second(s)

12-08-2024T15:29:10 - [TEST_STEP][PASSED] - randomString = RandomStringUtils.randomAlphabetic(7): null

12-08-2024T15:29:10 - [TEST_STEP][PASSED] - newValue = "User_name_" + randomString: null

12-08-2024T15:29:10 - [TEST_STEP][PASSED] - xpath_for_user_name = "//label[text()='Username']/ancestor::div[@class='oxd-input-group__label-wrapper']/following-sibling::div//input[@class='oxd-input oxd-input--active']": null

12-08-2024T15:29:10 - [TEST_STEP][PASSED] - inputField = TestObject().addProperty("xpath", EQUALS, xpath_for_user_name): null

12-08-2024T15:29:10 - [TEST_STEP][PASSED] - executeJavaScript(
    var element = document.evaluate("$xpath_for_user_name", document, null, XPathResult.FIRST_ORDERED_NODE_TYPE, null).singleNodeValue;
    if (element) {
        element.value = '$newValue';
        var event = new Event('input', { bubbles: true });
        element.dispatchEvent(event);
    }
    , null): Execute JavaScript '
    var element = document.evaluate("//label[text()='Username']/ancestor::div[@class='oxd-input-group__label-wrapper']/following-sibling::div//input[@class='oxd-input oxd-input--active']", document, null, XPathResult.FIRST_ORDERED_NODE_TYPE, null).singleNodeValue;
    if (element) {
        element.value = 'User_name_djsfinV';
        var event = new Event('input', { bubbles: true });
        element.dispatchEvent(event);
    }
    ' successfully

12-08-2024T15:29:10 - [MESSAGE][PASSED] - Execute JavaScript '
    var element = document.evaluate("//label[text()='Username']/ancestor::div[@class='oxd-input-group__label-wrapper']/following-sibling::div//input[@class='oxd-input oxd-input--active']", document, null, XPathResult.FIRST_ORDERED_NODE_TYPE, null).singleNodeValue;
    if (element) {
        element.value = 'User_name_djsfinV';
        var event = new Event('input', { bubbles: true });
        element.dispatchEvent(event);
    }
    ' successfully

12-08-2024T15:29:10 - [TEST_STEP][PASSED] - delay(1): Delayed 1 second(s)

12-08-2024T15:29:11 - [MESSAGE][PASSED] - Delayed 1 second(s)

12-08-2024T15:29:11 - [TEST_STEP][PASSED] - User_name = getAttribute(findTestObject("Object Repository/ADDING_A_NEW_EMPLOYEE/Add_employee_username"), "value"): Attribute 'value' of object 'Object Repository/ADDING_A_NEW_EMPLOYEE/Add_employee_username' is: 'User_name_djsfinV'

12-08-2024T15:29:12 - [MESSAGE][PASSED] - Attribute 'value' of object 'Object Repository/ADDING_A_NEW_EMPLOYEE/Add_employee_username' is: 'User_name_djsfinV'

12-08-2024T15:29:12 - [TEST_STEP][PASSED] - out.println(User_name): null

12-08-2024T15:29:12 - [TEST_STEP][PASSED] - out.println(Password): null

12-08-2024T15:29:12 - [TEST_STEP][PASSED] - First_name = getAttribute(findTestObject("Object Repository/ADDING_A_NEW_EMPLOYEE/Add_Employee_first_name"), "value"): Attribute 'value' of object 'Object Repository/ADDING_A_NEW_EMPLOYEE/Add_Employee_first_name' is: 'First_name_khZOhLg'

12-08-2024T15:29:12 - [MESSAGE][PASSED] - Attribute 'value' of object 'Object Repository/ADDING_A_NEW_EMPLOYEE/Add_Employee_first_name' is: 'First_name_khZOhLg'

12-08-2024T15:29:12 - [TEST_STEP][PASSED] - out.println(First_name): null

12-08-2024T15:29:12 - [TEST_STEP][PASSED] - Middle_name = getAttribute(findTestObject("Object Repository/ADDING_A_NEW_EMPLOYEE/Add_employee_middle_name"), "value"): Attribute 'value' of object 'Object Repository/ADDING_A_NEW_EMPLOYEE/Add_employee_middle_name' is: 'Middle_name_YmcGmuG'

12-08-2024T15:29:12 - [MESSAGE][PASSED] - Attribute 'value' of object 'Object Repository/ADDING_A_NEW_EMPLOYEE/Add_employee_middle_name' is: 'Middle_name_YmcGmuG'

12-08-2024T15:29:12 - [TEST_STEP][PASSED] - out.println(Middle_name): null

12-08-2024T15:29:12 - [TEST_STEP][PASSED] - Last_name = getAttribute(findTestObject("Object Repository/ADDING_A_NEW_EMPLOYEE/Add_employee_last_name"), "value"): Attribute 'value' of object 'Object Repository/ADDING_A_NEW_EMPLOYEE/Add_employee_last_name' is: 'Last_name_mVLWpPM'

12-08-2024T15:29:13 - [MESSAGE][PASSED] - Attribute 'value' of object 'Object Repository/ADDING_A_NEW_EMPLOYEE/Add_employee_last_name' is: 'Last_name_mVLWpPM'

12-08-2024T15:29:13 - [TEST_STEP][PASSED] - out.println(Last_name): null

12-08-2024T15:29:13 - [TEST_STEP][PASSED] - employee_id = getAttribute(findTestObject("Object Repository/ADDING_A_NEW_EMPLOYEE/Add_employee_id"), "value"): Attribute 'value' of object 'Object Repository/ADDING_A_NEW_EMPLOYEE/Add_employee_id' is: '333008542'

12-08-2024T15:29:13 - [MESSAGE][PASSED] - Attribute 'value' of object 'Object Repository/ADDING_A_NEW_EMPLOYEE/Add_employee_id' is: '333008542'

12-08-2024T15:29:13 - [TEST_STEP][PASSED] - out.println(employee_id): null

12-08-2024T15:29:13 - [TEST_STEP][PASSED] - delay(3): Delayed 3 second(s)

12-08-2024T15:29:16 - [MESSAGE][PASSED] - Delayed 3 second(s)

12-08-2024T15:29:16 - [TEST_STEP][PASSED] - click(findTestObject("Object Repository/ADDING_A_NEW_EMPLOYEE/Add_employee_save_button")): Object: 'Object Repository/ADDING_A_NEW_EMPLOYEE/Add_employee_save_button' is clicked on

12-08-2024T15:29:16 - [MESSAGE][PASSED] - Object: 'Object Repository/ADDING_A_NEW_EMPLOYEE/Add_employee_save_button' is clicked on

12-08-2024T15:29:16 - [TEST_STEP][PASSED] - delay(2): Delayed 2 second(s)

12-08-2024T15:29:18 - [MESSAGE][PASSED] - Delayed 2 second(s)

12-08-2024T15:29:18 - [MESSAGE][PASSED] - Call Test Case 'Test Cases/ADDING_A_NEW_EMPLOYEE' successfully

12-08-2024T15:29:18 - [TEST_STEP][PASSED] - rowIndex = sheet.getLastRowNum() + 1: null

12-08-2024T15:29:18 - [TEST_STEP][PASSED] - row = sheet.createRow(rowIndex): null

12-08-2024T15:29:18 - [TEST_STEP][PASSED] - createCell(0).setCellValue(First_name): null

12-08-2024T15:29:18 - [TEST_STEP][PASSED] - createCell(1).setCellValue(Middle_name): null

12-08-2024T15:29:18 - [TEST_STEP][PASSED] - createCell(2).setCellValue(Last_name): null

12-08-2024T15:29:18 - [TEST_STEP][PASSED] - createCell(3).setCellValue(User_name): null

12-08-2024T15:29:18 - [TEST_STEP][PASSED] - createCell(4).setCellValue(Password): null

12-08-2024T15:29:18 - [TEST_STEP][PASSED] - createCell(5).setCellValue(employee_id): null

12-08-2024T15:29:18 - [TEST_STEP][PASSED] - callTestCase(findTestCase("ADDING_A_NEW_EMPLOYEE"), [:], STOP_ON_FAILURE): Call Test Case 'Test Cases/ADDING_A_NEW_EMPLOYEE' successfully

12-08-2024T15:29:18 - [TEST_CASE][PASSED] - Test Cases/ADDING_A_NEW_EMPLOYEE: Test Cases/ADDING_A_NEW_EMPLOYEE

12-08-2024T15:29:18 - [TEST_STEP][PASSED] - verifyElementPresent(findTestObject("ADDING_A_NEW_EMPLOYEE/pim_option_from_side_bar"), 10): Object 'Object Repository/ADDING_A_NEW_EMPLOYEE/pim_option_from_side_bar' is present

12-08-2024T15:29:19 - [MESSAGE][PASSED] - Object 'Object Repository/ADDING_A_NEW_EMPLOYEE/pim_option_from_side_bar' is present

12-08-2024T15:29:19 - [TEST_STEP][PASSED] - click(findTestObject("ADDING_A_NEW_EMPLOYEE/pim_option_from_side_bar")): Object: 'Object Repository/ADDING_A_NEW_EMPLOYEE/pim_option_from_side_bar' is clicked on

12-08-2024T15:29:20 - [MESSAGE][PASSED] - Object: 'Object Repository/ADDING_A_NEW_EMPLOYEE/pim_option_from_side_bar' is clicked on

12-08-2024T15:29:20 - [TEST_STEP][PASSED] - waitForElementPresent(findTestObject("ADDING_A_NEW_EMPLOYEE/adding_new_employee_button_in_pim_page"), 10): Object 'Object Repository/ADDING_A_NEW_EMPLOYEE/adding_new_employee_button_in_pim_page' is present

12-08-2024T15:29:22 - [MESSAGE][PASSED] - Object 'Object Repository/ADDING_A_NEW_EMPLOYEE/adding_new_employee_button_in_pim_page' is present

12-08-2024T15:29:22 - [TEST_STEP][PASSED] - click(findTestObject("ADDING_A_NEW_EMPLOYEE/adding_new_employee_button_in_pim_page")): Object: 'Object Repository/ADDING_A_NEW_EMPLOYEE/adding_new_employee_button_in_pim_page' is clicked on

12-08-2024T15:29:23 - [MESSAGE][PASSED] - Object: 'Object Repository/ADDING_A_NEW_EMPLOYEE/adding_new_employee_button_in_pim_page' is clicked on

12-08-2024T15:29:23 - [TEST_STEP][PASSED] - verifyElementPresent(findTestObject("ADDING_A_NEW_EMPLOYEE/create_login_details_checkbox"), 10): Object 'Object Repository/ADDING_A_NEW_EMPLOYEE/create_login_details_checkbox' is present

12-08-2024T15:29:25 - [MESSAGE][PASSED] - Object 'Object Repository/ADDING_A_NEW_EMPLOYEE/create_login_details_checkbox' is present

12-08-2024T15:29:25 - [TEST_STEP][PASSED] - click(findTestObject("ADDING_A_NEW_EMPLOYEE/create_login_details_checkbox")): Object: 'Object Repository/ADDING_A_NEW_EMPLOYEE/create_login_details_checkbox' is clicked on

12-08-2024T15:29:25 - [MESSAGE][PASSED] - Object: 'Object Repository/ADDING_A_NEW_EMPLOYEE/create_login_details_checkbox' is clicked on

12-08-2024T15:29:25 - [TEST_STEP][PASSED] - verifyElementPresent(findTestObject("Object Repository/ADDING_A_NEW_EMPLOYEE/Add_employee_enabled_radio_button"), 10): Object 'Object Repository/ADDING_A_NEW_EMPLOYEE/Add_employee_enabled_radio_button' is present

12-08-2024T15:29:25 - [MESSAGE][PASSED] - Object 'Object Repository/ADDING_A_NEW_EMPLOYEE/Add_employee_enabled_radio_button' is present

12-08-2024T15:29:25 - [TEST_STEP][PASSED] - click(findTestObject("Object Repository/ADDING_A_NEW_EMPLOYEE/Add_employee_enabled_radio_button")): Object: 'Object Repository/ADDING_A_NEW_EMPLOYEE/Add_employee_enabled_radio_button' is clicked on

12-08-2024T15:29:26 - [MESSAGE][PASSED] - Object: 'Object Repository/ADDING_A_NEW_EMPLOYEE/Add_employee_enabled_radio_button' is clicked on

12-08-2024T15:29:26 - [TEST_STEP][PASSED] - verifyElementPresent(findTestObject("Object Repository/ADDING_A_NEW_EMPLOYEE/Add_Employee_first_name"), 10): Object 'Object Repository/ADDING_A_NEW_EMPLOYEE/Add_Employee_first_name' is present

12-08-2024T15:29:26 - [MESSAGE][PASSED] - Object 'Object Repository/ADDING_A_NEW_EMPLOYEE/Add_Employee_first_name' is present

12-08-2024T15:29:26 - [TEST_STEP][PASSED] - click(findTestObject("Object Repository/ADDING_A_NEW_EMPLOYEE/Add_Employee_first_name")): Object: 'Object Repository/ADDING_A_NEW_EMPLOYEE/Add_Employee_first_name' is clicked on

12-08-2024T15:29:26 - [MESSAGE][PASSED] - Object: 'Object Repository/ADDING_A_NEW_EMPLOYEE/Add_Employee_first_name' is clicked on

12-08-2024T15:29:26 - [TEST_STEP][PASSED] - setText(findTestObject("Object Repository/ADDING_A_NEW_EMPLOYEE/Add_Employee_first_name"), "First_name_" + RandomStringUtils.randomAlphabetic(7)): Text 'First_name_iKfpPPW' is set on object 'Object Repository/ADDING_A_NEW_EMPLOYEE/Add_Employee_first_name'

12-08-2024T15:29:27 - [MESSAGE][PASSED] - Text 'First_name_iKfpPPW' is set on object 'Object Repository/ADDING_A_NEW_EMPLOYEE/Add_Employee_first_name'

12-08-2024T15:29:27 - [TEST_STEP][PASSED] - verifyElementPresent(findTestObject("Object Repository/ADDING_A_NEW_EMPLOYEE/Add_employee_middle_name"), 10): Object 'Object Repository/ADDING_A_NEW_EMPLOYEE/Add_employee_middle_name' is present

12-08-2024T15:29:27 - [MESSAGE][PASSED] - Object 'Object Repository/ADDING_A_NEW_EMPLOYEE/Add_employee_middle_name' is present

12-08-2024T15:29:27 - [TEST_STEP][PASSED] - click(findTestObject("Object Repository/ADDING_A_NEW_EMPLOYEE/Add_employee_middle_name")): Object: 'Object Repository/ADDING_A_NEW_EMPLOYEE/Add_employee_middle_name' is clicked on

12-08-2024T15:29:27 - [MESSAGE][PASSED] - Object: 'Object Repository/ADDING_A_NEW_EMPLOYEE/Add_employee_middle_name' is clicked on

12-08-2024T15:29:27 - [TEST_STEP][PASSED] - setText(findTestObject("Object Repository/ADDING_A_NEW_EMPLOYEE/Add_employee_middle_name"), "Middle_name_" + RandomStringUtils.randomAlphabetic(7)): Text 'Middle_name_zvkmNEs' is set on object 'Object Repository/ADDING_A_NEW_EMPLOYEE/Add_employee_middle_name'

12-08-2024T15:29:28 - [MESSAGE][PASSED] - Text 'Middle_name_zvkmNEs' is set on object 'Object Repository/ADDING_A_NEW_EMPLOYEE/Add_employee_middle_name'

12-08-2024T15:29:28 - [TEST_STEP][PASSED] - verifyElementPresent(findTestObject("Object Repository/ADDING_A_NEW_EMPLOYEE/Add_employee_last_name"), 10): Object 'Object Repository/ADDING_A_NEW_EMPLOYEE/Add_employee_last_name' is present

12-08-2024T15:29:28 - [MESSAGE][PASSED] - Object 'Object Repository/ADDING_A_NEW_EMPLOYEE/Add_employee_last_name' is present

12-08-2024T15:29:28 - [TEST_STEP][PASSED] - click(findTestObject("Object Repository/ADDING_A_NEW_EMPLOYEE/Add_employee_last_name")): Object: 'Object Repository/ADDING_A_NEW_EMPLOYEE/Add_employee_last_name' is clicked on

12-08-2024T15:29:29 - [MESSAGE][PASSED] - Object: 'Object Repository/ADDING_A_NEW_EMPLOYEE/Add_employee_last_name' is clicked on

12-08-2024T15:29:29 - [TEST_STEP][PASSED] - setText(findTestObject("Object Repository/ADDING_A_NEW_EMPLOYEE/Add_employee_last_name"), "Last_name_" + RandomStringUtils.randomAlphabetic(7)): Text 'Last_name_trkecJP' is set on object 'Object Repository/ADDING_A_NEW_EMPLOYEE/Add_employee_last_name'

12-08-2024T15:29:29 - [MESSAGE][PASSED] - Text 'Last_name_trkecJP' is set on object 'Object Repository/ADDING_A_NEW_EMPLOYEE/Add_employee_last_name'

12-08-2024T15:29:29 - [TEST_STEP][PASSED] - randomString_001 = RandomStringUtils.randomNumeric(6): null

12-08-2024T15:29:29 - [TEST_STEP][PASSED] - newValue_001 = "333" + randomString_001: null

12-08-2024T15:29:29 - [TEST_STEP][PASSED] - xpath_for_employee_id = "//label[text()='Employee Id']/ancestor::div[@class='oxd-input-group__label-wrapper']/following-sibling::div//input[@class='oxd-input oxd-input--active']": null

12-08-2024T15:29:29 - [TEST_STEP][PASSED] - inputField_001 = TestObject().addProperty("xpath", EQUALS, xpath_for_employee_id): null

12-08-2024T15:29:29 - [TEST_STEP][PASSED] - executeJavaScript(
    var element = document.evaluate("$xpath_for_employee_id", document, null, XPathResult.FIRST_ORDERED_NODE_TYPE, null).singleNodeValue;
    if (element) {
        element.value = '$newValue_001';
        var event = new Event('input', { bubbles: true });
        element.dispatchEvent(event);
    }
    , null): Execute JavaScript '
    var element = document.evaluate("//label[text()='Employee Id']/ancestor::div[@class='oxd-input-group__label-wrapper']/following-sibling::div//input[@class='oxd-input oxd-input--active']", document, null, XPathResult.FIRST_ORDERED_NODE_TYPE, null).singleNodeValue;
    if (element) {
        element.value = '333583746';
        var event = new Event('input', { bubbles: true });
        element.dispatchEvent(event);
    }
    ' successfully

12-08-2024T15:29:29 - [MESSAGE][PASSED] - Execute JavaScript '
    var element = document.evaluate("//label[text()='Employee Id']/ancestor::div[@class='oxd-input-group__label-wrapper']/following-sibling::div//input[@class='oxd-input oxd-input--active']", document, null, XPathResult.FIRST_ORDERED_NODE_TYPE, null).singleNodeValue;
    if (element) {
        element.value = '333583746';
        var event = new Event('input', { bubbles: true });
        element.dispatchEvent(event);
    }
    ' successfully

12-08-2024T15:29:29 - [TEST_STEP][PASSED] - delay(3): Delayed 3 second(s)

12-08-2024T15:29:32 - [MESSAGE][PASSED] - Delayed 3 second(s)

12-08-2024T15:29:32 - [TEST_STEP][PASSED] - randomString_for_password = RandomStringUtils.randomNumeric(6): null

12-08-2024T15:29:32 - [TEST_STEP][PASSED] - new_Value_for_password = "Fiboo" + randomString_for_password + "@@": null

12-08-2024T15:29:32 - [TEST_STEP][PASSED] - xpath_for_password = "//label[text()='Username']/ancestor::div[@class='oxd-input-group__label-wrapper']/following-sibling::div//input[@class='oxd-input oxd-input--active']": null

12-08-2024T15:29:32 - [TEST_STEP][PASSED] - inputField_for_password = TestObject().addProperty("xpath", EQUALS, xpath_for_password): null

12-08-2024T15:29:32 - [TEST_STEP][PASSED] - executeJavaScript(
    var element = document.evaluate("$xpath_for_password", document, null, XPathResult.FIRST_ORDERED_NODE_TYPE, null).singleNodeValue;
    if (element) {
        element.value = '$new_Value_for_password';
        var event = new Event('input', { bubbles: true });
        element.dispatchEvent(event);
    }
    , null): Execute JavaScript '
    var element = document.evaluate("//label[text()='Username']/ancestor::div[@class='oxd-input-group__label-wrapper']/following-sibling::div//input[@class='oxd-input oxd-input--active']", document, null, XPathResult.FIRST_ORDERED_NODE_TYPE, null).singleNodeValue;
    if (element) {
        element.value = 'Fiboo103311@@';
        var event = new Event('input', { bubbles: true });
        element.dispatchEvent(event);
    }
    ' successfully

12-08-2024T15:29:32 - [MESSAGE][PASSED] - Execute JavaScript '
    var element = document.evaluate("//label[text()='Username']/ancestor::div[@class='oxd-input-group__label-wrapper']/following-sibling::div//input[@class='oxd-input oxd-input--active']", document, null, XPathResult.FIRST_ORDERED_NODE_TYPE, null).singleNodeValue;
    if (element) {
        element.value = 'Fiboo103311@@';
        var event = new Event('input', { bubbles: true });
        element.dispatchEvent(event);
    }
    ' successfully

12-08-2024T15:29:32 - [TEST_STEP][PASSED] - delay(1): Delayed 1 second(s)

12-08-2024T15:29:33 - [MESSAGE][PASSED] - Delayed 1 second(s)

12-08-2024T15:29:33 - [TEST_STEP][PASSED] - Password = getAttribute(findTestObject("Object Repository/ADDING_A_NEW_EMPLOYEE/Add_employee_username"), "value"): Attribute 'value' of object 'Object Repository/ADDING_A_NEW_EMPLOYEE/Add_employee_username' is: 'Fiboo103311@@'

12-08-2024T15:29:34 - [MESSAGE][PASSED] - Attribute 'value' of object 'Object Repository/ADDING_A_NEW_EMPLOYEE/Add_employee_username' is: 'Fiboo103311@@'

12-08-2024T15:29:34 - [TEST_STEP][PASSED] - out.println(Password): null

12-08-2024T15:29:34 - [TEST_STEP][PASSED] - new_Value_for_password_001 = Password: null

12-08-2024T15:29:34 - [TEST_STEP][PASSED] - xpath_for_password_001 = "//label[text()='Password']/ancestor::div[@class='oxd-input-group__label-wrapper']/following-sibling::div//input[@class='oxd-input oxd-input--active']": null

12-08-2024T15:29:34 - [TEST_STEP][PASSED] - inputField_for_password_001 = TestObject().addProperty("xpath", EQUALS, xpath_for_password_001): null

12-08-2024T15:29:34 - [TEST_STEP][PASSED] - executeJavaScript(
    var element = document.evaluate("$xpath_for_password_001", document, null, XPathResult.FIRST_ORDERED_NODE_TYPE, null).singleNodeValue;
    if (element) {
        element.value = '$new_Value_for_password_001';
        var event = new Event('input', { bubbles: true });
        element.dispatchEvent(event);
    }
    , null): Execute JavaScript '
    var element = document.evaluate("//label[text()='Password']/ancestor::div[@class='oxd-input-group__label-wrapper']/following-sibling::div//input[@class='oxd-input oxd-input--active']", document, null, XPathResult.FIRST_ORDERED_NODE_TYPE, null).singleNodeValue;
    if (element) {
        element.value = 'Fiboo103311@@';
        var event = new Event('input', { bubbles: true });
        element.dispatchEvent(event);
    }
    ' successfully

12-08-2024T15:29:34 - [MESSAGE][PASSED] - Execute JavaScript '
    var element = document.evaluate("//label[text()='Password']/ancestor::div[@class='oxd-input-group__label-wrapper']/following-sibling::div//input[@class='oxd-input oxd-input--active']", document, null, XPathResult.FIRST_ORDERED_NODE_TYPE, null).singleNodeValue;
    if (element) {
        element.value = 'Fiboo103311@@';
        var event = new Event('input', { bubbles: true });
        element.dispatchEvent(event);
    }
    ' successfully

12-08-2024T15:29:34 - [TEST_STEP][PASSED] - delay(1): Delayed 1 second(s)

12-08-2024T15:29:35 - [MESSAGE][PASSED] - Delayed 1 second(s)

12-08-2024T15:29:35 - [TEST_STEP][PASSED] - new_Value_for_password_002 = Password: null

12-08-2024T15:29:35 - [TEST_STEP][PASSED] - xpath_for_password_002 = "//label[text()='Confirm Password']/ancestor::div[@class='oxd-input-group__label-wrapper']/following-sibling::div//input[@class='oxd-input oxd-input--active']": null

12-08-2024T15:29:35 - [TEST_STEP][PASSED] - inputField_for_password_002 = TestObject().addProperty("xpath", EQUALS, xpath_for_password_002): null

12-08-2024T15:29:35 - [TEST_STEP][PASSED] - executeJavaScript(
    var element = document.evaluate("$xpath_for_password_002", document, null, XPathResult.FIRST_ORDERED_NODE_TYPE, null).singleNodeValue;
    if (element) {
        element.value = '$new_Value_for_password_002';
        var event = new Event('input', { bubbles: true });
        element.dispatchEvent(event);
    }
    , null): Execute JavaScript '
    var element = document.evaluate("//label[text()='Confirm Password']/ancestor::div[@class='oxd-input-group__label-wrapper']/following-sibling::div//input[@class='oxd-input oxd-input--active']", document, null, XPathResult.FIRST_ORDERED_NODE_TYPE, null).singleNodeValue;
    if (element) {
        element.value = 'Fiboo103311@@';
        var event = new Event('input', { bubbles: true });
        element.dispatchEvent(event);
    }
    ' successfully

12-08-2024T15:29:35 - [MESSAGE][PASSED] - Execute JavaScript '
    var element = document.evaluate("//label[text()='Confirm Password']/ancestor::div[@class='oxd-input-group__label-wrapper']/following-sibling::div//input[@class='oxd-input oxd-input--active']", document, null, XPathResult.FIRST_ORDERED_NODE_TYPE, null).singleNodeValue;
    if (element) {
        element.value = 'Fiboo103311@@';
        var event = new Event('input', { bubbles: true });
        element.dispatchEvent(event);
    }
    ' successfully

12-08-2024T15:29:35 - [TEST_STEP][PASSED] - delay(1): Delayed 1 second(s)

12-08-2024T15:29:36 - [MESSAGE][PASSED] - Delayed 1 second(s)

12-08-2024T15:29:36 - [TEST_STEP][PASSED] - randomString = RandomStringUtils.randomAlphabetic(7): null

12-08-2024T15:29:36 - [TEST_STEP][PASSED] - newValue = "User_name_" + randomString: null

12-08-2024T15:29:36 - [TEST_STEP][PASSED] - xpath_for_user_name = "//label[text()='Username']/ancestor::div[@class='oxd-input-group__label-wrapper']/following-sibling::div//input[@class='oxd-input oxd-input--active']": null

12-08-2024T15:29:36 - [TEST_STEP][PASSED] - inputField = TestObject().addProperty("xpath", EQUALS, xpath_for_user_name): null

12-08-2024T15:29:36 - [TEST_STEP][PASSED] - executeJavaScript(
    var element = document.evaluate("$xpath_for_user_name", document, null, XPathResult.FIRST_ORDERED_NODE_TYPE, null).singleNodeValue;
    if (element) {
        element.value = '$newValue';
        var event = new Event('input', { bubbles: true });
        element.dispatchEvent(event);
    }
    , null): Execute JavaScript '
    var element = document.evaluate("//label[text()='Username']/ancestor::div[@class='oxd-input-group__label-wrapper']/following-sibling::div//input[@class='oxd-input oxd-input--active']", document, null, XPathResult.FIRST_ORDERED_NODE_TYPE, null).singleNodeValue;
    if (element) {
        element.value = 'User_name_hDfNUbj';
        var event = new Event('input', { bubbles: true });
        element.dispatchEvent(event);
    }
    ' successfully

12-08-2024T15:29:36 - [MESSAGE][PASSED] - Execute JavaScript '
    var element = document.evaluate("//label[text()='Username']/ancestor::div[@class='oxd-input-group__label-wrapper']/following-sibling::div//input[@class='oxd-input oxd-input--active']", document, null, XPathResult.FIRST_ORDERED_NODE_TYPE, null).singleNodeValue;
    if (element) {
        element.value = 'User_name_hDfNUbj';
        var event = new Event('input', { bubbles: true });
        element.dispatchEvent(event);
    }
    ' successfully

12-08-2024T15:29:36 - [TEST_STEP][PASSED] - delay(1): Delayed 1 second(s)

12-08-2024T15:29:37 - [MESSAGE][PASSED] - Delayed 1 second(s)

12-08-2024T15:29:37 - [TEST_STEP][PASSED] - User_name = getAttribute(findTestObject("Object Repository/ADDING_A_NEW_EMPLOYEE/Add_employee_username"), "value"): Attribute 'value' of object 'Object Repository/ADDING_A_NEW_EMPLOYEE/Add_employee_username' is: 'User_name_hDfNUbj'

12-08-2024T15:29:37 - [MESSAGE][PASSED] - Attribute 'value' of object 'Object Repository/ADDING_A_NEW_EMPLOYEE/Add_employee_username' is: 'User_name_hDfNUbj'

12-08-2024T15:29:37 - [TEST_STEP][PASSED] - out.println(User_name): null

12-08-2024T15:29:37 - [TEST_STEP][PASSED] - out.println(Password): null

12-08-2024T15:29:37 - [TEST_STEP][PASSED] - First_name = getAttribute(findTestObject("Object Repository/ADDING_A_NEW_EMPLOYEE/Add_Employee_first_name"), "value"): Attribute 'value' of object 'Object Repository/ADDING_A_NEW_EMPLOYEE/Add_Employee_first_name' is: 'First_name_iKfpPPW'

12-08-2024T15:29:37 - [MESSAGE][PASSED] - Attribute 'value' of object 'Object Repository/ADDING_A_NEW_EMPLOYEE/Add_Employee_first_name' is: 'First_name_iKfpPPW'

12-08-2024T15:29:37 - [TEST_STEP][PASSED] - out.println(First_name): null

12-08-2024T15:29:37 - [TEST_STEP][PASSED] - Middle_name = getAttribute(findTestObject("Object Repository/ADDING_A_NEW_EMPLOYEE/Add_employee_middle_name"), "value"): Attribute 'value' of object 'Object Repository/ADDING_A_NEW_EMPLOYEE/Add_employee_middle_name' is: 'Middle_name_zvkmNEs'

12-08-2024T15:29:38 - [MESSAGE][PASSED] - Attribute 'value' of object 'Object Repository/ADDING_A_NEW_EMPLOYEE/Add_employee_middle_name' is: 'Middle_name_zvkmNEs'

12-08-2024T15:29:38 - [TEST_STEP][PASSED] - out.println(Middle_name): null

12-08-2024T15:29:38 - [TEST_STEP][PASSED] - Last_name = getAttribute(findTestObject("Object Repository/ADDING_A_NEW_EMPLOYEE/Add_employee_last_name"), "value"): Attribute 'value' of object 'Object Repository/ADDING_A_NEW_EMPLOYEE/Add_employee_last_name' is: 'Last_name_trkecJP'

12-08-2024T15:29:38 - [MESSAGE][PASSED] - Attribute 'value' of object 'Object Repository/ADDING_A_NEW_EMPLOYEE/Add_employee_last_name' is: 'Last_name_trkecJP'

12-08-2024T15:29:38 - [TEST_STEP][PASSED] - out.println(Last_name): null

12-08-2024T15:29:38 - [TEST_STEP][PASSED] - employee_id = getAttribute(findTestObject("Object Repository/ADDING_A_NEW_EMPLOYEE/Add_employee_id"), "value"): Attribute 'value' of object 'Object Repository/ADDING_A_NEW_EMPLOYEE/Add_employee_id' is: '333583746'

12-08-2024T15:29:38 - [MESSAGE][PASSED] - Attribute 'value' of object 'Object Repository/ADDING_A_NEW_EMPLOYEE/Add_employee_id' is: '333583746'

12-08-2024T15:29:38 - [TEST_STEP][PASSED] - out.println(employee_id): null

12-08-2024T15:29:38 - [TEST_STEP][PASSED] - delay(3): Delayed 3 second(s)

12-08-2024T15:29:41 - [MESSAGE][PASSED] - Delayed 3 second(s)

12-08-2024T15:29:41 - [TEST_STEP][PASSED] - click(findTestObject("Object Repository/ADDING_A_NEW_EMPLOYEE/Add_employee_save_button")): Object: 'Object Repository/ADDING_A_NEW_EMPLOYEE/Add_employee_save_button' is clicked on

12-08-2024T15:29:41 - [MESSAGE][PASSED] - Object: 'Object Repository/ADDING_A_NEW_EMPLOYEE/Add_employee_save_button' is clicked on

12-08-2024T15:29:41 - [TEST_STEP][PASSED] - delay(2): Delayed 2 second(s)

12-08-2024T15:29:43 - [MESSAGE][PASSED] - Delayed 2 second(s)

12-08-2024T15:29:43 - [MESSAGE][PASSED] - Call Test Case 'Test Cases/ADDING_A_NEW_EMPLOYEE' successfully

12-08-2024T15:29:43 - [TEST_STEP][PASSED] - rowIndex = sheet.getLastRowNum() + 1: null

12-08-2024T15:29:43 - [TEST_STEP][PASSED] - row = sheet.createRow(rowIndex): null

12-08-2024T15:29:43 - [TEST_STEP][PASSED] - createCell(0).setCellValue(First_name): null

12-08-2024T15:29:43 - [TEST_STEP][PASSED] - createCell(1).setCellValue(Middle_name): null

12-08-2024T15:29:43 - [TEST_STEP][PASSED] - createCell(2).setCellValue(Last_name): null

12-08-2024T15:29:43 - [TEST_STEP][PASSED] - createCell(3).setCellValue(User_name): null

12-08-2024T15:29:43 - [TEST_STEP][PASSED] - createCell(4).setCellValue(Password): null

12-08-2024T15:29:43 - [TEST_STEP][PASSED] - createCell(5).setCellValue(employee_id): null

12-08-2024T15:29:43 - [TEST_STEP][PASSED] - callTestCase(findTestCase("ADDING_A_NEW_EMPLOYEE"), [:], STOP_ON_FAILURE): Call Test Case 'Test Cases/ADDING_A_NEW_EMPLOYEE' successfully

12-08-2024T15:29:44 - [TEST_CASE][PASSED] - Test Cases/ADDING_A_NEW_EMPLOYEE: Test Cases/ADDING_A_NEW_EMPLOYEE

12-08-2024T15:29:44 - [TEST_STEP][PASSED] - verifyElementPresent(findTestObject("ADDING_A_NEW_EMPLOYEE/pim_option_from_side_bar"), 10): Object 'Object Repository/ADDING_A_NEW_EMPLOYEE/pim_option_from_side_bar' is present

12-08-2024T15:29:44 - [MESSAGE][PASSED] - Object 'Object Repository/ADDING_A_NEW_EMPLOYEE/pim_option_from_side_bar' is present

12-08-2024T15:29:44 - [TEST_STEP][PASSED] - click(findTestObject("ADDING_A_NEW_EMPLOYEE/pim_option_from_side_bar")): Object: 'Object Repository/ADDING_A_NEW_EMPLOYEE/pim_option_from_side_bar' is clicked on

12-08-2024T15:29:46 - [MESSAGE][PASSED] - Object: 'Object Repository/ADDING_A_NEW_EMPLOYEE/pim_option_from_side_bar' is clicked on

12-08-2024T15:29:46 - [TEST_STEP][PASSED] - waitForElementPresent(findTestObject("ADDING_A_NEW_EMPLOYEE/adding_new_employee_button_in_pim_page"), 10): Object 'Object Repository/ADDING_A_NEW_EMPLOYEE/adding_new_employee_button_in_pim_page' is present

12-08-2024T15:29:47 - [MESSAGE][PASSED] - Object 'Object Repository/ADDING_A_NEW_EMPLOYEE/adding_new_employee_button_in_pim_page' is present

12-08-2024T15:29:47 - [TEST_STEP][PASSED] - click(findTestObject("ADDING_A_NEW_EMPLOYEE/adding_new_employee_button_in_pim_page")): Object: 'Object Repository/ADDING_A_NEW_EMPLOYEE/adding_new_employee_button_in_pim_page' is clicked on

12-08-2024T15:29:48 - [MESSAGE][PASSED] - Object: 'Object Repository/ADDING_A_NEW_EMPLOYEE/adding_new_employee_button_in_pim_page' is clicked on

12-08-2024T15:29:48 - [TEST_STEP][PASSED] - verifyElementPresent(findTestObject("ADDING_A_NEW_EMPLOYEE/create_login_details_checkbox"), 10): Object 'Object Repository/ADDING_A_NEW_EMPLOYEE/create_login_details_checkbox' is present

12-08-2024T15:29:49 - [MESSAGE][PASSED] - Object 'Object Repository/ADDING_A_NEW_EMPLOYEE/create_login_details_checkbox' is present

12-08-2024T15:29:49 - [TEST_STEP][PASSED] - click(findTestObject("ADDING_A_NEW_EMPLOYEE/create_login_details_checkbox")): Object: 'Object Repository/ADDING_A_NEW_EMPLOYEE/create_login_details_checkbox' is clicked on

12-08-2024T15:29:50 - [MESSAGE][PASSED] - Object: 'Object Repository/ADDING_A_NEW_EMPLOYEE/create_login_details_checkbox' is clicked on

12-08-2024T15:29:50 - [TEST_STEP][PASSED] - verifyElementPresent(findTestObject("Object Repository/ADDING_A_NEW_EMPLOYEE/Add_employee_enabled_radio_button"), 10): Object 'Object Repository/ADDING_A_NEW_EMPLOYEE/Add_employee_enabled_radio_button' is present

12-08-2024T15:29:50 - [MESSAGE][PASSED] - Object 'Object Repository/ADDING_A_NEW_EMPLOYEE/Add_employee_enabled_radio_button' is present

12-08-2024T15:29:50 - [TEST_STEP][PASSED] - click(findTestObject("Object Repository/ADDING_A_NEW_EMPLOYEE/Add_employee_enabled_radio_button")): Object: 'Object Repository/ADDING_A_NEW_EMPLOYEE/Add_employee_enabled_radio_button' is clicked on

12-08-2024T15:29:50 - [MESSAGE][PASSED] - Object: 'Object Repository/ADDING_A_NEW_EMPLOYEE/Add_employee_enabled_radio_button' is clicked on

12-08-2024T15:29:50 - [TEST_STEP][PASSED] - verifyElementPresent(findTestObject("Object Repository/ADDING_A_NEW_EMPLOYEE/Add_Employee_first_name"), 10): Object 'Object Repository/ADDING_A_NEW_EMPLOYEE/Add_Employee_first_name' is present

12-08-2024T15:29:51 - [MESSAGE][PASSED] - Object 'Object Repository/ADDING_A_NEW_EMPLOYEE/Add_Employee_first_name' is present

12-08-2024T15:29:51 - [TEST_STEP][PASSED] - click(findTestObject("Object Repository/ADDING_A_NEW_EMPLOYEE/Add_Employee_first_name")): Object: 'Object Repository/ADDING_A_NEW_EMPLOYEE/Add_Employee_first_name' is clicked on

12-08-2024T15:29:51 - [MESSAGE][PASSED] - Object: 'Object Repository/ADDING_A_NEW_EMPLOYEE/Add_Employee_first_name' is clicked on

12-08-2024T15:29:51 - [TEST_STEP][PASSED] - setText(findTestObject("Object Repository/ADDING_A_NEW_EMPLOYEE/Add_Employee_first_name"), "First_name_" + RandomStringUtils.randomAlphabetic(7)): Text 'First_name_lunGUaa' is set on object 'Object Repository/ADDING_A_NEW_EMPLOYEE/Add_Employee_first_name'

12-08-2024T15:29:52 - [MESSAGE][PASSED] - Text 'First_name_lunGUaa' is set on object 'Object Repository/ADDING_A_NEW_EMPLOYEE/Add_Employee_first_name'

12-08-2024T15:29:52 - [TEST_STEP][PASSED] - verifyElementPresent(findTestObject("Object Repository/ADDING_A_NEW_EMPLOYEE/Add_employee_middle_name"), 10): Object 'Object Repository/ADDING_A_NEW_EMPLOYEE/Add_employee_middle_name' is present

12-08-2024T15:29:52 - [MESSAGE][PASSED] - Object 'Object Repository/ADDING_A_NEW_EMPLOYEE/Add_employee_middle_name' is present

12-08-2024T15:29:52 - [TEST_STEP][PASSED] - click(findTestObject("Object Repository/ADDING_A_NEW_EMPLOYEE/Add_employee_middle_name")): Object: 'Object Repository/ADDING_A_NEW_EMPLOYEE/Add_employee_middle_name' is clicked on

12-08-2024T15:29:52 - [MESSAGE][PASSED] - Object: 'Object Repository/ADDING_A_NEW_EMPLOYEE/Add_employee_middle_name' is clicked on

12-08-2024T15:29:52 - [TEST_STEP][PASSED] - setText(findTestObject("Object Repository/ADDING_A_NEW_EMPLOYEE/Add_employee_middle_name"), "Middle_name_" + RandomStringUtils.randomAlphabetic(7)): Text 'Middle_name_CtregEG' is set on object 'Object Repository/ADDING_A_NEW_EMPLOYEE/Add_employee_middle_name'

12-08-2024T15:29:53 - [MESSAGE][PASSED] - Text 'Middle_name_CtregEG' is set on object 'Object Repository/ADDING_A_NEW_EMPLOYEE/Add_employee_middle_name'

12-08-2024T15:29:53 - [TEST_STEP][PASSED] - verifyElementPresent(findTestObject("Object Repository/ADDING_A_NEW_EMPLOYEE/Add_employee_last_name"), 10): Object 'Object Repository/ADDING_A_NEW_EMPLOYEE/Add_employee_last_name' is present

12-08-2024T15:29:53 - [MESSAGE][PASSED] - Object 'Object Repository/ADDING_A_NEW_EMPLOYEE/Add_employee_last_name' is present

12-08-2024T15:29:53 - [TEST_STEP][PASSED] - click(findTestObject("Object Repository/ADDING_A_NEW_EMPLOYEE/Add_employee_last_name")): Object: 'Object Repository/ADDING_A_NEW_EMPLOYEE/Add_employee_last_name' is clicked on

12-08-2024T15:29:53 - [MESSAGE][PASSED] - Object: 'Object Repository/ADDING_A_NEW_EMPLOYEE/Add_employee_last_name' is clicked on

12-08-2024T15:29:53 - [TEST_STEP][PASSED] - setText(findTestObject("Object Repository/ADDING_A_NEW_EMPLOYEE/Add_employee_last_name"), "Last_name_" + RandomStringUtils.randomAlphabetic(7)): Text 'Last_name_jRdeewA' is set on object 'Object Repository/ADDING_A_NEW_EMPLOYEE/Add_employee_last_name'

12-08-2024T15:29:54 - [MESSAGE][PASSED] - Text 'Last_name_jRdeewA' is set on object 'Object Repository/ADDING_A_NEW_EMPLOYEE/Add_employee_last_name'

12-08-2024T15:29:54 - [TEST_STEP][PASSED] - randomString_001 = RandomStringUtils.randomNumeric(6): null

12-08-2024T15:29:54 - [TEST_STEP][PASSED] - newValue_001 = "333" + randomString_001: null

12-08-2024T15:29:54 - [TEST_STEP][PASSED] - xpath_for_employee_id = "//label[text()='Employee Id']/ancestor::div[@class='oxd-input-group__label-wrapper']/following-sibling::div//input[@class='oxd-input oxd-input--active']": null

12-08-2024T15:29:54 - [TEST_STEP][PASSED] - inputField_001 = TestObject().addProperty("xpath", EQUALS, xpath_for_employee_id): null

12-08-2024T15:29:54 - [TEST_STEP][PASSED] - executeJavaScript(
    var element = document.evaluate("$xpath_for_employee_id", document, null, XPathResult.FIRST_ORDERED_NODE_TYPE, null).singleNodeValue;
    if (element) {
        element.value = '$newValue_001';
        var event = new Event('input', { bubbles: true });
        element.dispatchEvent(event);
    }
    , null): Execute JavaScript '
    var element = document.evaluate("//label[text()='Employee Id']/ancestor::div[@class='oxd-input-group__label-wrapper']/following-sibling::div//input[@class='oxd-input oxd-input--active']", document, null, XPathResult.FIRST_ORDERED_NODE_TYPE, null).singleNodeValue;
    if (element) {
        element.value = '333079723';
        var event = new Event('input', { bubbles: true });
        element.dispatchEvent(event);
    }
    ' successfully

12-08-2024T15:29:54 - [MESSAGE][PASSED] - Execute JavaScript '
    var element = document.evaluate("//label[text()='Employee Id']/ancestor::div[@class='oxd-input-group__label-wrapper']/following-sibling::div//input[@class='oxd-input oxd-input--active']", document, null, XPathResult.FIRST_ORDERED_NODE_TYPE, null).singleNodeValue;
    if (element) {
        element.value = '333079723';
        var event = new Event('input', { bubbles: true });
        element.dispatchEvent(event);
    }
    ' successfully

12-08-2024T15:29:54 - [TEST_STEP][PASSED] - delay(3): Delayed 3 second(s)

12-08-2024T15:29:57 - [MESSAGE][PASSED] - Delayed 3 second(s)

12-08-2024T15:29:57 - [TEST_STEP][PASSED] - randomString_for_password = RandomStringUtils.randomNumeric(6): null

12-08-2024T15:29:57 - [TEST_STEP][PASSED] - new_Value_for_password = "Fiboo" + randomString_for_password + "@@": null

12-08-2024T15:29:57 - [TEST_STEP][PASSED] - xpath_for_password = "//label[text()='Username']/ancestor::div[@class='oxd-input-group__label-wrapper']/following-sibling::div//input[@class='oxd-input oxd-input--active']": null

12-08-2024T15:29:57 - [TEST_STEP][PASSED] - inputField_for_password = TestObject().addProperty("xpath", EQUALS, xpath_for_password): null

12-08-2024T15:29:57 - [TEST_STEP][PASSED] - executeJavaScript(
    var element = document.evaluate("$xpath_for_password", document, null, XPathResult.FIRST_ORDERED_NODE_TYPE, null).singleNodeValue;
    if (element) {
        element.value = '$new_Value_for_password';
        var event = new Event('input', { bubbles: true });
        element.dispatchEvent(event);
    }
    , null): Execute JavaScript '
    var element = document.evaluate("//label[text()='Username']/ancestor::div[@class='oxd-input-group__label-wrapper']/following-sibling::div//input[@class='oxd-input oxd-input--active']", document, null, XPathResult.FIRST_ORDERED_NODE_TYPE, null).singleNodeValue;
    if (element) {
        element.value = 'Fiboo107029@@';
        var event = new Event('input', { bubbles: true });
        element.dispatchEvent(event);
    }
    ' successfully

12-08-2024T15:29:57 - [MESSAGE][PASSED] - Execute JavaScript '
    var element = document.evaluate("//label[text()='Username']/ancestor::div[@class='oxd-input-group__label-wrapper']/following-sibling::div//input[@class='oxd-input oxd-input--active']", document, null, XPathResult.FIRST_ORDERED_NODE_TYPE, null).singleNodeValue;
    if (element) {
        element.value = 'Fiboo107029@@';
        var event = new Event('input', { bubbles: true });
        element.dispatchEvent(event);
    }
    ' successfully

12-08-2024T15:29:57 - [TEST_STEP][PASSED] - delay(1): Delayed 1 second(s)

12-08-2024T15:29:58 - [MESSAGE][PASSED] - Delayed 1 second(s)

12-08-2024T15:29:58 - [TEST_STEP][PASSED] - Password = getAttribute(findTestObject("Object Repository/ADDING_A_NEW_EMPLOYEE/Add_employee_username"), "value"): Attribute 'value' of object 'Object Repository/ADDING_A_NEW_EMPLOYEE/Add_employee_username' is: 'Fiboo107029@@'

12-08-2024T15:29:58 - [MESSAGE][PASSED] - Attribute 'value' of object 'Object Repository/ADDING_A_NEW_EMPLOYEE/Add_employee_username' is: 'Fiboo107029@@'

12-08-2024T15:29:58 - [TEST_STEP][PASSED] - out.println(Password): null

12-08-2024T15:29:58 - [TEST_STEP][PASSED] - new_Value_for_password_001 = Password: null

12-08-2024T15:29:58 - [TEST_STEP][PASSED] - xpath_for_password_001 = "//label[text()='Password']/ancestor::div[@class='oxd-input-group__label-wrapper']/following-sibling::div//input[@class='oxd-input oxd-input--active']": null

12-08-2024T15:29:58 - [TEST_STEP][PASSED] - inputField_for_password_001 = TestObject().addProperty("xpath", EQUALS, xpath_for_password_001): null

12-08-2024T15:29:58 - [TEST_STEP][PASSED] - executeJavaScript(
    var element = document.evaluate("$xpath_for_password_001", document, null, XPathResult.FIRST_ORDERED_NODE_TYPE, null).singleNodeValue;
    if (element) {
        element.value = '$new_Value_for_password_001';
        var event = new Event('input', { bubbles: true });
        element.dispatchEvent(event);
    }
    , null): Execute JavaScript '
    var element = document.evaluate("//label[text()='Password']/ancestor::div[@class='oxd-input-group__label-wrapper']/following-sibling::div//input[@class='oxd-input oxd-input--active']", document, null, XPathResult.FIRST_ORDERED_NODE_TYPE, null).singleNodeValue;
    if (element) {
        element.value = 'Fiboo107029@@';
        var event = new Event('input', { bubbles: true });
        element.dispatchEvent(event);
    }
    ' successfully

12-08-2024T15:29:58 - [MESSAGE][PASSED] - Execute JavaScript '
    var element = document.evaluate("//label[text()='Password']/ancestor::div[@class='oxd-input-group__label-wrapper']/following-sibling::div//input[@class='oxd-input oxd-input--active']", document, null, XPathResult.FIRST_ORDERED_NODE_TYPE, null).singleNodeValue;
    if (element) {
        element.value = 'Fiboo107029@@';
        var event = new Event('input', { bubbles: true });
        element.dispatchEvent(event);
    }
    ' successfully

12-08-2024T15:29:58 - [TEST_STEP][PASSED] - delay(1): Delayed 1 second(s)

12-08-2024T15:29:59 - [MESSAGE][PASSED] - Delayed 1 second(s)

[...]
	at test_case_for_excel_automation.run(test_case_for_excel_automation:131)
	at com.kms.katalon.core.main.ScriptEngine.run(ScriptEngine.java:194)
	at com.kms.katalon.core.main.ScriptEngine.runScriptAsRawText(ScriptEngine.java:119)
	at com.kms.katalon.core.main.TestCaseExecutor.runScript(TestCaseExecutor.java:448)
	at com.kms.katalon.core.main.TestCaseExecutor.doExecute(TestCaseExecutor.java:439)
	at com.kms.katalon.core.main.TestCaseExecutor.processExecutionPhase(TestCaseExecutor.java:418)
	at com.kms.katalon.core.main.TestCaseExecutor.accessMainPhase(TestCaseExecutor.java:410)
	at com.kms.katalon.core.main.TestCaseExecutor.execute(TestCaseExecutor.java:285)
	at com.kms.katalon.core.common.CommonExecutor.accessTestCaseMainPhase(CommonExecutor.java:65)
	at com.kms.katalon.core.main.TestSuiteExecutor.accessTestSuiteMainPhase(TestSuiteExecutor.java:150)
	at com.kms.katalon.core.main.TestSuiteExecutor.execute(TestSuiteExecutor.java:106)
	at com.kms.katalon.core.main.TestCaseMain.startTestSuite(TestCaseMain.java:180)
	at TempTestSuite1723456697144.run(TempTestSuite1723456697144.groovy:35)
	at java.base/jdk.internal.reflect.NativeMethodAccessorImpl.invoke0(Native Method)
	at java.base/jdk.internal.reflect.NativeMethodAccessorImpl.invoke(NativeMethodAccessorImpl.java:77)
	at java.base/jdk.internal.reflect.DelegatingMethodAccessorImpl.invoke(DelegatingMethodAccessorImpl.java:43)
Caused by: com.kms.katalon.core.exception.StepFailedException: Call Test Case 'Test Cases/test_case_to_verify_data' failed
	at com.kms.katalon.core.keyword.builtin.CallTestCaseKeyword$_callTestCase_closure1.doCall(CallTestCaseKeyword.groovy:63)
	at com.kms.katalon.core.keyword.builtin.CallTestCaseKeyword$_callTestCase_closure1.call(CallTestCaseKeyword.groovy)
	at com.kms.katalon.core.keyword.internal.KeywordMain.runKeyword(KeywordMain.groovy:75)
	at com.kms.katalon.core.keyword.builtin.CallTestCaseKeyword.callTestCase(CallTestCaseKeyword.groovy:81)
	at com.kms.katalon.core.keyword.builtin.CallTestCaseKeyword.execute(CallTestCaseKeyword.groovy:44)
	at com.kms.katalon.core.keyword.internal.KeywordExecutor.executeKeywordForPlatform(KeywordExecutor.groovy:74)
	at com.kms.katalon.core.keyword.BuiltinKeywords.callTestCase(BuiltinKeywords.groovy:310)
	at jdk.internal.reflect.GeneratedMethodAccessor24.invoke(Unknown Source)
	at java.base/jdk.internal.reflect.DelegatingMethodAccessorImpl.invoke(DelegatingMethodAccessorImpl.java:43)
	at test_case_for_excel_automation_and_verifiying_data_in_excel.run(test_case_for_excel_automation_and_verifiying_data_in_excel:76)
	at com.kms.katalon.core.main.ScriptEngine.run(ScriptEngine.java:194)
	at com.kms.katalon.core.main.ScriptEngine.runScriptAsRawText(ScriptEngine.java:119)
	at com.kms.katalon.core.main.TestCaseExecutor.runScript(TestCaseExecutor.java:448)
	at com.kms.katalon.core.main.TestCaseExecutor.doExecute(TestCaseExecutor.java:439)
	at com.kms.katalon.core.main.TestCaseExecutor.processExecutionPhase(TestCaseExecutor.java:418)
	at com.kms.katalon.core.main.TestCaseExecutor.accessMainPhase(TestCaseExecutor.java:410)
	at com.kms.katalon.core.main.TestCaseExecutor.execute(TestCaseExecutor.java:285)
	at com.kms.katalon.core.main.TestCaseMain.runTestCase(TestCaseMain.java:137)
	at com.kms.katalon.core.keyword.builtin.CallTestCaseKeyword$_callTestCase_closure1.doCall(CallTestCaseKeyword.groovy:59)
	... 24 more
Caused by: com.kms.katalon.core.exception.StepFailedException: Unable to click on object 'Object Repository/to_verify_data/myinfo_option_from_side_bar'
	at com.kms.katalon.core.webui.keyword.internal.WebUIKeywordMain.stepFailed(WebUIKeywordMain.groovy:64)
	at com.kms.katalon.core.webui.keyword.internal.WebUIKeywordMain.runKeyword(WebUIKeywordMain.groovy:26)
	at com.kms.katalon.core.webui.keyword.builtin.ClickKeyword.click(ClickKeyword.groovy:74)
	at com.kms.katalon.core.webui.keyword.builtin.ClickKeyword.execute(ClickKeyword.groovy:40)
	at com.kms.katalon.core.keyword.internal.KeywordExecutor.executeKeywordForPlatform(KeywordExecutor.groovy:74)
	at com.kms.katalon.core.webui.keyword.WebUiBuiltInKeywords.click(WebUiBuiltInKeywords.groovy:659)
	at test_case_to_verify_data.run(test_case_to_verify_data:25)
	at com.kms.katalon.core.main.ScriptEngine.run(ScriptEngine.java:194)
	at com.kms.katalon.core.main.ScriptEngine.runScriptAsRawText(ScriptEngine.java:119)
	at com.kms.katalon.core.main.TestCaseExecutor.runScript(TestCaseExecutor.java:448)
	at com.kms.katalon.core.main.TestCaseExecutor.doExecute(TestCaseExecutor.java:439)
	at com.kms.katalon.core.main.TestCaseExecutor.processExecutionPhase(TestCaseExecutor.java:418)
	at com.kms.katalon.core.main.TestCaseExecutor.accessMainPhase(TestCaseExecutor.java:410)
	at com.kms.katalon.core.main.TestCaseExecutor.execute(TestCaseExecutor.java:285)
	at com.kms.katalon.core.main.TestCaseMain.runTestCase(TestCaseMain.java:137)
	at com.kms.katalon.core.keyword.builtin.CallTestCaseKeyword$_callTestCase_closure1.doCall(CallTestCaseKeyword.groovy:59)
	... 42 more
Caused by: com.kms.katalon.core.webui.exception.WebElementNotFoundException: Web element with id: 'Object Repository/to_verify_data/myinfo_option_from_side_bar' located by '//span[@class='oxd-text oxd-text--span oxd-main-menu-item--name' and text()='My Info']' not found
	at com.kms.katalon.core.webui.common.WebUiCommonHelper.findWebElement(WebUiCommonHelper.java:1426)
	at com.kms.katalon.core.webui.keyword.internal.WebUIAbstractKeyword.findWebElement(WebUIAbstractKeyword.groovy:27)
	at com.kms.katalon.core.webui.keyword.builtin.ClickKeyword$_click_closure1.doCall(ClickKeyword.groovy:65)
	at com.kms.katalon.core.webui.keyword.builtin.ClickKeyword$_click_closure1.call(ClickKeyword.groovy)
	at com.kms.katalon.core.webui.keyword.internal.WebUIKeywordMain.runKeyword(WebUIKeywordMain.groovy:20)
	... 56 more]]></system-err>
      </testcase>
      <system-out><![CDATA[12-08-2024T15:28:24 - [TEST_SUITE][FAILED] - test_suite_for_excel_automation: Test Cases/test_case_for_excel_automation FAILED.
Reason:
com.kms.katalon.core.exception.StepFailedException: Call Test Case 'Test Cases/test_case_for_excel_automation_and_verifiying_data_in_excel' failed
	at com.kms.katalon.core.keyword.builtin.CallTestCaseKeyword$_callTestCase_closure1.doCall(CallTestCaseKeyword.groovy:63)
	at com.kms.katalon.core.keyword.builtin.CallTestCaseKeyword$_callTestCase_closure1.call(CallTestCaseKeyword.groovy)
	at com.kms.katalon.core.keyword.internal.KeywordMain.runKeyword(KeywordMain.groovy:75)
	at com.kms.katalon.core.keyword.builtin.CallTestCaseKeyword.callTestCase(CallTestCaseKeyword.groovy:81)
	at com.kms.katalon.core.keyword.builtin.CallTestCaseKeyword.execute(CallTestCaseKeyword.groovy:44)
	at com.kms.katalon.core.keyword.internal.KeywordExecutor.executeKeywordForPlatform(KeywordExecutor.groovy:74)
	at com.kms.katalon.core.keyword.BuiltinKeywords.callTestCase(BuiltinKeywords.groovy:310)
	at jdk.internal.reflect.GeneratedMethodAccessor24.invoke(Unknown Source)
	at java.base/jdk.internal.reflect.DelegatingMethodAccessorImpl.invoke(DelegatingMethodAccessorImpl.java:43)
	at test_case_for_excel_automation.run(test_case_for_excel_automation:131)
	at com.kms.katalon.core.main.ScriptEngine.run(ScriptEngine.java:194)
	at com.kms.katalon.core.main.ScriptEngine.runScriptAsRawText(ScriptEngine.java:119)
	at com.kms.katalon.core.main.TestCaseExecutor.runScript(TestCaseExecutor.java:448)
	at com.kms.katalon.core.main.TestCaseExecutor.doExecute(TestCaseExecutor.java:439)
	at com.kms.katalon.core.main.TestCaseExecutor.processExecutionPhase(TestCaseExecutor.java:418)
	at com.kms.katalon.core.main.TestCaseExecutor.accessMainPhase(TestCaseExecutor.java:410)
	at com.kms.katalon.core.main.TestCaseExecutor.execute(TestCaseExecutor.java:285)
	at com.kms.katalon.core.common.CommonExecutor.accessTestCaseMainPhase(CommonExecutor.java:65)
	at com.kms.katalon.core.main.TestSuiteExecutor.accessTestSuiteMainPhase(TestSuiteExecutor.java:150)
	at com.kms.katalon.core.main.TestSuiteExecutor.execute(TestSuiteExecutor.java:106)
	at com.kms.katalon.core.main.TestCaseMain.startTestSuite(TestCaseMain.java:180)
	at TempTestSuite1723456697144.run(TempTestSuite1723456697144.groovy:35)
	at java.base/jdk.internal.reflect.NativeMethodAccessorImpl.invoke0(Native Method)
	at java.base/jdk.internal.reflect.NativeMethodAccessorImpl.invoke(NativeMethodAccessorImpl.java:77)
	at java.base/jdk.internal.reflect.DelegatingMethodAccessorImpl.invoke(DelegatingMethodAccessorImpl.java:43)
Caused by: com.kms.katalon.core.exception.StepFailedException: Call Test Case 'Test Cases/test_case_to_verify_data' failed
	at com.kms.katalon.core.keyword.builtin.CallTestCaseKeyword$_callTestCase_closure1.doCall(CallTestCaseKeyword.groovy:63)
	at com.kms.katalon.core.keyword.builtin.CallTestCaseKeyword$_callTestCase_closure1.call(CallTestCaseKeyword.groovy)
	at com.kms.katalon.core.keyword.internal.KeywordMain.runKeyword(KeywordMain.groovy:75)
	at com.kms.katalon.core.keyword.builtin.CallTestCaseKeyword.callTestCase(CallTestCaseKeyword.groovy:81)
	at com.kms.katalon.core.keyword.builtin.CallTestCaseKeyword.execute(CallTestCaseKeyword.groovy:44)
	at com.kms.katalon.core.keyword.internal.KeywordExecutor.executeKeywordForPlatform(KeywordExecutor.groovy:74)
	at com.kms.katalon.core.keyword.BuiltinKeywords.callTestCase(BuiltinKeywords.groovy:310)
	at jdk.internal.reflect.GeneratedMethodAccessor24.invoke(Unknown Source)
	at java.base/jdk.internal.reflect.DelegatingMethodAccessorImpl.invoke(DelegatingMethodAccessorImpl.java:43)
	at test_case_for_excel_automation_and_verifiying_data_in_excel.run(test_case_for_excel_automation_and_verifiying_data_in_excel:76)
	at com.kms.katalon.core.main.ScriptEngine.run(ScriptEngine.java:194)
	at com.kms.katalon.core.main.ScriptEngine.runScriptAsRawText(ScriptEngine.java:119)
	at com.kms.katalon.core.main.TestCaseExecutor.runScript(TestCaseExecutor.java:448)
	at com.kms.katalon.core.main.TestCaseExecutor.doExecute(TestCaseExecutor.java:439)
	at com.kms.katalon.core.main.TestCaseExecutor.processExecutionPhase(TestCaseExecutor.java:418)
	at com.kms.katalon.core.main.TestCaseExecutor.accessMainPhase(TestCaseExecutor.java:410)
	at com.kms.katalon.core.main.TestCaseExecutor.execute(TestCaseExecutor.java:285)
	at com.kms.katalon.core.main.TestCaseMain.runTestCase(TestCaseMain.java:137)
	at com.kms.katalon.core.keyword.builtin.CallTestCaseKeyword$_callTestCase_closure1.doCall(CallTestCaseKeyword.groovy:59)
	... 24 more
Caused by: com.kms.katalon.core.exception.StepFailedException: Unable to click on object 'Object Repository/to_verify_data/myinfo_option_from_side_bar'
	at com.kms.katalon.core.webui.keyword.internal.WebUIKeywordMain.stepFailed(WebUIKeywordMain.groovy:64)
	at com.kms.katalon.core.webui.keyword.internal.WebUIKeywordMain.runKeyword(WebUIKeywordMain.groovy:26)
	at com.kms.katalon.core.webui.keyword.builtin.ClickKeyword.click(ClickKeyword.groovy:74)
	at com.kms.katalon.core.webui.keyword.builtin.ClickKeyword.execute(ClickKeyword.groovy:40)
	at com.kms.katalon.core.keyword.internal.KeywordExecutor.executeKeywordForPlatform(KeywordExecutor.groovy:74)
	at com.kms.katalon.core.webui.keyword.WebUiBuiltInKeywords.click(WebUiBuiltInKeywords.groovy:659)
	at test_case_to_verify_data.run(test_case_to_verify_data:25)
	at com.kms.katalon.core.main.ScriptEngine.run(ScriptEngine.java:194)
	at com.kms.katalon.core.main.ScriptEngine.runScriptAsRawText(ScriptEngine.java:119)
	at com.kms.katalon.core.main.TestCaseExecutor.runScript(TestCaseExecutor.java:448)
	at com.kms.katalon.core.main.TestCaseExecutor.doExecute(TestCaseExecutor.java:439)
	at com.kms.katalon.core.main.TestCaseExecutor.processExecutionPhase(TestCaseExecutor.java:418)
	at com.kms.katalon.core.main.TestCaseExecutor.accessMainPhase(TestCaseExecutor.java:410)
	at com.kms.katalon.core.main.TestCaseExecutor.execute(TestCaseExecutor.java:285)
	at com.kms.katalon.core.main.TestCaseMain.runTestCase(TestCaseMain.java:137)
	at com.kms.katalon.core.keyword.builtin.CallTestCaseKeyword$_callTestCase_closure1.doCall(CallTestCaseKeyword.groovy:59)
	... 42 more
Caused by: com.kms.katalon.core.webui.exception.WebElementNotFoundException: Web element with id: 'Object Repository/to_verify_data/myinfo_option_from_side_bar' located by '//span[@class='oxd-text oxd-text--span oxd-main-menu-item--name' and text()='My Info']' not found
	at com.kms.katalon.core.webui.common.WebUiCommonHelper.findWebElement(WebUiCommonHelper.java:1426)
	at com.kms.katalon.core.webui.keyword.internal.WebUIAbstractKeyword.findWebElement(WebUIAbstractKeyword.groovy:27)
	at com.kms.katalon.core.webui.keyword.builtin.ClickKeyword$_click_closure1.doCall(ClickKeyword.groovy:65)
	at com.kms.katalon.core.webui.keyword.builtin.ClickKeyword$_click_closure1.call(ClickKeyword.groovy)
	at com.kms.katalon.core.webui.keyword.internal.WebUIKeywordMain.runKeyword(WebUIKeywordMain.groovy:20)
	... 56 more]]></system-out>
      <system-err><![CDATA[12-08-2024T15:28:24 - [TEST_SUITE][FAILED] - test_suite_for_excel_automation: Test Cases/test_case_for_excel_automation FAILED.
Reason:
com.kms.katalon.core.exception.StepFailedException: Call Test Case 'Test Cases/test_case_for_excel_automation_and_verifiying_data_in_excel' failed
	at com.kms.katalon.core.keyword.builtin.CallTestCaseKeyword$_callTestCase_closure1.doCall(CallTestCaseKeyword.groovy:63)
	at com.kms.katalon.core.keyword.builtin.CallTestCaseKeyword$_callTestCase_closure1.call(CallTestCaseKeyword.groovy)
	at com.kms.katalon.core.keyword.internal.KeywordMain.runKeyword(KeywordMain.groovy:75)
	at com.kms.katalon.core.keyword.builtin.CallTestCaseKeyword.callTestCase(CallTestCaseKeyword.groovy:81)
	at com.kms.katalon.core.keyword.builtin.CallTestCaseKeyword.execute(CallTestCaseKeyword.groovy:44)
	at com.kms.katalon.core.keyword.internal.KeywordExecutor.executeKeywordForPlatform(KeywordExecutor.groovy:74)
	at com.kms.katalon.core.keyword.BuiltinKeywords.callTestCase(BuiltinKeywords.groovy:310)
	at jdk.internal.reflect.GeneratedMethodAccessor24.invoke(Unknown Source)
	at java.base/jdk.internal.reflect.DelegatingMethodAccessorImpl.invoke(DelegatingMethodAccessorImpl.java:43)
	at test_case_for_excel_automation.run(test_case_for_excel_automation:131)
	at com.kms.katalon.core.main.ScriptEngine.run(ScriptEngine.java:194)
	at com.kms.katalon.core.main.ScriptEngine.runScriptAsRawText(ScriptEngine.java:119)
	at com.kms.katalon.core.main.TestCaseExecutor.runScript(TestCaseExecutor.java:448)
	at com.kms.katalon.core.main.TestCaseExecutor.doExecute(TestCaseExecutor.java:439)
	at com.kms.katalon.core.main.TestCaseExecutor.processExecutionPhase(TestCaseExecutor.java:418)
	at com.kms.katalon.core.main.TestCaseExecutor.accessMainPhase(TestCaseExecutor.java:410)
	at com.kms.katalon.core.main.TestCaseExecutor.execute(TestCaseExecutor.java:285)
	at com.kms.katalon.core.common.CommonExecutor.accessTestCaseMainPhase(CommonExecutor.java:65)
	at com.kms.katalon.core.main.TestSuiteExecutor.accessTestSuiteMainPhase(TestSuiteExecutor.java:150)
	at com.kms.katalon.core.main.TestSuiteExecutor.execute(TestSuiteExecutor.java:106)
	at com.kms.katalon.core.main.TestCaseMain.startTestSuite(TestCaseMain.java:180)
	at TempTestSuite1723456697144.run(TempTestSuite1723456697144.groovy:35)
	at java.base/jdk.internal.reflect.NativeMethodAccessorImpl.invoke0(Native Method)
	at java.base/jdk.internal.reflect.NativeMethodAccessorImpl.invoke(NativeMethodAccessorImpl.java:77)
	at java.base/jdk.internal.reflect.DelegatingMethodAccessorImpl.invoke(DelegatingMethodAccessorImpl.java:43)
Caused by: com.kms.katalon.core.exception.StepFailedException: Call Test Case 'Test Cases/test_case_to_verify_data' failed
	at com.kms.katalon.core.keyword.builtin.CallTestCaseKeyword$_callTestCase_closure1.doCall(CallTestCaseKeyword.groovy:63)
	at com.kms.katalon.core.keyword.builtin.CallTestCaseKeyword$_callTestCase_closure1.call(CallTestCaseKeyword.groovy)
	at com.kms.katalon.core.keyword.internal.KeywordMain.runKeyword(KeywordMain.groovy:75)
	at com.kms.katalon.core.keyword.builtin.CallTestCaseKeyword.callTestCase(CallTestCaseKeyword.groovy:81)
	at com.kms.katalon.core.keyword.builtin.CallTestCaseKeyword.execute(CallTestCaseKeyword.groovy:44)
	at com.kms.katalon.core.keyword.internal.KeywordExecutor.executeKeywordForPlatform(KeywordExecutor.groovy:74)
	at com.kms.katalon.core.keyword.BuiltinKeywords.callTestCase(BuiltinKeywords.groovy:310)
	at jdk.internal.reflect.GeneratedMethodAccessor24.invoke(Unknown Source)
	at java.base/jdk.internal.reflect.DelegatingMethodAccessorImpl.invoke(DelegatingMethodAccessorImpl.java:43)
	at test_case_for_excel_automation_and_verifiying_data_in_excel.run(test_case_for_excel_automation_and_verifiying_data_in_excel:76)
	at com.kms.katalon.core.main.ScriptEngine.run(ScriptEngine.java:194)
	at com.kms.katalon.core.main.ScriptEngine.runScriptAsRawText(ScriptEngine.java:119)
	at com.kms.katalon.core.main.TestCaseExecutor.runScript(TestCaseExecutor.java:448)
	at com.kms.katalon.core.main.TestCaseExecutor.doExecute(TestCaseExecutor.java:439)
	at com.kms.katalon.core.main.TestCaseExecutor.processExecutionPhase(TestCaseExecutor.java:418)
	at com.kms.katalon.core.main.TestCaseExecutor.accessMainPhase(TestCaseExecutor.java:410)
	at com.kms.katalon.core.main.TestCaseExecutor.execute(TestCaseExecutor.java:285)
	at com.kms.katalon.core.main.TestCaseMain.runTestCase(TestCaseMain.java:137)
	at com.kms.katalon.core.keyword.builtin.CallTestCaseKeyword$_callTestCase_closure1.doCall(CallTestCaseKeyword.groovy:59)
	... 24 more
Caused by: com.kms.katalon.core.exception.StepFailedException: Unable to click on object 'Object Repository/to_verify_data/myinfo_option_from_side_bar'
	at com.kms.katalon.core.webui.keyword.internal.WebUIKeywordMain.stepFailed(WebUIKeywordMain.groovy:64)
	at com.kms.katalon.core.webui.keyword.internal.WebUIKeywordMain.runKeyword(WebUIKeywordMain.groovy:26)
	at com.kms.katalon.core.webui.keyword.builtin.ClickKeyword.click(ClickKeyword.groovy:74)
	at com.kms.katalon.core.webui.keyword.builtin.ClickKeyword.execute(ClickKeyword.groovy:40)
	at com.kms.katalon.core.keyword.internal.KeywordExecutor.executeKeywordForPlatform(KeywordExecutor.groovy:74)
	at com.kms.katalon.core.webui.keyword.WebUiBuiltInKeywords.click(WebUiBuiltInKeywords.groovy:659)
	at test_case_to_verify_data.run(test_case_to_verify_data:25)
	at com.kms.katalon.core.main.ScriptEngine.run(ScriptEngine.java:194)
	at com.kms.katalon.core.main.ScriptEngine.runScriptAsRawText(ScriptEngine.java:119)
	at com.kms.katalon.core.main.TestCaseExecutor.runScript(TestCaseExecutor.java:448)
	at com.kms.katalon.core.main.TestCaseExecutor.doExecute(TestCaseExecutor.java:439)
	at com.kms.katalon.core.main.TestCaseExecutor.processExecutionPhase(TestCaseExecutor.java:418)
	at com.kms.katalon.core.main.TestCaseExecutor.accessMainPhase(TestCaseExecutor.java:410)
	at com.kms.katalon.core.main.TestCaseExecutor.execute(TestCaseExecutor.java:285)
	at com.kms.katalon.core.main.TestCaseMain.runTestCase(TestCaseMain.java:137)
	at com.kms.katalon.core.keyword.builtin.CallTestCaseKeyword$_callTestCase_closure1.doCall(CallTestCaseKeyword.groovy:59)
	... 42 more
Caused by: com.kms.katalon.core.webui.exception.WebElementNotFoundException: Web element with id: 'Object Repository/to_verify_data/myinfo_option_from_side_bar' located by '//span[@class='oxd-text oxd-text--span oxd-main-menu-item--name' and text()='My Info']' not found
	at com.kms.katalon.core.webui.common.WebUiCommonHelper.findWebElement(WebUiCommonHelper.java:1426)
	at com.kms.katalon.core.webui.keyword.internal.WebUIAbstractKeyword.findWebElement(WebUIAbstractKeyword.groovy:27)
	at com.kms.katalon.core.webui.keyword.builtin.ClickKeyword$_click_closure1.doCall(ClickKeyword.groovy:65)
	at com.kms.katalon.core.webui.keyword.builtin.ClickKeyword$_click_closure1.call(ClickKeyword.groovy)
	at com.kms.katalon.core.webui.keyword.internal.WebUIKeywordMain.runKeyword(WebUIKeywordMain.groovy:20)
	... 56 more]]></system-err>
   </testsuite>
</testsuites>
