<?xml version="1.0" encoding="UTF-8"?>
<testsuites name="test_suite_for_excel_automation" time="1261.158" tests="1" failures="0" errors="0">
   <testsuite name="test_suite_for_excel_automation" tests="1" failures="0" errors="0" time="1261.158" skipped="0" timestamp="12-08-2024T16:36:42" hostname="DELL - host.docker.internal" id="Test Suites/test_suite_for_excel_automation">
      <properties>
         <property name="deviceName" value=""/>
         <property name="devicePlatform"/>
         <property name="logFolder" value="C:\\Users\\DELL\\git\\excel_automation\\Reports\\20240812_163639\\test_suite_for_excel_automation\\20240812_163639"/>
         <property name="logFiles" value="C:\\Users\\DELL\\git\\excel_automation\\Reports\\20240812_163639\\test_suite_for_excel_automation\\20240812_163639\\execution0.log"/>
         <property name="attachments" value=""/>
         <property name="hostName" value="DELL - host.docker.internal"/>
         <property name="os" value="Windows 11 64bit"/>
         <property name="katalonVersion" value="9.5.0.217"/>
         <property name="browser" value="Chrome 127.0.0.0"/>
         <property name="hostAddress" value="192.168.31.251"/>
         <property name="sessionId" value="be1d25f2833a111c600a74bb92888f9c"/>
         <property name="seleniumVersion" value="3.141.59"/>
         <property name="proxyInformation" value="ProxyInformation { proxyOption=NO_PROXY, proxyServerType=HTTP, username=, password=********, proxyServerAddress=, proxyServerPort=0, executionList=&quot;&quot;, isApplyToDesiredCapabilities=true }"/>
         <property name="platform" value="Windows 11"/>
      </properties>
      <testcase name="Test Cases/test_case_for_excel_automation" time="1260.968" classname="Test Cases/test_case_for_excel_automation" status="PASSED">
         <system-out><![CDATA[12-08-2024T16:36:43 - [TEST_CASE][PASSED] - Test Cases/test_case_for_excel_automation: Test Cases/test_case_for_excel_automation

12-08-2024T16:36:43 - [TEST_STEP][PASSED] - callTestCase(findTestCase("LOGIN_TEST_CASE_FOR_ORANGE_HRM"), [:], STOP_ON_FAILURE): Call Test Case 'Test Cases/LOGIN_TEST_CASE_FOR_ORANGE_HRM' successfully

12-08-2024T16:36:43 - [TEST_CASE][PASSED] - Test Cases/LOGIN_TEST_CASE_FOR_ORANGE_HRM: Test Cases/LOGIN_TEST_CASE_FOR_ORANGE_HRM

12-08-2024T16:36:44 - [TEST_STEP][PASSED] - openBrowser(""): Browser is opened with url: ''

12-08-2024T16:36:44 - [MESSAGE][INFO] - Starting 'Chrome' driver

12-08-2024T16:36:44 - [MESSAGE][INFO] - Action delay is set to 0 milliseconds

12-08-2024T16:36:45 - [MESSAGE][PASSED] - Browser is opened with url: ''

12-08-2024T16:36:45 - [TEST_STEP][PASSED] - maximizeWindow(): Current window maximized

12-08-2024T16:36:45 - [MESSAGE][PASSED] - Current window maximized

12-08-2024T16:36:45 - [TEST_STEP][PASSED] - navigateToUrl("https://opensource-demo.orangehrmlive.com/web/index.php/auth/login"): Navigate to 'https://opensource-demo.orangehrmlive.com/web/index.php/auth/login' successfully

12-08-2024T16:37:14 - [MESSAGE][PASSED] - Navigate to 'https://opensource-demo.orangehrmlive.com/web/index.php/auth/login' successfully

12-08-2024T16:37:14 - [TEST_STEP][PASSED] - verifyElementPresent(findTestObject("Object Repository/LOGIN_TEST_CASE_FOR_ORANGE_HRM/username_text_box_login_page"), 10): Object 'Object Repository/LOGIN_TEST_CASE_FOR_ORANGE_HRM/username_text_box_login_page' is present

12-08-2024T16:37:16 - [MESSAGE][PASSED] - Object 'Object Repository/LOGIN_TEST_CASE_FOR_ORANGE_HRM/username_text_box_login_page' is present

12-08-2024T16:37:16 - [TEST_STEP][PASSED] - click(findTestObject("Object Repository/LOGIN_TEST_CASE_FOR_ORANGE_HRM/username_text_box_login_page")): Object: 'Object Repository/LOGIN_TEST_CASE_FOR_ORANGE_HRM/username_text_box_login_page' is clicked on

12-08-2024T16:37:17 - [MESSAGE][PASSED] - Object: 'Object Repository/LOGIN_TEST_CASE_FOR_ORANGE_HRM/username_text_box_login_page' is clicked on

12-08-2024T16:37:17 - [TEST_STEP][PASSED] - setText(findTestObject("Object Repository/LOGIN_TEST_CASE_FOR_ORANGE_HRM/username_text_box_login_page"), "Admin"): Text 'Admin' is set on object 'Object Repository/LOGIN_TEST_CASE_FOR_ORANGE_HRM/username_text_box_login_page'

12-08-2024T16:37:17 - [MESSAGE][PASSED] - Text 'Admin' is set on object 'Object Repository/LOGIN_TEST_CASE_FOR_ORANGE_HRM/username_text_box_login_page'

12-08-2024T16:37:17 - [TEST_STEP][PASSED] - verifyElementPresent(findTestObject("Object Repository/LOGIN_TEST_CASE_FOR_ORANGE_HRM/password_text_box_for_login_page"), 10): Object 'Object Repository/LOGIN_TEST_CASE_FOR_ORANGE_HRM/password_text_box_for_login_page' is present

12-08-2024T16:37:18 - [MESSAGE][PASSED] - Object 'Object Repository/LOGIN_TEST_CASE_FOR_ORANGE_HRM/password_text_box_for_login_page' is present

12-08-2024T16:37:18 - [TEST_STEP][PASSED] - click(findTestObject("Object Repository/LOGIN_TEST_CASE_FOR_ORANGE_HRM/password_text_box_for_login_page")): Object: 'Object Repository/LOGIN_TEST_CASE_FOR_ORANGE_HRM/password_text_box_for_login_page' is clicked on

12-08-2024T16:37:18 - [MESSAGE][PASSED] - Object: 'Object Repository/LOGIN_TEST_CASE_FOR_ORANGE_HRM/password_text_box_for_login_page' is clicked on

12-08-2024T16:37:18 - [TEST_STEP][PASSED] - setText(findTestObject("Object Repository/LOGIN_TEST_CASE_FOR_ORANGE_HRM/password_text_box_for_login_page"), "admin123"): Text 'admin123' is set on object 'Object Repository/LOGIN_TEST_CASE_FOR_ORANGE_HRM/password_text_box_for_login_page'

12-08-2024T16:37:19 - [MESSAGE][PASSED] - Text 'admin123' is set on object 'Object Repository/LOGIN_TEST_CASE_FOR_ORANGE_HRM/password_text_box_for_login_page'

12-08-2024T16:37:19 - [TEST_STEP][PASSED] - verifyElementPresent(findTestObject("Object Repository/LOGIN_TEST_CASE_FOR_ORANGE_HRM/login_button_for_login_page"), 0): Object 'Object Repository/LOGIN_TEST_CASE_FOR_ORANGE_HRM/login_button_for_login_page' is present

12-08-2024T16:37:19 - [MESSAGE][WARNING] - Timeout '0' is invalid. Using default page load timeout: '30'

12-08-2024T16:37:19 - [MESSAGE][PASSED] - Object 'Object Repository/LOGIN_TEST_CASE_FOR_ORANGE_HRM/login_button_for_login_page' is present

12-08-2024T16:37:19 - [TEST_STEP][PASSED] - click(findTestObject("Object Repository/LOGIN_TEST_CASE_FOR_ORANGE_HRM/login_button_for_login_page")): Object: 'Object Repository/LOGIN_TEST_CASE_FOR_ORANGE_HRM/login_button_for_login_page' is clicked on

12-08-2024T16:37:21 - [MESSAGE][PASSED] - Object: 'Object Repository/LOGIN_TEST_CASE_FOR_ORANGE_HRM/login_button_for_login_page' is clicked on

12-08-2024T16:37:21 - [MESSAGE][PASSED] - Call Test Case 'Test Cases/LOGIN_TEST_CASE_FOR_ORANGE_HRM' successfully

12-08-2024T16:37:21 - [TEST_STEP][PASSED] - excelFilePath = "C:\Users\DELL\OneDrive\Desktop\mail\add_employee_data.xlsx": null

12-08-2024T16:37:21 - [TEST_STEP][PASSED] - sheetName = "Sheet1": null

12-08-2024T16:37:21 - [TEST_STEP][PASSED] - file = new java.io.File(excelFilePath): null

12-08-2024T16:37:21 - [TEST_STEP][PASSED] - workbook = <not implemented yet for class: org.codehaus.groovy.ast.expr.EmptyExpression>: null

12-08-2024T16:37:21 - [TEST_STEP][PASSED] - sheet = <not implemented yet for class: org.codehaus.groovy.ast.expr.EmptyExpression>: null

12-08-2024T16:37:21 - [TEST_STEP][PASSED] - if (!(file.exists())): null

12-08-2024T16:37:21 - [TEST_STEP][PASSED] - fis = new java.io.FileInputStream(file): null

12-08-2024T16:37:21 - [TEST_STEP][PASSED] - workbook = new org.apache.poi.xssf.usermodel.XSSFWorkbook(fis): null

12-08-2024T16:37:22 - [TEST_STEP][PASSED] - sheet = workbook.getSheet(sheetName): null

12-08-2024T16:37:22 - [TEST_STEP][PASSED] - if (sheet == null): null

12-08-2024T16:37:22 - [TEST_STEP][PASSED] - if (sheet.getPhysicalNumberOfRows() == 0): null

12-08-2024T16:37:22 - [TEST_STEP][PASSED] - headerRow = sheet.createRow(0): null

12-08-2024T16:37:22 - [TEST_STEP][PASSED] - createCell(0).setCellValue("First_name"): null

12-08-2024T16:37:22 - [TEST_STEP][PASSED] - createCell(1).setCellValue("Middle_name"): null

12-08-2024T16:37:22 - [TEST_STEP][PASSED] - createCell(2).setCellValue("Last_name"): null

12-08-2024T16:37:22 - [TEST_STEP][PASSED] - createCell(3).setCellValue("Username"): null

12-08-2024T16:37:22 - [TEST_STEP][PASSED] - createCell(4).setCellValue("Password"): null

12-08-2024T16:37:22 - [TEST_STEP][PASSED] - createCell(5).setCellValue("Employee_id"): null

12-08-2024T16:37:22 - [TEST_STEP][PASSED] - loopCount = Integer.parseInt(RandomStringUtils.randomNumeric(2)) % 11 + 15: null

12-08-2024T16:37:22 - [TEST_STEP][PASSED] - for ([i = 1, i <= loopCount, (i++)]): null

12-08-2024T16:37:22 - [TEST_STEP][PASSED] - callTestCase(findTestCase("ADDING_A_NEW_EMPLOYEE"), [:], STOP_ON_FAILURE): Call Test Case 'Test Cases/ADDING_A_NEW_EMPLOYEE' successfully

12-08-2024T16:37:22 - [TEST_CASE][PASSED] - Test Cases/ADDING_A_NEW_EMPLOYEE: Test Cases/ADDING_A_NEW_EMPLOYEE

12-08-2024T16:37:22 - [TEST_STEP][PASSED] - verifyElementPresent(findTestObject("ADDING_A_NEW_EMPLOYEE/pim_option_from_side_bar"), 10): Object 'Object Repository/ADDING_A_NEW_EMPLOYEE/pim_option_from_side_bar' is present

12-08-2024T16:37:25 - [MESSAGE][PASSED] - Object 'Object Repository/ADDING_A_NEW_EMPLOYEE/pim_option_from_side_bar' is present

12-08-2024T16:37:25 - [TEST_STEP][PASSED] - click(findTestObject("ADDING_A_NEW_EMPLOYEE/pim_option_from_side_bar")): Object: 'Object Repository/ADDING_A_NEW_EMPLOYEE/pim_option_from_side_bar' is clicked on

12-08-2024T16:37:38 - [MESSAGE][PASSED] - Object: 'Object Repository/ADDING_A_NEW_EMPLOYEE/pim_option_from_side_bar' is clicked on

12-08-2024T16:37:38 - [TEST_STEP][PASSED] - waitForElementPresent(findTestObject("ADDING_A_NEW_EMPLOYEE/adding_new_employee_button_in_pim_page"), 10): Object 'Object Repository/ADDING_A_NEW_EMPLOYEE/adding_new_employee_button_in_pim_page' is present

12-08-2024T16:37:42 - [MESSAGE][PASSED] - Object 'Object Repository/ADDING_A_NEW_EMPLOYEE/adding_new_employee_button_in_pim_page' is present

12-08-2024T16:37:42 - [TEST_STEP][PASSED] - click(findTestObject("ADDING_A_NEW_EMPLOYEE/adding_new_employee_button_in_pim_page")): Object: 'Object Repository/ADDING_A_NEW_EMPLOYEE/adding_new_employee_button_in_pim_page' is clicked on

12-08-2024T16:37:43 - [MESSAGE][PASSED] - Object: 'Object Repository/ADDING_A_NEW_EMPLOYEE/adding_new_employee_button_in_pim_page' is clicked on

12-08-2024T16:37:43 - [TEST_STEP][PASSED] - verifyElementPresent(findTestObject("ADDING_A_NEW_EMPLOYEE/create_login_details_checkbox"), 10): Object 'Object Repository/ADDING_A_NEW_EMPLOYEE/create_login_details_checkbox' is present

12-08-2024T16:37:44 - [MESSAGE][PASSED] - Object 'Object Repository/ADDING_A_NEW_EMPLOYEE/create_login_details_checkbox' is present

12-08-2024T16:37:44 - [TEST_STEP][PASSED] - click(findTestObject("ADDING_A_NEW_EMPLOYEE/create_login_details_checkbox")): Object: 'Object Repository/ADDING_A_NEW_EMPLOYEE/create_login_details_checkbox' is clicked on

12-08-2024T16:37:45 - [MESSAGE][PASSED] - Object: 'Object Repository/ADDING_A_NEW_EMPLOYEE/create_login_details_checkbox' is clicked on

12-08-2024T16:37:45 - [TEST_STEP][PASSED] - verifyElementPresent(findTestObject("Object Repository/ADDING_A_NEW_EMPLOYEE/Add_employee_enabled_radio_button"), 10): Object 'Object Repository/ADDING_A_NEW_EMPLOYEE/Add_employee_enabled_radio_button' is present

12-08-2024T16:37:45 - [MESSAGE][PASSED] - Object 'Object Repository/ADDING_A_NEW_EMPLOYEE/Add_employee_enabled_radio_button' is present

12-08-2024T16:37:45 - [TEST_STEP][PASSED] - click(findTestObject("Object Repository/ADDING_A_NEW_EMPLOYEE/Add_employee_enabled_radio_button")): Object: 'Object Repository/ADDING_A_NEW_EMPLOYEE/Add_employee_enabled_radio_button' is clicked on

12-08-2024T16:37:46 - [MESSAGE][PASSED] - Object: 'Object Repository/ADDING_A_NEW_EMPLOYEE/Add_employee_enabled_radio_button' is clicked on

12-08-2024T16:37:46 - [TEST_STEP][PASSED] - verifyElementPresent(findTestObject("Object Repository/ADDING_A_NEW_EMPLOYEE/Add_Employee_first_name"), 10): Object 'Object Repository/ADDING_A_NEW_EMPLOYEE/Add_Employee_first_name' is present

12-08-2024T16:37:46 - [MESSAGE][PASSED] - Object 'Object Repository/ADDING_A_NEW_EMPLOYEE/Add_Employee_first_name' is present

12-08-2024T16:37:46 - [TEST_STEP][PASSED] - click(findTestObject("Object Repository/ADDING_A_NEW_EMPLOYEE/Add_Employee_first_name")): Object: 'Object Repository/ADDING_A_NEW_EMPLOYEE/Add_Employee_first_name' is clicked on

12-08-2024T16:37:46 - [MESSAGE][PASSED] - Object: 'Object Repository/ADDING_A_NEW_EMPLOYEE/Add_Employee_first_name' is clicked on

12-08-2024T16:37:46 - [TEST_STEP][PASSED] - setText(findTestObject("Object Repository/ADDING_A_NEW_EMPLOYEE/Add_Employee_first_name"), "First_name_" + RandomStringUtils.randomAlphabetic(7)): Text 'First_name_ZHZuiiL' is set on object 'Object Repository/ADDING_A_NEW_EMPLOYEE/Add_Employee_first_name'

12-08-2024T16:37:47 - [MESSAGE][PASSED] - Text 'First_name_ZHZuiiL' is set on object 'Object Repository/ADDING_A_NEW_EMPLOYEE/Add_Employee_first_name'

12-08-2024T16:37:47 - [TEST_STEP][PASSED] - verifyElementPresent(findTestObject("Object Repository/ADDING_A_NEW_EMPLOYEE/Add_employee_middle_name"), 10): Object 'Object Repository/ADDING_A_NEW_EMPLOYEE/Add_employee_middle_name' is present

12-08-2024T16:37:47 - [MESSAGE][PASSED] - Object 'Object Repository/ADDING_A_NEW_EMPLOYEE/Add_employee_middle_name' is present

12-08-2024T16:37:47 - [TEST_STEP][PASSED] - click(findTestObject("Object Repository/ADDING_A_NEW_EMPLOYEE/Add_employee_middle_name")): Object: 'Object Repository/ADDING_A_NEW_EMPLOYEE/Add_employee_middle_name' is clicked on

12-08-2024T16:37:48 - [MESSAGE][PASSED] - Object: 'Object Repository/ADDING_A_NEW_EMPLOYEE/Add_employee_middle_name' is clicked on

12-08-2024T16:37:48 - [TEST_STEP][PASSED] - setText(findTestObject("Object Repository/ADDING_A_NEW_EMPLOYEE/Add_employee_middle_name"), "Middle_name_" + RandomStringUtils.randomAlphabetic(7)): Text 'Middle_name_HFOSHHZ' is set on object 'Object Repository/ADDING_A_NEW_EMPLOYEE/Add_employee_middle_name'

12-08-2024T16:37:48 - [MESSAGE][PASSED] - Text 'Middle_name_HFOSHHZ' is set on object 'Object Repository/ADDING_A_NEW_EMPLOYEE/Add_employee_middle_name'

12-08-2024T16:37:48 - [TEST_STEP][PASSED] - verifyElementPresent(findTestObject("Object Repository/ADDING_A_NEW_EMPLOYEE/Add_employee_last_name"), 10): Object 'Object Repository/ADDING_A_NEW_EMPLOYEE/Add_employee_last_name' is present

12-08-2024T16:37:49 - [MESSAGE][PASSED] - Object 'Object Repository/ADDING_A_NEW_EMPLOYEE/Add_employee_last_name' is present

12-08-2024T16:37:49 - [TEST_STEP][PASSED] - click(findTestObject("Object Repository/ADDING_A_NEW_EMPLOYEE/Add_employee_last_name")): Object: 'Object Repository/ADDING_A_NEW_EMPLOYEE/Add_employee_last_name' is clicked on

12-08-2024T16:37:49 - [MESSAGE][PASSED] - Object: 'Object Repository/ADDING_A_NEW_EMPLOYEE/Add_employee_last_name' is clicked on

12-08-2024T16:37:49 - [TEST_STEP][PASSED] - setText(findTestObject("Object Repository/ADDING_A_NEW_EMPLOYEE/Add_employee_last_name"), "Last_name_" + RandomStringUtils.randomAlphabetic(7)): Text 'Last_name_DjvZpPD' is set on object 'Object Repository/ADDING_A_NEW_EMPLOYEE/Add_employee_last_name'

12-08-2024T16:37:50 - [MESSAGE][PASSED] - Text 'Last_name_DjvZpPD' is set on object 'Object Repository/ADDING_A_NEW_EMPLOYEE/Add_employee_last_name'

12-08-2024T16:37:50 - [TEST_STEP][PASSED] - randomString_001 = RandomStringUtils.randomNumeric(6): null

12-08-2024T16:37:50 - [TEST_STEP][PASSED] - newValue_001 = "333" + randomString_001: null

12-08-2024T16:37:50 - [TEST_STEP][PASSED] - xpath_for_employee_id = "//label[text()='Employee Id']/ancestor::div[@class='oxd-input-group__label-wrapper']/following-sibling::div//input[@class='oxd-input oxd-input--active']": null

12-08-2024T16:37:50 - [TEST_STEP][PASSED] - inputField_001 = TestObject().addProperty("xpath", EQUALS, xpath_for_employee_id): null

12-08-2024T16:37:50 - [TEST_STEP][PASSED] - executeJavaScript(
    var element = document.evaluate("$xpath_for_employee_id", document, null, XPathResult.FIRST_ORDERED_NODE_TYPE, null).singleNodeValue;
    if (element) {
        element.value = '$newValue_001';
        var event = new Event('input', { bubbles: true });
        element.dispatchEvent(event);
    }
    , null): Execute JavaScript '
    var element = document.evaluate("//label[text()='Employee Id']/ancestor::div[@class='oxd-input-group__label-wrapper']/following-sibling::div//input[@class='oxd-input oxd-input--active']", document, null, XPathResult.FIRST_ORDERED_NODE_TYPE, null).singleNodeValue;
    if (element) {
        element.value = '333255959';
        var event = new Event('input', { bubbles: true });
        element.dispatchEvent(event);
    }
    ' successfully

12-08-2024T16:37:50 - [MESSAGE][PASSED] - Execute JavaScript '
    var element = document.evaluate("//label[text()='Employee Id']/ancestor::div[@class='oxd-input-group__label-wrapper']/following-sibling::div//input[@class='oxd-input oxd-input--active']", document, null, XPathResult.FIRST_ORDERED_NODE_TYPE, null).singleNodeValue;
    if (element) {
        element.value = '333255959';
        var event = new Event('input', { bubbles: true });
        element.dispatchEvent(event);
    }
    ' successfully

12-08-2024T16:37:50 - [TEST_STEP][PASSED] - delay(3): Delayed 3 second(s)

12-08-2024T16:37:53 - [MESSAGE][PASSED] - Delayed 3 second(s)

12-08-2024T16:37:53 - [TEST_STEP][PASSED] - randomString_for_password = RandomStringUtils.randomNumeric(6): null

12-08-2024T16:37:53 - [TEST_STEP][PASSED] - new_Value_for_password = "Fiboo" + randomString_for_password + "@@": null

12-08-2024T16:37:53 - [TEST_STEP][PASSED] - xpath_for_password = "//label[text()='Username']/ancestor::div[@class='oxd-input-group__label-wrapper']/following-sibling::div//input[@class='oxd-input oxd-input--active']": null

12-08-2024T16:37:53 - [TEST_STEP][PASSED] - inputField_for_password = TestObject().addProperty("xpath", EQUALS, xpath_for_password): null

12-08-2024T16:37:53 - [TEST_STEP][PASSED] - executeJavaScript(
    var element = document.evaluate("$xpath_for_password", document, null, XPathResult.FIRST_ORDERED_NODE_TYPE, null).singleNodeValue;
    if (element) {
        element.value = '$new_Value_for_password';
        var event = new Event('input', { bubbles: true });
        element.dispatchEvent(event);
    }
    , null): Execute JavaScript '
    var element = document.evaluate("//label[text()='Username']/ancestor::div[@class='oxd-input-group__label-wrapper']/following-sibling::div//input[@class='oxd-input oxd-input--active']", document, null, XPathResult.FIRST_ORDERED_NODE_TYPE, null).singleNodeValue;
    if (element) {
        element.value = 'Fiboo229210@@';
        var event = new Event('input', { bubbles: true });
        element.dispatchEvent(event);
    }
    ' successfully

12-08-2024T16:37:53 - [MESSAGE][PASSED] - Execute JavaScript '
    var element = document.evaluate("//label[text()='Username']/ancestor::div[@class='oxd-input-group__label-wrapper']/following-sibling::div//input[@class='oxd-input oxd-input--active']", document, null, XPathResult.FIRST_ORDERED_NODE_TYPE, null).singleNodeValue;
    if (element) {
        element.value = 'Fiboo229210@@';
        var event = new Event('input', { bubbles: true });
        element.dispatchEvent(event);
    }
    ' successfully

12-08-2024T16:37:53 - [TEST_STEP][PASSED] - delay(1): Delayed 1 second(s)

12-08-2024T16:37:54 - [MESSAGE][PASSED] - Delayed 1 second(s)

12-08-2024T16:37:54 - [TEST_STEP][PASSED] - Password = getAttribute(findTestObject("Object Repository/ADDING_A_NEW_EMPLOYEE/Add_employee_username"), "value"): Attribute 'value' of object 'Object Repository/ADDING_A_NEW_EMPLOYEE/Add_employee_username' is: 'Fiboo229210@@'

12-08-2024T16:37:54 - [MESSAGE][PASSED] - Attribute 'value' of object 'Object Repository/ADDING_A_NEW_EMPLOYEE/Add_employee_username' is: 'Fiboo229210@@'

12-08-2024T16:37:54 - [TEST_STEP][PASSED] - out.println(Password): null

12-08-2024T16:37:54 - [TEST_STEP][PASSED] - new_Value_for_password_001 = Password: null

12-08-2024T16:37:54 - [TEST_STEP][PASSED] - xpath_for_password_001 = "//label[text()='Password']/ancestor::div[@class='oxd-input-group__label-wrapper']/following-sibling::div//input[@class='oxd-input oxd-input--active']": null

12-08-2024T16:37:54 - [TEST_STEP][PASSED] - inputField_for_password_001 = TestObject().addProperty("xpath", EQUALS, xpath_for_password_001): null

12-08-2024T16:37:54 - [TEST_STEP][PASSED] - executeJavaScript(
    var element = document.evaluate("$xpath_for_password_001", document, null, XPathResult.FIRST_ORDERED_NODE_TYPE, null).singleNodeValue;
    if (element) {
        element.value = '$new_Value_for_password_001';
        var event = new Event('input', { bubbles: true });
        element.dispatchEvent(event);
    }
    , null): Execute JavaScript '
    var element = document.evaluate("//label[text()='Password']/ancestor::div[@class='oxd-input-group__label-wrapper']/following-sibling::div//input[@class='oxd-input oxd-input--active']", document, null, XPathResult.FIRST_ORDERED_NODE_TYPE, null).singleNodeValue;
    if (element) {
        element.value = 'Fiboo229210@@';
        var event = new Event('input', { bubbles: true });
        element.dispatchEvent(event);
    }
    ' successfully

12-08-2024T16:37:55 - [MESSAGE][PASSED] - Execute JavaScript '
    var element = document.evaluate("//label[text()='Password']/ancestor::div[@class='oxd-input-group__label-wrapper']/following-sibling::div//input[@class='oxd-input oxd-input--active']", document, null, XPathResult.FIRST_ORDERED_NODE_TYPE, null).singleNodeValue;
    if (element) {
        element.value = 'Fiboo229210@@';
        var event = new Event('input', { bubbles: true });
        element.dispatchEvent(event);
    }
    ' successfully

12-08-2024T16:37:55 - [TEST_STEP][PASSED] - delay(1): Delayed 1 second(s)

12-08-2024T16:37:56 - [MESSAGE][PASSED] - Delayed 1 second(s)

12-08-2024T16:37:56 - [TEST_STEP][PASSED] - new_Value_for_password_002 = Password: null

12-08-2024T16:37:56 - [TEST_STEP][PASSED] - xpath_for_password_002 = "//label[text()='Confirm Password']/ancestor::div[@class='oxd-input-group__label-wrapper']/following-sibling::div//input[@class='oxd-input oxd-input--active']": null

12-08-2024T16:37:56 - [TEST_STEP][PASSED] - inputField_for_password_002 = TestObject().addProperty("xpath", EQUALS, xpath_for_password_002): null

12-08-2024T16:37:56 - [TEST_STEP][PASSED] - executeJavaScript(
    var element = document.evaluate("$xpath_for_password_002", document, null, XPathResult.FIRST_ORDERED_NODE_TYPE, null).singleNodeValue;
    if (element) {
        element.value = '$new_Value_for_password_002';
        var event = new Event('input', { bubbles: true });
        element.dispatchEvent(event);
    }
    , null): Execute JavaScript '
    var element = document.evaluate("//label[text()='Confirm Password']/ancestor::div[@class='oxd-input-group__label-wrapper']/following-sibling::div//input[@class='oxd-input oxd-input--active']", document, null, XPathResult.FIRST_ORDERED_NODE_TYPE, null).singleNodeValue;
    if (element) {
        element.value = 'Fiboo229210@@';
        var event = new Event('input', { bubbles: true });
        element.dispatchEvent(event);
    }
    ' successfully

12-08-2024T16:37:56 - [MESSAGE][PASSED] - Execute JavaScript '
    var element = document.evaluate("//label[text()='Confirm Password']/ancestor::div[@class='oxd-input-group__label-wrapper']/following-sibling::div//input[@class='oxd-input oxd-input--active']", document, null, XPathResult.FIRST_ORDERED_NODE_TYPE, null).singleNodeValue;
    if (element) {
        element.value = 'Fiboo229210@@';
        var event = new Event('input', { bubbles: true });
        element.dispatchEvent(event);
    }
    ' successfully

12-08-2024T16:37:56 - [TEST_STEP][PASSED] - delay(1): Delayed 1 second(s)

12-08-2024T16:37:57 - [MESSAGE][PASSED] - Delayed 1 second(s)

12-08-2024T16:37:57 - [TEST_STEP][PASSED] - randomString = RandomStringUtils.randomAlphabetic(7): null

12-08-2024T16:37:57 - [TEST_STEP][PASSED] - newValue = "User_name_" + randomString: null

12-08-2024T16:37:57 - [TEST_STEP][PASSED] - xpath_for_user_name = "//label[text()='Username']/ancestor::div[@class='oxd-input-group__label-wrapper']/following-sibling::div//input[@class='oxd-input oxd-input--active']": null

12-08-2024T16:37:57 - [TEST_STEP][PASSED] - inputField = TestObject().addProperty("xpath", EQUALS, xpath_for_user_name): null

12-08-2024T16:37:57 - [TEST_STEP][PASSED] - executeJavaScript(
    var element = document.evaluate("$xpath_for_user_name", document, null, XPathResult.FIRST_ORDERED_NODE_TYPE, null).singleNodeValue;
    if (element) {
        element.value = '$newValue';
        var event = new Event('input', { bubbles: true });
        element.dispatchEvent(event);
    }
    , null): Execute JavaScript '
    var element = document.evaluate("//label[text()='Username']/ancestor::div[@class='oxd-input-group__label-wrapper']/following-sibling::div//input[@class='oxd-input oxd-input--active']", document, null, XPathResult.FIRST_ORDERED_NODE_TYPE, null).singleNodeValue;
    if (element) {
        element.value = 'User_name_RWNAyci';
        var event = new Event('input', { bubbles: true });
        element.dispatchEvent(event);
    }
    ' successfully

12-08-2024T16:37:57 - [MESSAGE][PASSED] - Execute JavaScript '
    var element = document.evaluate("//label[text()='Username']/ancestor::div[@class='oxd-input-group__label-wrapper']/following-sibling::div//input[@class='oxd-input oxd-input--active']", document, null, XPathResult.FIRST_ORDERED_NODE_TYPE, null).singleNodeValue;
    if (element) {
        element.value = 'User_name_RWNAyci';
        var event = new Event('input', { bubbles: true });
        element.dispatchEvent(event);
    }
    ' successfully

12-08-2024T16:37:57 - [TEST_STEP][PASSED] - delay(1): Delayed 1 second(s)

12-08-2024T16:37:58 - [MESSAGE][PASSED] - Delayed 1 second(s)

12-08-2024T16:37:58 - [TEST_STEP][PASSED] - User_name = getAttribute(findTestObject("Object Repository/ADDING_A_NEW_EMPLOYEE/Add_employee_username"), "value"): Attribute 'value' of object 'Object Repository/ADDING_A_NEW_EMPLOYEE/Add_employee_username' is: 'User_name_RWNAyci'

12-08-2024T16:37:58 - [MESSAGE][PASSED] - Attribute 'value' of object 'Object Repository/ADDING_A_NEW_EMPLOYEE/Add_employee_username' is: 'User_name_RWNAyci'

12-08-2024T16:37:58 - [TEST_STEP][PASSED] - out.println(User_name): null

12-08-2024T16:37:58 - [TEST_STEP][PASSED] - out.println(Password): null

12-08-2024T16:37:58 - [TEST_STEP][PASSED] - First_name = getAttribute(findTestObject("Object Repository/ADDING_A_NEW_EMPLOYEE/Add_Employee_first_name"), "value"): Attribute 'value' of object 'Object Repository/ADDING_A_NEW_EMPLOYEE/Add_Employee_first_name' is: 'First_name_ZHZuiiL'

12-08-2024T16:37:58 - [MESSAGE][PASSED] - Attribute 'value' of object 'Object Repository/ADDING_A_NEW_EMPLOYEE/Add_Employee_first_name' is: 'First_name_ZHZuiiL'

12-08-2024T16:37:58 - [TEST_STEP][PASSED] - out.println(First_name): null

12-08-2024T16:37:58 - [TEST_STEP][PASSED] - Middle_name = getAttribute(findTestObject("Object Repository/ADDING_A_NEW_EMPLOYEE/Add_employee_middle_name"), "value"): Attribute 'value' of object 'Object Repository/ADDING_A_NEW_EMPLOYEE/Add_employee_middle_name' is: 'Middle_name_HFOSHHZ'

12-08-2024T16:37:59 - [MESSAGE][PASSED] - Attribute 'value' of object 'Object Repository/ADDING_A_NEW_EMPLOYEE/Add_employee_middle_name' is: 'Middle_name_HFOSHHZ'

12-08-2024T16:37:59 - [TEST_STEP][PASSED] - out.println(Middle_name): null

12-08-2024T16:37:59 - [TEST_STEP][PASSED] - Last_name = getAttribute(findTestObject("Object Repository/ADDING_A_NEW_EMPLOYEE/Add_employee_last_name"), "value"): Attribute 'value' of object 'Object Repository/ADDING_A_NEW_EMPLOYEE/Add_employee_last_name' is: 'Last_name_DjvZpPD'

12-08-2024T16:37:59 - [MESSAGE][PASSED] - Attribute 'value' of object 'Object Repository/ADDING_A_NEW_EMPLOYEE/Add_employee_last_name' is: 'Last_name_DjvZpPD'

12-08-2024T16:37:59 - [TEST_STEP][PASSED] - out.println(Last_name): null

12-08-2024T16:37:59 - [TEST_STEP][PASSED] - employee_id = getAttribute(findTestObject("Object Repository/ADDING_A_NEW_EMPLOYEE/Add_employee_id"), "value"): Attribute 'value' of object 'Object Repository/ADDING_A_NEW_EMPLOYEE/Add_employee_id' is: '333255959'

12-08-2024T16:37:59 - [MESSAGE][PASSED] - Attribute 'value' of object 'Object Repository/ADDING_A_NEW_EMPLOYEE/Add_employee_id' is: '333255959'

12-08-2024T16:37:59 - [TEST_STEP][PASSED] - out.println(employee_id): null

12-08-2024T16:37:59 - [TEST_STEP][PASSED] - delay(3): Delayed 3 second(s)

12-08-2024T16:38:02 - [MESSAGE][PASSED] - Delayed 3 second(s)

12-08-2024T16:38:02 - [TEST_STEP][PASSED] - click(findTestObject("Object Repository/ADDING_A_NEW_EMPLOYEE/Add_employee_save_button")): Object: 'Object Repository/ADDING_A_NEW_EMPLOYEE/Add_employee_save_button' is clicked on

12-08-2024T16:38:03 - [MESSAGE][PASSED] - Object: 'Object Repository/ADDING_A_NEW_EMPLOYEE/Add_employee_save_button' is clicked on

12-08-2024T16:38:03 - [TEST_STEP][PASSED] - delay(2): Delayed 2 second(s)

12-08-2024T16:38:05 - [MESSAGE][PASSED] - Delayed 2 second(s)

12-08-2024T16:38:05 - [MESSAGE][PASSED] - Call Test Case 'Test Cases/ADDING_A_NEW_EMPLOYEE' successfully

12-08-2024T16:38:05 - [TEST_STEP][PASSED] - rowIndex = sheet.getLastRowNum() + 1: null

12-08-2024T16:38:05 - [TEST_STEP][PASSED] - row = sheet.createRow(rowIndex): null

12-08-2024T16:38:05 - [TEST_STEP][PASSED] - createCell(0).setCellValue(First_name): null

12-08-2024T16:38:05 - [TEST_STEP][PASSED] - createCell(1).setCellValue(Middle_name): null

12-08-2024T16:38:05 - [TEST_STEP][PASSED] - createCell(2).setCellValue(Last_name): null

12-08-2024T16:38:05 - [TEST_STEP][PASSED] - createCell(3).setCellValue(User_name): null

12-08-2024T16:38:05 - [TEST_STEP][PASSED] - createCell(4).setCellValue(Password): null

12-08-2024T16:38:05 - [TEST_STEP][PASSED] - createCell(5).setCellValue(employee_id): null

12-08-2024T16:38:05 - [TEST_STEP][PASSED] - callTestCase(findTestCase("ADDING_A_NEW_EMPLOYEE"), [:], STOP_ON_FAILURE): Call Test Case 'Test Cases/ADDING_A_NEW_EMPLOYEE' successfully

12-08-2024T16:38:05 - [TEST_CASE][PASSED] - Test Cases/ADDING_A_NEW_EMPLOYEE: Test Cases/ADDING_A_NEW_EMPLOYEE

12-08-2024T16:38:05 - [TEST_STEP][PASSED] - verifyElementPresent(findTestObject("ADDING_A_NEW_EMPLOYEE/pim_option_from_side_bar"), 10): Object 'Object Repository/ADDING_A_NEW_EMPLOYEE/pim_option_from_side_bar' is present

12-08-2024T16:38:05 - [MESSAGE][PASSED] - Object 'Object Repository/ADDING_A_NEW_EMPLOYEE/pim_option_from_side_bar' is present

12-08-2024T16:38:05 - [TEST_STEP][PASSED] - click(findTestObject("ADDING_A_NEW_EMPLOYEE/pim_option_from_side_bar")): Object: 'Object Repository/ADDING_A_NEW_EMPLOYEE/pim_option_from_side_bar' is clicked on

12-08-2024T16:38:07 - [MESSAGE][PASSED] - Object: 'Object Repository/ADDING_A_NEW_EMPLOYEE/pim_option_from_side_bar' is clicked on

12-08-2024T16:38:07 - [TEST_STEP][PASSED] - waitForElementPresent(findTestObject("ADDING_A_NEW_EMPLOYEE/adding_new_employee_button_in_pim_page"), 10): Object 'Object Repository/ADDING_A_NEW_EMPLOYEE/adding_new_employee_button_in_pim_page' is present

12-08-2024T16:38:09 - [MESSAGE][PASSED] - Object 'Object Repository/ADDING_A_NEW_EMPLOYEE/adding_new_employee_button_in_pim_page' is present

12-08-2024T16:38:09 - [TEST_STEP][PASSED] - click(findTestObject("ADDING_A_NEW_EMPLOYEE/adding_new_employee_button_in_pim_page")): Object: 'Object Repository/ADDING_A_NEW_EMPLOYEE/adding_new_employee_button_in_pim_page' is clicked on

12-08-2024T16:38:10 - [MESSAGE][PASSED] - Object: 'Object Repository/ADDING_A_NEW_EMPLOYEE/adding_new_employee_button_in_pim_page' is clicked on

12-08-2024T16:38:10 - [TEST_STEP][PASSED] - verifyElementPresent(findTestObject("ADDING_A_NEW_EMPLOYEE/create_login_details_checkbox"), 10): Object 'Object Repository/ADDING_A_NEW_EMPLOYEE/create_login_details_checkbox' is present

12-08-2024T16:38:11 - [MESSAGE][PASSED] - Object 'Object Repository/ADDING_A_NEW_EMPLOYEE/create_login_details_checkbox' is present

12-08-2024T16:38:11 - [TEST_STEP][PASSED] - click(findTestObject("ADDING_A_NEW_EMPLOYEE/create_login_details_checkbox")): Object: 'Object Repository/ADDING_A_NEW_EMPLOYEE/create_login_details_checkbox' is clicked on

12-08-2024T16:38:11 - [MESSAGE][PASSED] - Object: 'Object Repository/ADDING_A_NEW_EMPLOYEE/create_login_details_checkbox' is clicked on

12-08-2024T16:38:11 - [TEST_STEP][PASSED] - verifyElementPresent(findTestObject("Object Repository/ADDING_A_NEW_EMPLOYEE/Add_employee_enabled_radio_button"), 10): Object 'Object Repository/ADDING_A_NEW_EMPLOYEE/Add_employee_enabled_radio_button' is present

12-08-2024T16:38:12 - [MESSAGE][PASSED] - Object 'Object Repository/ADDING_A_NEW_EMPLOYEE/Add_employee_enabled_radio_button' is present

12-08-2024T16:38:12 - [TEST_STEP][PASSED] - click(findTestObject("Object Repository/ADDING_A_NEW_EMPLOYEE/Add_employee_enabled_radio_button")): Object: 'Object Repository/ADDING_A_NEW_EMPLOYEE/Add_employee_enabled_radio_button' is clicked on

12-08-2024T16:38:12 - [MESSAGE][PASSED] - Object: 'Object Repository/ADDING_A_NEW_EMPLOYEE/Add_employee_enabled_radio_button' is clicked on

12-08-2024T16:38:12 - [TEST_STEP][PASSED] - verifyElementPresent(findTestObject("Object Repository/ADDING_A_NEW_EMPLOYEE/Add_Employee_first_name"), 10): Object 'Object Repository/ADDING_A_NEW_EMPLOYEE/Add_Employee_first_name' is present

12-08-2024T16:38:12 - [MESSAGE][PASSED] - Object 'Object Repository/ADDING_A_NEW_EMPLOYEE/Add_Employee_first_name' is present

12-08-2024T16:38:12 - [TEST_STEP][PASSED] - click(findTestObject("Object Repository/ADDING_A_NEW_EMPLOYEE/Add_Employee_first_name")): Object: 'Object Repository/ADDING_A_NEW_EMPLOYEE/Add_Employee_first_name' is clicked on

12-08-2024T16:38:13 - [MESSAGE][PASSED] - Object: 'Object Repository/ADDING_A_NEW_EMPLOYEE/Add_Employee_first_name' is clicked on

12-08-2024T16:38:13 - [TEST_STEP][PASSED] - setText(findTestObject("Object Repository/ADDING_A_NEW_EMPLOYEE/Add_Employee_first_name"), "First_name_" + RandomStringUtils.randomAlphabetic(7)): Text 'First_name_CcWEyEk' is set on object 'Object Repository/ADDING_A_NEW_EMPLOYEE/Add_Employee_first_name'

12-08-2024T16:38:13 - [MESSAGE][PASSED] - Text 'First_name_CcWEyEk' is set on object 'Object Repository/ADDING_A_NEW_EMPLOYEE/Add_Employee_first_name'

12-08-2024T16:38:13 - [TEST_STEP][PASSED] - verifyElementPresent(findTestObject("Object Repository/ADDING_A_NEW_EMPLOYEE/Add_employee_middle_name"), 10): Object 'Object Repository/ADDING_A_NEW_EMPLOYEE/Add_employee_middle_name' is present

12-08-2024T16:38:14 - [MESSAGE][PASSED] - Object 'Object Repository/ADDING_A_NEW_EMPLOYEE/Add_employee_middle_name' is present

12-08-2024T16:38:14 - [TEST_STEP][PASSED] - click(findTestObject("Object Repository/ADDING_A_NEW_EMPLOYEE/Add_employee_middle_name")): Object: 'Object Repository/ADDING_A_NEW_EMPLOYEE/Add_employee_middle_name' is clicked on

12-08-2024T16:38:14 - [MESSAGE][PASSED] - Object: 'Object Repository/ADDING_A_NEW_EMPLOYEE/Add_employee_middle_name' is clicked on

12-08-2024T16:38:14 - [TEST_STEP][PASSED] - setText(findTestObject("Object Repository/ADDING_A_NEW_EMPLOYEE/Add_employee_middle_name"), "Middle_name_" + RandomStringUtils.randomAlphabetic(7)): Text 'Middle_name_ocbosYE' is set on object 'Object Repository/ADDING_A_NEW_EMPLOYEE/Add_employee_middle_name'

12-08-2024T16:38:15 - [MESSAGE][PASSED] - Text 'Middle_name_ocbosYE' is set on object 'Object Repository/ADDING_A_NEW_EMPLOYEE/Add_employee_middle_name'

12-08-2024T16:38:15 - [TEST_STEP][PASSED] - verifyElementPresent(findTestObject("Object Repository/ADDING_A_NEW_EMPLOYEE/Add_employee_last_name"), 10): Object 'Object Repository/ADDING_A_NEW_EMPLOYEE/Add_employee_last_name' is present

12-08-2024T16:38:15 - [MESSAGE][PASSED] - Object 'Object Repository/ADDING_A_NEW_EMPLOYEE/Add_employee_last_name' is present

12-08-2024T16:38:15 - [TEST_STEP][PASSED] - click(findTestObject("Object Repository/ADDING_A_NEW_EMPLOYEE/Add_employee_last_name")): Object: 'Object Repository/ADDING_A_NEW_EMPLOYEE/Add_employee_last_name' is clicked on

12-08-2024T16:38:15 - [MESSAGE][PASSED] - Object: 'Object Repository/ADDING_A_NEW_EMPLOYEE/Add_employee_last_name' is clicked on

12-08-2024T16:38:15 - [TEST_STEP][PASSED] - setText(findTestObject("Object Repository/ADDING_A_NEW_EMPLOYEE/Add_employee_last_name"), "Last_name_" + RandomStringUtils.randomAlphabetic(7)): Text 'Last_name_mJuScLm' is set on object 'Object Repository/ADDING_A_NEW_EMPLOYEE/Add_employee_last_name'

12-08-2024T16:38:16 - [MESSAGE][PASSED] - Text 'Last_name_mJuScLm' is set on object 'Object Repository/ADDING_A_NEW_EMPLOYEE/Add_employee_last_name'

12-08-2024T16:38:16 - [TEST_STEP][PASSED] - randomString_001 = RandomStringUtils.randomNumeric(6): null

12-08-2024T16:38:16 - [TEST_STEP][PASSED] - newValue_001 = "333" + randomString_001: null

12-08-2024T16:38:16 - [TEST_STEP][PASSED] - xpath_for_employee_id = "//label[text()='Employee Id']/ancestor::div[@class='oxd-input-group__label-wrapper']/following-sibling::div//input[@class='oxd-input oxd-input--active']": null

12-08-2024T16:38:16 - [TEST_STEP][PASSED] - inputField_001 = TestObject().addProperty("xpath", EQUALS, xpath_for_employee_id): null

12-08-2024T16:38:16 - [TEST_STEP][PASSED] - executeJavaScript(
    var element = document.evaluate("$xpath_for_employee_id", document, null, XPathResult.FIRST_ORDERED_NODE_TYPE, null).singleNodeValue;
    if (element) {
        element.value = '$newValue_001';
        var event = new Event('input', { bubbles: true });
        element.dispatchEvent(event);
    }
    , null): Execute JavaScript '
    var element = document.evaluate("//label[text()='Employee Id']/ancestor::div[@class='oxd-input-group__label-wrapper']/following-sibling::div//input[@class='oxd-input oxd-input--active']", document, null, XPathResult.FIRST_ORDERED_NODE_TYPE, null).singleNodeValue;
    if (element) {
        element.value = '333869842';
        var event = new Event('input', { bubbles: true });
        element.dispatchEvent(event);
    }
    ' successfully

12-08-2024T16:38:16 - [MESSAGE][PASSED] - Execute JavaScript '
    var element = document.evaluate("//label[text()='Employee Id']/ancestor::div[@class='oxd-input-group__label-wrapper']/following-sibling::div//input[@class='oxd-input oxd-input--active']", document, null, XPathResult.FIRST_ORDERED_NODE_TYPE, null).singleNodeValue;
    if (element) {
        element.value = '333869842';
        var event = new Event('input', { bubbles: true });
        element.dispatchEvent(event);
    }
    ' successfully

12-08-2024T16:38:16 - [TEST_STEP][PASSED] - delay(3): Delayed 3 second(s)

12-08-2024T16:38:19 - [MESSAGE][PASSED] - Delayed 3 second(s)

12-08-2024T16:38:19 - [TEST_STEP][PASSED] - randomString_for_password = RandomStringUtils.randomNumeric(6): null

12-08-2024T16:38:19 - [TEST_STEP][PASSED] - new_Value_for_password = "Fiboo" + randomString_for_password + "@@": null

12-08-2024T16:38:19 - [TEST_STEP][PASSED] - xpath_for_password = "//label[text()='Username']/ancestor::div[@class='oxd-input-group__label-wrapper']/following-sibling::div//input[@class='oxd-input oxd-input--active']": null

12-08-2024T16:38:19 - [TEST_STEP][PASSED] - inputField_for_password = TestObject().addProperty("xpath", EQUALS, xpath_for_password): null

12-08-2024T16:38:19 - [TEST_STEP][PASSED] - executeJavaScript(
    var element = document.evaluate("$xpath_for_password", document, null, XPathResult.FIRST_ORDERED_NODE_TYPE, null).singleNodeValue;
    if (element) {
        element.value = '$new_Value_for_password';
        var event = new Event('input', { bubbles: true });
        element.dispatchEvent(event);
    }
    , null): Execute JavaScript '
    var element = document.evaluate("//label[text()='Username']/ancestor::div[@class='oxd-input-group__label-wrapper']/following-sibling::div//input[@class='oxd-input oxd-input--active']", document, null, XPathResult.FIRST_ORDERED_NODE_TYPE, null).singleNodeValue;
    if (element) {
        element.value = 'Fiboo631010@@';
        var event = new Event('input', { bubbles: true });
        element.dispatchEvent(event);
    }
    ' successfully

12-08-2024T16:38:19 - [MESSAGE][PASSED] - Execute JavaScript '
    var element = document.evaluate("//label[text()='Username']/ancestor::div[@class='oxd-input-group__label-wrapper']/following-sibling::div//input[@class='oxd-input oxd-input--active']", document, null, XPathResult.FIRST_ORDERED_NODE_TYPE, null).singleNodeValue;
    if (element) {
        element.value = 'Fiboo631010@@';
        var event = new Event('input', { bubbles: true });
        element.dispatchEvent(event);
    }
    ' successfully

12-08-2024T16:38:19 - [TEST_STEP][PASSED] - delay(1): Delayed 1 second(s)

12-08-2024T16:38:20 - [MESSAGE][PASSED] - Delayed 1 second(s)

12-08-2024T16:38:20 - [TEST_STEP][PASSED] - Password = getAttribute(findTestObject("Object Repository/ADDING_A_NEW_EMPLOYEE/Add_employee_username"), "value"): Attribute 'value' of object 'Object Repository/ADDING_A_NEW_EMPLOYEE/Add_employee_username' is: 'Fiboo631010@@'

12-08-2024T16:38:20 - [MESSAGE][PASSED] - Attribute 'value' of object 'Object Repository/ADDING_A_NEW_EMPLOYEE/Add_employee_username' is: 'Fiboo631010@@'

12-08-2024T16:38:20 - [TEST_STEP][PASSED] - out.println(Password): null

12-08-2024T16:38:20 - [TEST_STEP][PASSED] - new_Value_for_password_001 = Password: null

12-08-2024T16:38:20 - [TEST_STEP][PASSED] - xpath_for_password_001 = "//label[text()='Password']/ancestor::div[@class='oxd-input-group__label-wrapper']/following-sibling::div//input[@class='oxd-input oxd-input--active']": null

12-08-2024T16:38:20 - [TEST_STEP][PASSED] - inputField_for_password_001 = TestObject().addProperty("xpath", EQUALS, xpath_for_password_001): null

12-08-2024T16:38:20 - [TEST_STEP][PASSED] - executeJavaScript(
    var element = document.evaluate("$xpath_for_password_001", document, null, XPathResult.FIRST_ORDERED_NODE_TYPE, null).singleNodeValue;
    if (element) {
        element.value = '$new_Value_for_password_001';
        var event = new Event('input', { bubbles: true });
        element.dispatchEvent(event);
    }
    , null): Execute JavaScript '
    var element = document.evaluate("//label[text()='Password']/ancestor::div[@class='oxd-input-group__label-wrapper']/following-sibling::div//input[@class='oxd-input oxd-input--active']", document, null, XPathResult.FIRST_ORDERED_NODE_TYPE, null).singleNodeValue;
    if (element) {
        element.value = 'Fiboo631010@@';
        var event = new Event('input', { bubbles: true });
        element.dispatchEvent(event);
    }
    ' successfully

12-08-2024T16:38:20 - [MESSAGE][PASSED] - Execute JavaScript '
    var element = document.evaluate("//label[text()='Password']/ancestor::div[@class='oxd-input-group__label-wrapper']/following-sibling::div//input[@class='oxd-input oxd-input--active']", document, null, XPathResult.FIRST_ORDERED_NODE_TYPE, null).singleNodeValue;
    if (element) {
        element.value = 'Fiboo631010@@';
        var event = new Event('input', { bubbles: true });
        element.dispatchEvent(event);
    }
    ' successfully

12-08-2024T16:38:20 - [TEST_STEP][PASSED] - delay(1): Delayed 1 second(s)

12-08-2024T16:38:21 - [MESSAGE][PASSED] - Delayed 1 second(s)

12-08-2024T16:38:21 - [TEST_STEP][PASSED] - new_Value_for_password_002 = Password: null

12-08-2024T16:38:21 - [TEST_STEP][PASSED] - xpath_for_password_002 = "//label[text()='Confirm Password']/ancestor::div[@class='oxd-input-group__label-wrapper']/following-sibling::div//input[@class='oxd-input oxd-input--active']": null

12-08-2024T16:38:21 - [TEST_STEP][PASSED] - inputField_for_password_002 = TestObject().addProperty("xpath", EQUALS, xpath_for_password_002): null

12-08-2024T16:38:21 - [TEST_STEP][PASSED] - executeJavaScript(
    var element = document.evaluate("$xpath_for_password_002", document, null, XPathResult.FIRST_ORDERED_NODE_TYPE, null).singleNodeValue;
    if (element) {
        element.value = '$new_Value_for_password_002';
        var event = new Event('input', { bubbles: true });
        element.dispatchEvent(event);
    }
    , null): Execute JavaScript '
    var element = document.evaluate("//label[text()='Confirm Password']/ancestor::div[@class='oxd-input-group__label-wrapper']/following-sibling::div//input[@class='oxd-input oxd-input--active']", document, null, XPathResult.FIRST_ORDERED_NODE_TYPE, null).singleNodeValue;
    if (element) {
        element.value = 'Fiboo631010@@';
        var event = new Event('input', { bubbles: true });
        element.dispatchEvent(event);
    }
    ' successfully

12-08-2024T16:38:21 - [MESSAGE][PASSED] - Execute JavaScript '
    var element = document.evaluate("//label[text()='Confirm Password']/ancestor::div[@class='oxd-input-group__label-wrapper']/following-sibling::div//input[@class='oxd-input oxd-input--active']", document, null, XPathResult.FIRST_ORDERED_NODE_TYPE, null).singleNodeValue;
    if (element) {
        element.value = 'Fiboo631010@@';
        var event = new Event('input', { bubbles: true });
        element.dispatchEvent(event);
    }
    ' successfully

12-08-2024T16:38:21 - [TEST_STEP][PASSED] - delay(1): Delayed 1 second(s)

12-08-2024T16:38:22 - [MESSAGE][PASSED] - Delayed 1 second(s)

12-08-2024T16:38:22 - [TEST_STEP][PASSED] - randomString = RandomStringUtils.randomAlphabetic(7): null

12-08-2024T16:38:22 - [TEST_STEP][PASSED] - newValue = "User_name_" + randomString: null

12-08-2024T16:38:22 - [TEST_STEP][PASSED] - xpath_for_user_name = "//label[text()='Username']/ancestor::div[@class='oxd-input-group__label-wrapper']/following-sibling::div//input[@class='oxd-input oxd-input--active']": null

12-08-2024T16:38:22 - [TEST_STEP][PASSED] - inputField = TestObject().addProperty("xpath", EQUALS, xpath_for_user_name): null

12-08-2024T16:38:22 - [TEST_STEP][PASSED] - executeJavaScript(
    var element = document.evaluate("$xpath_for_user_name", document, null, XPathResult.FIRST_ORDERED_NODE_TYPE, null).singleNodeValue;
    if (element) {
        element.value = '$newValue';
        var event = new Event('input', { bubbles: true });
        element.dispatchEvent(event);
    }
    , null): Execute JavaScript '
    var element = document.evaluate("//label[text()='Username']/ancestor::div[@class='oxd-input-group__label-wrapper']/following-sibling::div//input[@class='oxd-input oxd-input--active']", document, null, XPathResult.FIRST_ORDERED_NODE_TYPE, null).singleNodeValue;
    if (element) {
        element.value = 'User_name_MJtdKfy';
        var event = new Event('input', { bubbles: true });
        element.dispatchEvent(event);
    }
    ' successfully

12-08-2024T16:38:22 - [MESSAGE][PASSED] - Execute JavaScript '
    var element = document.evaluate("//label[text()='Username']/ancestor::div[@class='oxd-input-group__label-wrapper']/following-sibling::div//input[@class='oxd-input oxd-input--active']", document, null, XPathResult.FIRST_ORDERED_NODE_TYPE, null).singleNodeValue;
    if (element) {
        element.value = 'User_name_MJtdKfy';
        var event = new Event('input', { bubbles: true });
        element.dispatchEvent(event);
    }
    ' successfully

12-08-2024T16:38:22 - [TEST_STEP][PASSED] - delay(1): Delayed 1 second(s)

12-08-2024T16:38:23 - [MESSAGE][PASSED] - Delayed 1 second(s)

12-08-2024T16:38:23 - [TEST_STEP][PASSED] - User_name = getAttribute(findTestObject("Object Repository/ADDING_A_NEW_EMPLOYEE/Add_employee_username"), "value"): Attribute 'value' of object 'Object Repository/ADDING_A_NEW_EMPLOYEE/Add_employee_username' is: 'User_name_MJtdKfy'

12-08-2024T16:38:24 - [MESSAGE][PASSED] - Attribute 'value' of object 'Object Repository/ADDING_A_NEW_EMPLOYEE/Add_employee_username' is: 'User_name_MJtdKfy'

12-08-2024T16:38:24 - [TEST_STEP][PASSED] - out.println(User_name): null

12-08-2024T16:38:24 - [TEST_STEP][PASSED] - out.println(Password): null

12-08-2024T16:38:24 - [TEST_STEP][PASSED] - First_name = getAttribute(findTestObject("Object Repository/ADDING_A_NEW_EMPLOYEE/Add_Employee_first_name"), "value"): Attribute 'value' of object 'Object Repository/ADDING_A_NEW_EMPLOYEE/Add_Employee_first_name' is: 'First_name_CcWEyEk'

12-08-2024T16:38:24 - [MESSAGE][PASSED] - Attribute 'value' of object 'Object Repository/ADDING_A_NEW_EMPLOYEE/Add_Employee_first_name' is: 'First_name_CcWEyEk'

12-08-2024T16:38:24 - [TEST_STEP][PASSED] - out.println(First_name): null

12-08-2024T16:38:24 - [TEST_STEP][PASSED] - Middle_name = getAttribute(findTestObject("Object Repository/ADDING_A_NEW_EMPLOYEE/Add_employee_middle_name"), "value"): Attribute 'value' of object 'Object Repository/ADDING_A_NEW_EMPLOYEE/Add_employee_middle_name' is: 'Middle_name_ocbosYE'

12-08-2024T16:38:24 - [MESSAGE][PASSED] - Attribute 'value' of object 'Object Repository/ADDING_A_NEW_EMPLOYEE/Add_employee_middle_name' is: 'Middle_name_ocbosYE'

12-08-2024T16:38:24 - [TEST_STEP][PASSED] - out.println(Middle_name): null

12-08-2024T16:38:24 - [TEST_STEP][PASSED] - Last_name = getAttribute(findTestObject("Object Repository/ADDING_A_NEW_EMPLOYEE/Add_employee_last_name"), "value"): Attribute 'value' of object 'Object Repository/ADDING_A_NEW_EMPLOYEE/Add_employee_last_name' is: 'Last_name_mJuScLm'

12-08-2024T16:38:25 - [MESSAGE][PASSED] - Attribute 'value' of object 'Object Repository/ADDING_A_NEW_EMPLOYEE/Add_employee_last_name' is: 'Last_name_mJuScLm'

12-08-2024T16:38:25 - [TEST_STEP][PASSED] - out.println(Last_name): null

12-08-2024T16:38:25 - [TEST_STEP][PASSED] - employee_id = getAttribute(findTestObject("Object Repository/ADDING_A_NEW_EMPLOYEE/Add_employee_id"), "value"): Attribute 'value' of object 'Object Repository/ADDING_A_NEW_EMPLOYEE/Add_employee_id' is: '333869842'

12-08-2024T16:38:25 - [MESSAGE][PASSED] - Attribute 'value' of object 'Object Repository/ADDING_A_NEW_EMPLOYEE/Add_employee_id' is: '333869842'

12-08-2024T16:38:25 - [TEST_STEP][PASSED] - out.println(employee_id): null

12-08-2024T16:38:25 - [TEST_STEP][PASSED] - delay(3): Delayed 3 second(s)

12-08-2024T16:38:28 - [MESSAGE][PASSED] - Delayed 3 second(s)

12-08-2024T16:38:28 - [TEST_STEP][PASSED] - click(findTestObject("Object Repository/ADDING_A_NEW_EMPLOYEE/Add_employee_save_button")): Object: 'Object Repository/ADDING_A_NEW_EMPLOYEE/Add_employee_save_button' is clicked on

12-08-2024T16:38:28 - [MESSAGE][PASSED] - Object: 'Object Repository/ADDING_A_NEW_EMPLOYEE/Add_employee_save_button' is clicked on

12-08-2024T16:38:28 - [TEST_STEP][PASSED] - delay(2): Delayed 2 second(s)

12-08-2024T16:38:30 - [MESSAGE][PASSED] - Delayed 2 second(s)

12-08-2024T16:38:30 - [MESSAGE][PASSED] - Call Test Case 'Test Cases/ADDING_A_NEW_EMPLOYEE' successfully

12-08-2024T16:38:30 - [TEST_STEP][PASSED] - rowIndex = sheet.getLastRowNum() + 1: null

12-08-2024T16:38:30 - [TEST_STEP][PASSED] - row = sheet.createRow(rowIndex): null

12-08-2024T16:38:30 - [TEST_STEP][PASSED] - createCell(0).setCellValue(First_name): null

12-08-2024T16:38:30 - [TEST_STEP][PASSED] - createCell(1).setCellValue(Middle_name): null

12-08-2024T16:38:30 - [TEST_STEP][PASSED] - createCell(2).setCellValue(Last_name): null

12-08-2024T16:38:30 - [TEST_STEP][PASSED] - createCell(3).setCellValue(User_name): null

12-08-2024T16:38:30 - [TEST_STEP][PASSED] - createCell(4).setCellValue(Password): null

12-08-2024T16:38:30 - [TEST_STEP][PASSED] - createCell(5).setCellValue(employee_id): null

12-08-2024T16:38:30 - [TEST_STEP][PASSED] - callTestCase(findTestCase("ADDING_A_NEW_EMPLOYEE"), [:], STOP_ON_FAILURE): Call Test Case 'Test Cases/ADDING_A_NEW_EMPLOYEE' successfully

12-08-2024T16:38:30 - [TEST_CASE][PASSED] - Test Cases/ADDING_A_NEW_EMPLOYEE: Test Cases/ADDING_A_NEW_EMPLOYEE

12-08-2024T16:38:31 - [TEST_STEP][PASSED] - verifyElementPresent(findTestObject("ADDING_A_NEW_EMPLOYEE/pim_option_from_side_bar"), 10): Object 'Object Repository/ADDING_A_NEW_EMPLOYEE/pim_option_from_side_bar' is present

12-08-2024T16:38:32 - [MESSAGE][PASSED] - Object 'Object Repository/ADDING_A_NEW_EMPLOYEE/pim_option_from_side_bar' is present

12-08-2024T16:38:32 - [TEST_STEP][PASSED] - click(findTestObject("ADDING_A_NEW_EMPLOYEE/pim_option_from_side_bar")): Object: 'Object Repository/ADDING_A_NEW_EMPLOYEE/pim_option_from_side_bar' is clicked on

12-08-2024T16:38:33 - [MESSAGE][PASSED] - Object: 'Object Repository/ADDING_A_NEW_EMPLOYEE/pim_option_from_side_bar' is clicked on

12-08-2024T16:38:33 - [TEST_STEP][PASSED] - waitForElementPresent(findTestObject("ADDING_A_NEW_EMPLOYEE/adding_new_employee_button_in_pim_page"), 10): Object 'Object Repository/ADDING_A_NEW_EMPLOYEE/adding_new_employee_button_in_pim_page' is present

12-08-2024T16:38:34 - [MESSAGE][PASSED] - Object 'Object Repository/ADDING_A_NEW_EMPLOYEE/adding_new_employee_button_in_pim_page' is present

12-08-2024T16:38:34 - [TEST_STEP][PASSED] - click(findTestObject("ADDING_A_NEW_EMPLOYEE/adding_new_employee_button_in_pim_page")): Object: 'Object Repository/ADDING_A_NEW_EMPLOYEE/adding_new_employee_button_in_pim_page' is clicked on

12-08-2024T16:38:35 - [MESSAGE][PASSED] - Object: 'Object Repository/ADDING_A_NEW_EMPLOYEE/adding_new_employee_button_in_pim_page' is clicked on

12-08-2024T16:38:35 - [TEST_STEP][PASSED] - verifyElementPresent(findTestObject("ADDING_A_NEW_EMPLOYEE/create_login_details_checkbox"), 10): Object 'Object Repository/ADDING_A_NEW_EMPLOYEE/create_login_details_checkbox' is present

12-08-2024T16:38:37 - [MESSAGE][PASSED] - Object 'Object Repository/ADDING_A_NEW_EMPLOYEE/create_login_details_checkbox' is present

12-08-2024T16:38:37 - [TEST_STEP][PASSED] - click(findTestObject("ADDING_A_NEW_EMPLOYEE/create_login_details_checkbox")): Object: 'Object Repository/ADDING_A_NEW_EMPLOYEE/create_login_details_checkbox' is clicked on

12-08-2024T16:38:37 - [MESSAGE][PASSED] - Object: 'Object Repository/ADDING_A_NEW_EMPLOYEE/create_login_details_checkbox' is clicked on

12-08-2024T16:38:37 - [TEST_STEP][PASSED] - verifyElementPresent(findTestObject("Object Repository/ADDING_A_NEW_EMPLOYEE/Add_employee_enabled_radio_button"), 10): Object 'Object Repository/ADDING_A_NEW_EMPLOYEE/Add_employee_enabled_radio_button' is present

12-08-2024T16:38:38 - [MESSAGE][PASSED] - Object 'Object Repository/ADDING_A_NEW_EMPLOYEE/Add_employee_enabled_radio_button' is present

12-08-2024T16:38:38 - [TEST_STEP][PASSED] - click(findTestObject("Object Repository/ADDING_A_NEW_EMPLOYEE/Add_employee_enabled_radio_button")): Object: 'Object Repository/ADDING_A_NEW_EMPLOYEE/Add_employee_enabled_radio_button' is clicked on

12-08-2024T16:38:38 - [MESSAGE][PASSED] - Object: 'Object Repository/ADDING_A_NEW_EMPLOYEE/Add_employee_enabled_radio_button' is clicked on

12-08-2024T16:38:38 - [TEST_STEP][PASSED] - verifyElementPresent(findTestObject("Object Repository/ADDING_A_NEW_EMPLOYEE/Add_Employee_first_name"), 10): Object 'Object Repository/ADDING_A_NEW_EMPLOYEE/Add_Employee_first_name' is present

12-08-2024T16:38:39 - [MESSAGE][PASSED] - Object 'Object Repository/ADDING_A_NEW_EMPLOYEE/Add_Employee_first_name' is present

12-08-2024T16:38:39 - [TEST_STEP][PASSED] - click(findTestObject("Object Repository/ADDING_A_NEW_EMPLOYEE/Add_Employee_first_name")): Object: 'Object Repository/ADDING_A_NEW_EMPLOYEE/Add_Employee_first_name' is clicked on

12-08-2024T16:38:39 - [MESSAGE][PASSED] - Object: 'Object Repository/ADDING_A_NEW_EMPLOYEE/Add_Employee_first_name' is clicked on

12-08-2024T16:38:39 - [TEST_STEP][PASSED] - setText(findTestObject("Object Repository/ADDING_A_NEW_EMPLOYEE/Add_Employee_first_name"), "First_name_" + RandomStringUtils.randomAlphabetic(7)): Text 'First_name_fSPRHlG' is set on object 'Object Repository/ADDING_A_NEW_EMPLOYEE/Add_Employee_first_name'

12-08-2024T16:38:39 - [MESSAGE][PASSED] - Text 'First_name_fSPRHlG' is set on object 'Object Repository/ADDING_A_NEW_EMPLOYEE/Add_Employee_first_name'

12-08-2024T16:38:39 - [TEST_STEP][PASSED] - verifyElementPresent(findTestObject("Object Repository/ADDING_A_NEW_EMPLOYEE/Add_employee_middle_name"), 10): Object 'Object Repository/ADDING_A_NEW_EMPLOYEE/Add_employee_middle_name' is present

12-08-2024T16:38:40 - [MESSAGE][PASSED] - Object 'Object Repository/ADDING_A_NEW_EMPLOYEE/Add_employee_middle_name' is present

12-08-2024T16:38:40 - [TEST_STEP][PASSED] - click(findTestObject("Object Repository/ADDING_A_NEW_EMPLOYEE/Add_employee_middle_name")): Object: 'Object Repository/ADDING_A_NEW_EMPLOYEE/Add_employee_middle_name' is clicked on

12-08-2024T16:38:40 - [MESSAGE][PASSED] - Object: 'Object Repository/ADDING_A_NEW_EMPLOYEE/Add_employee_middle_name' is clicked on

12-08-2024T16:38:40 - [TEST_STEP][PASSED] - setText(findTestObject("Object Repository/ADDING_A_NEW_EMPLOYEE/Add_employee_middle_name"), "Middle_name_" + RandomStringUtils.randomAlphabetic(7)): Text 'Middle_name_pcRWIje' is set on object 'Object Repository/ADDING_A_NEW_EMPLOYEE/Add_employee_middle_name'

12-08-2024T16:38:41 - [MESSAGE][PASSED] - Text 'Middle_name_pcRWIje' is set on object 'Object Repository/ADDING_A_NEW_EMPLOYEE/Add_employee_middle_name'

12-08-2024T16:38:41 - [TEST_STEP][PASSED] - verifyElementPresent(findTestObject("Object Repository/ADDING_A_NEW_EMPLOYEE/Add_employee_last_name"), 10): Object 'Object Repository/ADDING_A_NEW_EMPLOYEE/Add_employee_last_name' is present

12-08-2024T16:38:41 - [MESSAGE][PASSED] - Object 'Object Repository/ADDING_A_NEW_EMPLOYEE/Add_employee_last_name' is present

12-08-2024T16:38:41 - [TEST_STEP][PASSED] - click(findTestObject("Object Repository/ADDING_A_NEW_EMPLOYEE/Add_employee_last_name")): Object: 'Object Repository/ADDING_A_NEW_EMPLOYEE/Add_employee_last_name' is clicked on

12-08-2024T16:38:41 - [MESSAGE][PASSED] - Object: 'Object Repository/ADDING_A_NEW_EMPLOYEE/Add_employee_last_name' is clicked on

12-08-2024T16:38:41 - [TEST_STEP][PASSED] - setText(findTestObject("Object Repository/ADDING_A_NEW_EMPLOYEE/Add_employee_last_name"), "Last_name_" + RandomStringUtils.randomAlphabetic(7)): Text 'Last_name_YIQcsFx' is set on object 'Object Repository/ADDING_A_NEW_EMPLOYEE/Add_employee_last_name'

12-08-2024T16:38:42 - [MESSAGE][PASSED] - Text 'Last_name_YIQcsFx' is set on object 'Object Repository/ADDING_A_NEW_EMPLOYEE/Add_employee_last_name'

12-08-2024T16:38:42 - [TEST_STEP][PASSED] - randomString_001 = RandomStringUtils.randomNumeric(6): null

12-08-2024T16:38:42 - [TEST_STEP][PASSED] - newValue_001 = "333" + randomString_001: null

12-08-2024T16:38:42 - [TEST_STEP][PASSED] - xpath_for_employee_id = "//label[text()='Employee Id']/ancestor::div[@class='oxd-input-group__label-wrapper']/following-sibling::div//input[@class='oxd-input oxd-input--active']": null

12-08-2024T16:38:42 - [TEST_STEP][PASSED] - inputField_001 = TestObject().addProperty("xpath", EQUALS, xpath_for_employee_id): null

12-08-2024T16:38:42 - [TEST_STEP][PASSED] - executeJavaScript(
    var element = document.evaluate("$xpath_for_employee_id", document, null, XPathResult.FIRST_ORDERED_NODE_TYPE, null).singleNodeValue;
    if (element) {
        element.value = '$newValue_001';
        var event = new Event('input', { bubbles: true });
        element.dispatchEvent(event);
    }
    , null): Execute JavaScript '
    var element = document.evaluate("//label[text()='Employee Id']/ancestor::div[@class='oxd-input-group__label-wrapper']/following-sibling::div//input[@class='oxd-input oxd-input--active']", document, null, XPathResult.FIRST_ORDERED_NODE_TYPE, null).singleNodeValue;
    if (element) {
        element.value = '333259772';
        var event = new Event('input', { bubbles: true });
        element.dispatchEvent(event);
    }
    ' successfully

12-08-2024T16:38:42 - [MESSAGE][PASSED] - Execute JavaScript '
    var element = document.evaluate("//label[text()='Employee Id']/ancestor::div[@class='oxd-input-group__label-wrapper']/following-sibling::div//input[@class='oxd-input oxd-input--active']", document, null, XPathResult.FIRST_ORDERED_NODE_TYPE, null).singleNodeValue;
    if (element) {
        element.value = '333259772';
        var event = new Event('input', { bubbles: true });
        element.dispatchEvent(event);
    }
    ' successfully

12-08-2024T16:38:42 - [TEST_STEP][PASSED] - delay(3): Delayed 3 second(s)

12-08-2024T16:38:45 - [MESSAGE][PASSED] - Delayed 3 second(s)

12-08-2024T16:38:45 - [TEST_STEP][PASSED] - randomString_for_password = RandomStringUtils.randomNumeric(6): null

12-08-2024T16:38:45 - [TEST_STEP][PASSED] - new_Value_for_password = "Fiboo" + randomString_for_password + "@@": null

12-08-2024T16:38:45 - [TEST_STEP][PASSED] - xpath_for_password = "//label[text()='Username']/ancestor::div[@class='oxd-input-group__label-wrapper']/following-sibling::div//input[@class='oxd-input oxd-input--active']": null

12-08-2024T16:38:45 - [TEST_STEP][PASSED] - inputField_for_password = TestObject().addProperty("xpath", EQUALS, xpath_for_password): null

12-08-2024T16:38:45 - [TEST_STEP][PASSED] - executeJavaScript(
    var element = document.evaluate("$xpath_for_password", document, null, XPathResult.FIRST_ORDERED_NODE_TYPE, null).singleNodeValue;
    if (element) {
        element.value = '$new_Value_for_password';
        var event = new Event('input', { bubbles: true });
        element.dispatchEvent(event);
    }
    , null): Execute JavaScript '
    var element = document.evaluate("//label[text()='Username']/ancestor::div[@class='oxd-input-group__label-wrapper']/following-sibling::div//input[@class='oxd-input oxd-input--active']", document, null, XPathResult.FIRST_ORDERED_NODE_TYPE, null).singleNodeValue;
    if (element) {
        element.value = 'Fiboo893143@@';
        var event = new Event('input', { bubbles: true });
        element.dispatchEvent(event);
    }
    ' successfully

12-08-2024T16:38:45 - [MESSAGE][PASSED] - Execute JavaScript '
    var element = document.evaluate("//label[text()='Username']/ancestor::div[@class='oxd-input-group__label-wrapper']/following-sibling::div//input[@class='oxd-input oxd-input--active']", document, null, XPathResult.FIRST_ORDERED_NODE_TYPE, null).singleNodeValue;
    if (element) {
        element.value = 'Fiboo893143@@';
        var event = new Event('input', { bubbles: true });
        element.dispatchEvent(event);
    }
    ' successfully

12-08-2024T16:38:45 - [TEST_STEP][PASSED] - delay(1): Delayed 1 second(s)

12-08-2024T16:38:46 - [MESSAGE][PASSED] - Delayed 1 second(s)

12-08-2024T16:38:46 - [TEST_STEP][PASSED] - Password = getAttribute(findTestObject("Object Repository/ADDING_A_NEW_EMPLOYEE/Add_employee_username"), "value"): Attribute 'value' of object 'Object Repository/ADDING_A_NEW_EMPLOYEE/Add_employee_username' is: 'Fiboo893143@@'

12-08-2024T16:38:47 - [MESSAGE][PASSED] - Attribute 'value' of object 'Object Repository/ADDING_A_NEW_EMPLOYEE/Add_employee_username' is: 'Fiboo893143@@'

12-08-2024T16:38:47 - [TEST_STEP][PASSED] - out.println(Password): null

12-08-2024T16:38:47 - [TEST_STEP][PASSED] - new_Value_for_password_001 = Password: null

12-08-2024T16:38:47 - [TEST_STEP][PASSED] - xpath_for_password_001 = "//label[text()='Password']/ancestor::div[@class='oxd-input-group__label-wrapper']/following-sibling::div//input[@class='oxd-input oxd-input--active']": null

12-08-2024T16:38:47 - [TEST_STEP][PASSED] - inputField_for_password_001 = TestObject().addProperty("xpath", EQUALS, xpath_for_password_001): null

12-08-2024T16:38:47 - [TEST_STEP][PASSED] - executeJavaScript(
    var element = document.evaluate("$xpath_for_password_001", document, null, XPathResult.FIRST_ORDERED_NODE_TYPE, null).singleNodeValue;
    if (element) {
        element.value = '$new_Value_for_password_001';
        var event = new Event('input', { bubbles: true });
        element.dispatchEvent(event);
    }
    , null): Execute JavaScript '
    var element = document.evaluate("//label[text()='Password']/ancestor::div[@class='oxd-input-group__label-wrapper']/following-sibling::div//input[@class='oxd-input oxd-input--active']", document, null, XPathResult.FIRST_ORDERED_NODE_TYPE, null).singleNodeValue;
    if (element) {
        element.value = 'Fiboo893143@@';
        var event = new Event('input', { bubbles: true });
        element.dispatchEvent(event);
    }
    ' successfully

12-08-2024T16:38:47 - [MESSAGE][PASSED] - Execute JavaScript '
    var element = document.evaluate("//label[text()='Password']/ancestor::div[@class='oxd-input-group__label-wrapper']/following-sibling::div//input[@class='oxd-input oxd-input--active']", document, null, XPathResult.FIRST_ORDERED_NODE_TYPE, null).singleNodeValue;
    if (element) {
        element.value = 'Fiboo893143@@';
        var event = new Event('input', { bubbles: true });
        element.dispatchEvent(event);
    }
    ' successfully

12-08-2024T16:38:47 - [TEST_STEP][PASSED] - delay(1): Delayed 1 second(s)

12-08-2024T16:38:48 - [MESSAGE][PASSED] - Delayed 1 second(s)

12-08-2024T16:38:48 - [TEST_STEP][PASSED] - new_Value_for_password_002 = Password: null

12-08-2024T16:38:48 - [TEST_STEP][PASSED] - xpath_for_password_002 = "//label[text()='Confirm Password']/ancestor::div[@class='oxd-input-group__label-wrapper']/following-sibling::div//input[@class='oxd-input oxd-input--active']": null

12-08-2024T16:38:48 - [TEST_STEP][PASSED] - inputField_for_password_002 = TestObject().addProperty("xpath", EQUALS, xpath_for_password_002): null

12-08-2024T16:38:48 - [TEST_STEP][PASSED] - executeJavaScript(
    var element = document.evaluate("$xpath_for_password_002", document, null, XPathResult.FIRST_ORDERED_NODE_TYPE, null).singleNodeValue;
    if (element) {
        element.value = '$new_Value_for_password_002';
        var event = new Event('input', { bubbles: true });
        element.dispatchEvent(event);
    }
    , null): Execute JavaScript '
    var element = document.evaluate("//label[text()='Confirm Password']/ancestor::div[@class='oxd-input-group__label-wrapper']/following-sibling::div//input[@class='oxd-input oxd-input--active']", document, null, XPathResult.FIRST_ORDERED_NODE_TYPE, null).singleNodeValue;
    if (element) {
        element.value = 'Fiboo893143@@';
        var event = new Event('input', { bubbles: true });
        element.dispatchEvent(event);
    }
    ' successfully

12-08-2024T16:38:48 - [MESSAGE][PASSED] - Execute JavaScript '
    var element = document.evaluate("//label[text()='Confirm Password']/ancestor::div[@class='oxd-input-group__label-wrapper']/following-sibling::div//input[@class='oxd-input oxd-input--active']", document, null, XPathResult.FIRST_ORDERED_NODE_TYPE, null).singleNodeValue;
    if (element) {
        element.value = 'Fiboo893143@@';
        var event = new Event('input', { bubbles: true });
        element.dispatchEvent(event);
    }
    ' successfully

12-08-2024T16:38:48 - [TEST_STEP][PASSED] - delay(1): Delayed 1 second(s)

12-08-2024T16:38:49 - [MESSAGE][PASSED] - Delayed 1 second(s)

12-08-2024T16:38:49 - [TEST_STEP][PASSED] - randomString = RandomStringUtils.randomAlphabetic(7): null

12-08-2024T16:38:49 - [TEST_STEP][PASSED] - newValue = "User_name_" + randomString: null

12-08-2024T16:38:49 - [TEST_STEP][PASSED] - xpath_for_user_name = "//label[text()='Username']/ancestor::div[@class='oxd-input-group__label-wrapper']/following-sibling::div//input[@class='oxd-input oxd-input--active']": null

12-08-2024T16:38:49 - [TEST_STEP][PASSED] - inputField = TestObject().addProperty("xpath", EQUALS, xpath_for_user_name): null

12-08-2024T16:38:49 - [TEST_STEP][PASSED] - executeJavaScript(
    var element = document.evaluate("$xpath_for_user_name", document, null, XPathResult.FIRST_ORDERED_NODE_TYPE, null).singleNodeValue;
    if (element) {
        element.value = '$newValue';
        var event = new Event('input', { bubbles: true });
        element.dispatchEvent(event);
    }
    , null): Execute JavaScript '
    var element = document.evaluate("//label[text()='Username']/ancestor::div[@class='oxd-input-group__label-wrapper']/following-sibling::div//input[@class='oxd-input oxd-input--active']", document, null, XPathResult.FIRST_ORDERED_NODE_TYPE, null).singleNodeValue;
    if (element) {
        element.value = 'User_name_wBQKmre';
        var event = new Event('input', { bubbles: true });
        element.dispatchEvent(event);
    }
    ' successfully

12-08-2024T16:38:49 - [MESSAGE][PASSED] - Execute JavaScript '
    var element = document.evaluate("//label[text()='Username']/ancestor::div[@class='oxd-input-group__label-wrapper']/following-sibling::div//input[@class='oxd-input oxd-input--active']", document, null, XPathResult.FIRST_ORDERED_NODE_TYPE, null).singleNodeValue;
    if (element) {
        element.value = 'User_name_wBQKmre';
        var event = new Event('input', { bubbles: true });
        element.dispatchEvent(event);
    }
    ' successfully

12-08-2024T16:38:49 - [TEST_STEP][PASSED] - delay(1): Delayed 1 second(s)

12-08-2024T16:38:50 - [MESSAGE][PASSED] - Delayed 1 second(s)

12-08-2024T16:38:50 - [TEST_STEP][PASSED] - User_name = getAttribute(findTestObject("Object Repository/ADDING_A_NEW_EMPLOYEE/Add_employee_username"), "value"): Attribute 'value' of object 'Object Repository/ADDING_A_NEW_EMPLOYEE/Add_employee_username' is: 'User_name_wBQKmre'

12-08-2024T16:38:50 - [MESSAGE][PASSED] - Attribute 'value' of object 'Object Repository/ADDING_A_NEW_EMPLOYEE/Add_employee_username' is: 'User_name_wBQKmre'

12-08-2024T16:38:50 - [TEST_STEP][PASSED] - out.println(User_name): null

12-08-2024T16:38:50 - [TEST_STEP][PASSED] - out.println(Password): null

12-08-2024T16:38:50 - [TEST_STEP][PASSED] - First_name = getAttribute(findTestObject("Object Repository/ADDING_A_NEW_EMPLOYEE/Add_Employee_first_name"), "value"): Attribute 'value' of object 'Object Repository/ADDING_A_NEW_EMPLOYEE/Add_Employee_first_name' is: 'First_name_fSPRHlG'

12-08-2024T16:38:50 - [MESSAGE][PASSED] - Attribute 'value' of object 'Object Repository/ADDING_A_NEW_EMPLOYEE/Add_Employee_first_name' is: 'First_name_fSPRHlG'

12-08-2024T16:38:50 - [TEST_STEP][PASSED] - out.println(First_name): null

12-08-2024T16:38:50 - [TEST_STEP][PASSED] - Middle_name = getAttribute(findTestObject("Object Repository/ADDING_A_NEW_EMPLOYEE/Add_employee_middle_name"), "value"): Attribute 'value' of object 'Object Repository/ADDING_A_NEW_EMPLOYEE/Add_employee_middle_name' is: 'Middle_name_pcRWIje'

12-08-2024T16:38:51 - [MESSAGE][PASSED] - Attribute 'value' of object 'Object Repository/ADDING_A_NEW_EMPLOYEE/Add_employee_middle_name' is: 'Middle_name_pcRWIje'

12-08-2024T16:38:51 - [TEST_STEP][PASSED] - out.println(Middle_name): null

12-08-2024T16:38:51 - [TEST_STEP][PASSED] - Last_name = getAttribute(findTestObject("Object Repository/ADDING_A_NEW_EMPLOYEE/Add_employee_last_name"), "value"): Attribute 'value' of object 'Object Repository/ADDING_A_NEW_EMPLOYEE/Add_employee_last_name' is: 'Last_name_YIQcsFx'

12-08-2024T16:38:51 - [MESSAGE][PASSED] - Attribute 'value' of object 'Object Repository/ADDING_A_NEW_EMPLOYEE/Add_employee_last_name' is: 'Last_name_YIQcsFx'

12-08-2024T16:38:51 - [TEST_STEP][PASSED] - out.println(Last_name): null

12-08-2024T16:38:51 - [TEST_STEP][PASSED] - employee_id = getAttribute(findTestObject("Object Repository/ADDING_A_NEW_EMPLOYEE/Add_employee_id"), "value"): Attribute 'value' of object 'Object Repository/ADDING_A_NEW_EMPLOYEE/Add_employee_id' is: '333259772'

12-08-2024T16:38:51 - [MESSAGE][PASSED] - Attribute 'value' of object 'Object Repository/ADDING_A_NEW_EMPLOYEE/Add_employee_id' is: '333259772'

12-08-2024T16:38:51 - [TEST_STEP][PASSED] - out.println(employee_id): null

12-08-2024T16:38:51 - [TEST_STEP][PASSED] - delay(3): Delayed 3 second(s)

12-08-2024T16:38:54 - [MESSAGE][PASSED] - Delayed 3 second(s)

12-08-2024T16:38:54 - [TEST_STEP][PASSED] - click(findTestObject("Object Repository/ADDING_A_NEW_EMPLOYEE/Add_employee_save_button")): Object: 'Object Repository/ADDING_A_NEW_EMPLOYEE/Add_employee_save_button' is clicked on

12-08-2024T16:38:55 - [MESSAGE][PASSED] - Object: 'Object Repository/ADDING_A_NEW_EMPLOYEE/Add_employee_save_button' is clicked on

12-08-2024T16:38:55 - [TEST_STEP][PASSED] - delay(2): Delayed 2 second(s)

12-08-2024T16:38:57 - [MESSAGE][PASSED] - Delayed 2 second(s)

12-08-2024T16:38:57 - [MESSAGE][PASSED] - Call Test Case 'Test Cases/ADDING_A_NEW_EMPLOYEE' successfully

12-08-2024T16:38:57 - [TEST_STEP][PASSED] - rowIndex = sheet.getLastRowNum() + 1: null

12-08-2024T16:38:57 - [TEST_STEP][PASSED] - row = sheet.createRow(rowIndex): null

12-08-2024T16:38:57 - [TEST_STEP][PASSED] - createCell(0).setCellValue(First_name): null

12-08-2024T16:38:57 - [TEST_STEP][PASSED] - createCell(1).setCellValue(Middle_name): null

12-08-2024T16:38:57 - [TEST_STEP][PASSED] - createCell(2).setCellValue(Last_name): null

12-08-2024T16:38:57 - [TEST_STEP][PASSED] - createCell(3).setCellValue(User_name): null

12-08-2024T16:38:57 - [TEST_STEP][PASSED] - createCell(4).setCellValue(Password): null

12-08-2024T16:38:57 - [TEST_STEP][PASSED] - createCell(5).setCellValue(employee_id): null

12-08-2024T16:38:57 - [TEST_STEP][PASSED] - callTestCase(findTestCase("ADDING_A_NEW_EMPLOYEE"), [:], STOP_ON_FAILURE): Call Test Case 'Test Cases/ADDING_A_NEW_EMPLOYEE' successfully

12-08-2024T16:38:57 - [TEST_CASE][PASSED] - Test Cases/ADDING_A_NEW_EMPLOYEE: Test Cases/ADDING_A_NEW_EMPLOYEE

12-08-2024T16:38:57 - [TEST_STEP][PASSED] - verifyElementPresent(findTestObject("ADDING_A_NEW_EMPLOYEE/pim_option_from_side_bar"), 10): Object 'Object Repository/ADDING_A_NEW_EMPLOYEE/pim_option_from_side_bar' is present

12-08-2024T16:38:58 - [MESSAGE][PASSED] - Object 'Object Repository/ADDING_A_NEW_EMPLOYEE/pim_option_from_side_bar' is present

12-08-2024T16:38:58 - [TEST_STEP][PASSED] - click(findTestObject("ADDING_A_NEW_EMPLOYEE/pim_option_from_side_bar")): Object: 'Object Repository/ADDING_A_NEW_EMPLOYEE/pim_option_from_side_bar' is clicked on

12-08-2024T16:39:00 - [MESSAGE][PASSED] - Object: 'Object Repository/ADDING_A_NEW_EMPLOYEE/pim_option_from_side_bar' is clicked on

12-08-2024T16:39:00 - [TEST_STEP][PASSED] - waitForElementPresent(findTestObject("ADDING_A_NEW_EMPLOYEE/adding_new_employee_button_in_pim_page"), 10): Object 'Object Repository/ADDING_A_NEW_EMPLOYEE/adding_new_employee_button_in_pim_page' is present

12-08-2024T16:39:01 - [MESSAGE][PASSED] - Object 'Object Repository/ADDING_A_NEW_EMPLOYEE/adding_new_employee_button_in_pim_page' is present

12-08-2024T16:39:01 - [TEST_STEP][PASSED] - click(findTestObject("ADDING_A_NEW_EMPLOYEE/adding_new_employee_button_in_pim_page")): Object: 'Object Repository/ADDING_A_NEW_EMPLOYEE/adding_new_employee_button_in_pim_page' is clicked on

12-08-2024T16:39:02 - [MESSAGE][PASSED] - Object: 'Object Repository/ADDING_A_NEW_EMPLOYEE/adding_new_employee_button_in_pim_page' is clicked on

12-08-2024T16:39:02 - [TEST_STEP][PASSED] - verifyElementPresent(findTestObject("ADDING_A_NEW_EMPLOYEE/create_login_details_checkbox"), 10): Object 'Object Repository/ADDING_A_NEW_EMPLOYEE/create_login_details_checkbox' is present

12-08-2024T16:39:04 - [MESSAGE][PASSED] - Object 'Object Repository/ADDING_A_NEW_EMPLOYEE/create_login_details_checkbox' is present

12-08-2024T16:39:04 - [TEST_STEP][PASSED] - click(findTestObject("ADDING_A_NEW_EMPLOYEE/create_login_details_checkbox")): Object: 'Object Repository/ADDING_A_NEW_EMPLOYEE/create_login_details_checkbox' is clicked on

12-08-2024T16:39:04 - [MESSAGE][PASSED] - Object: 'Object Repository/ADDING_A_NEW_EMPLOYEE/create_login_details_checkbox' is clicked on

12-08-2024T16:39:04 - [TEST_STEP][PASSED] - verifyElementPresent(findTestObject("Object Repository/ADDING_A_NEW_EMPLOYEE/Add_employee_enabled_radio_button"), 10): Object 'Object Repository/ADDING_A_NEW_EMPLOYEE/Add_employee_enabled_radio_button' is present

12-08-2024T16:39:05 - [MESSAGE][PASSED] - Object 'Object Repository/ADDING_A_NEW_EMPLOYEE/Add_employee_enabled_radio_button' is present

12-08-2024T16:39:05 - [TEST_STEP][PASSED] - click(findTestObject("Object Repository/ADDING_A_NEW_EMPLOYEE/Add_employee_enabled_radio_button")): Object: 'Object Repository/ADDING_A_NEW_EMPLOYEE/Add_employee_enabled_radio_button' is clicked on

12-08-2024T16:39:05 - [MESSAGE][PASSED] - Object: 'Object Repository/ADDING_A_NEW_EMPLOYEE/Add_employee_enabled_radio_button' is clicked on

12-08-2024T16:39:05 - [TEST_STEP][PASSED] - verifyElementPresent(findTestObject("Object Repository/ADDING_A_NEW_EMPLOYEE/Add_Employee_first_name"), 10): Object 'Object Repository/ADDING_A_NEW_EMPLOYEE/Add_Employee_first_name' is present

12-08-2024T16:39:05 - [MESSAGE][PASSED] - Object 'Object Repository/ADDING_A_NEW_EMPLOYEE/Add_Employee_first_name' is present

12-08-2024T16:39:05 - [TEST_STEP][PASSED] - click(findTestObject("Object Repository/ADDING_A_NEW_EMPLOYEE/Add_Employee_first_name")): Object: 'Object Repository/ADDING_A_NEW_EMPLOYEE/Add_Employee_first_name' is clicked on

12-08-2024T16:39:05 - [MESSAGE][PASSED] - Object: 'Object Repository/ADDING_A_NEW_EMPLOYEE/Add_Employee_first_name' is clicked on

12-08-2024T16:39:05 - [TEST_STEP][PASSED] - setText(findTestObject("Object Repository/ADDING_A_NEW_EMPLOYEE/Add_Employee_first_name"), "First_name_" + RandomStringUtils.randomAlphabetic(7)): Text 'First_name_mbTJNXN' is set on object 'Object Repository/ADDING_A_NEW_EMPLOYEE/Add_Employee_first_name'

12-08-2024T16:39:06 - [MESSAGE][PASSED] - Text 'First_name_mbTJNXN' is set on object 'Object Repository/ADDING_A_NEW_EMPLOYEE/Add_Employee_first_name'

12-08-2024T16:39:06 - [TEST_STEP][PASSED] - verifyElementPresent(findTestObject("Object Repository/ADDING_A_NEW_EMPLOYEE/Add_employee_middle_name"), 10): Object 'Object Repository/ADDING_A_NEW_EMPLOYEE/Add_employee_middle_name' is present

12-08-2024T16:39:06 - [MESSAGE][PASSED] - Object 'Object Repository/ADDING_A_NEW_EMPLOYEE/Add_employee_middle_name' is present

12-08-2024T16:39:06 - [TEST_STEP][PASSED] - click(findTestObject("Object Repository/ADDING_A_NEW_EMPLOYEE/Add_employee_middle_name")): Object: 'Object Repository/ADDING_A_NEW_EMPLOYEE/Add_employee_middle_name' is clicked on

12-08-2024T16:39:07 - [MESSAGE][PASSED] - Object: 'Object Repository/ADDING_A_NEW_EMPLOYEE/Add_employee_middle_name' is clicked on

12-08-2024T16:39:07 - [TEST_STEP][PASSED] - setText(findTestObject("Object Repository/ADDING_A_NEW_EMPLOYEE/Add_employee_middle_name"), "Middle_name_" + RandomStringUtils.randomAlphabetic(7)): Text 'Middle_name_uPEIhuG' is set on object 'Object Repository/ADDING_A_NEW_EMPLOYEE/Add_employee_middle_name'

12-08-2024T16:39:07 - [MESSAGE][PASSED] - Text 'Middle_name_uPEIhuG' is set on object 'Object Repository/ADDING_A_NEW_EMPLOYEE/Add_employee_middle_name'

12-08-2024T16:39:07 - [TEST_STEP][PASSED] - verifyElementPresent(findTestObject("Object Repository/ADDING_A_NEW_EMPLOYEE/Add_employee_last_name"), 10): Object 'Object Repository/ADDING_A_NEW_EMPLOYEE/Add_employee_last_name' is present

12-08-2024T16:39:08 - [MESSAGE][PASSED] - Object 'Object Repository/ADDING_A_NEW_EMPLOYEE/Add_employee_last_name' is present

[...]

12-08-2024T16:56:40 - [MESSAGE][PASSED] - Object: 'Object Repository/LOGIN_TEST_CASE_FOR_ORANGE_HRM/password_text_box_for_login_page' is clicked on

12-08-2024T16:56:40 - [TEST_STEP][PASSED] - setText(findTestObject("Object Repository/LOGIN_TEST_CASE_FOR_ORANGE_HRM/password_text_box_for_login_page"), Password): Text 'Fiboo001247@@' is set on object 'Object Repository/LOGIN_TEST_CASE_FOR_ORANGE_HRM/password_text_box_for_login_page'

12-08-2024T16:56:41 - [MESSAGE][PASSED] - Text 'Fiboo001247@@' is set on object 'Object Repository/LOGIN_TEST_CASE_FOR_ORANGE_HRM/password_text_box_for_login_page'

12-08-2024T16:56:41 - [TEST_STEP][PASSED] - verifyElementPresent(findTestObject("Object Repository/LOGIN_TEST_CASE_FOR_ORANGE_HRM/login_button_for_login_page"), 10): Object 'Object Repository/LOGIN_TEST_CASE_FOR_ORANGE_HRM/login_button_for_login_page' is present

12-08-2024T16:56:41 - [MESSAGE][PASSED] - Object 'Object Repository/LOGIN_TEST_CASE_FOR_ORANGE_HRM/login_button_for_login_page' is present

12-08-2024T16:56:41 - [TEST_STEP][PASSED] - click(findTestObject("Object Repository/LOGIN_TEST_CASE_FOR_ORANGE_HRM/login_button_for_login_page")): Object: 'Object Repository/LOGIN_TEST_CASE_FOR_ORANGE_HRM/login_button_for_login_page' is clicked on

12-08-2024T16:56:41 - [MESSAGE][PASSED] - Object: 'Object Repository/LOGIN_TEST_CASE_FOR_ORANGE_HRM/login_button_for_login_page' is clicked on

12-08-2024T16:56:41 - [MESSAGE][PASSED] - Call Test Case 'Test Cases/test_case_for_new_login_creds_excel_sheet' successfully

12-08-2024T16:56:41 - [TEST_STEP][PASSED] - callTestCase(findTestCase("test_case_to_verify_data"), [:], STOP_ON_FAILURE): Call Test Case 'Test Cases/test_case_to_verify_data' successfully

12-08-2024T16:56:41 - [TEST_CASE][PASSED] - Test Cases/test_case_to_verify_data: Test Cases/test_case_to_verify_data

12-08-2024T16:56:41 - [TEST_STEP][PASSED] - delay(3): Delayed 3 second(s)

12-08-2024T16:56:44 - [MESSAGE][PASSED] - Delayed 3 second(s)

12-08-2024T16:56:44 - [TEST_STEP][PASSED] - click(findTestObject("to_verify_data/myinfo_option_from_side_bar")): Object: 'Object Repository/to_verify_data/myinfo_option_from_side_bar' is clicked on

12-08-2024T16:56:50 - [MESSAGE][PASSED] - Object: 'Object Repository/to_verify_data/myinfo_option_from_side_bar' is clicked on

12-08-2024T16:56:50 - [TEST_STEP][PASSED] - First_name = getAttribute(findTestObject("Object Repository/to_verify_data/first_name_text_box"), "value"): Attribute 'value' of object 'Object Repository/to_verify_data/first_name_text_box' is: 'First_name_yiKOGlw'

12-08-2024T16:56:55 - [MESSAGE][PASSED] - Attribute 'value' of object 'Object Repository/to_verify_data/first_name_text_box' is: 'First_name_yiKOGlw'

12-08-2024T16:56:55 - [TEST_STEP][PASSED] - out.println(First_name): null

12-08-2024T16:56:55 - [TEST_STEP][PASSED] - Middle_name = getAttribute(findTestObject("Object Repository/to_verify_data/middle_name_text_box"), "value"): Attribute 'value' of object 'Object Repository/to_verify_data/middle_name_text_box' is: 'Middle_name_Hylpckm'

12-08-2024T16:56:56 - [MESSAGE][PASSED] - Attribute 'value' of object 'Object Repository/to_verify_data/middle_name_text_box' is: 'Middle_name_Hylpckm'

12-08-2024T16:56:56 - [TEST_STEP][PASSED] - out.println(Middle_name): null

12-08-2024T16:56:56 - [TEST_STEP][PASSED] - Last_name = getAttribute(findTestObject("Object Repository/to_verify_data/last_name_text_box"), "value"): Attribute 'value' of object 'Object Repository/to_verify_data/last_name_text_box' is: 'Last_name_PHMvylk'

12-08-2024T16:56:56 - [MESSAGE][PASSED] - Attribute 'value' of object 'Object Repository/to_verify_data/last_name_text_box' is: 'Last_name_PHMvylk'

12-08-2024T16:56:56 - [TEST_STEP][PASSED] - out.println(Last_name): null

12-08-2024T16:56:56 - [TEST_STEP][PASSED] - employee_id = getAttribute(findTestObject("Object Repository/to_verify_data/employee_id"), "value"): Attribute 'value' of object 'Object Repository/to_verify_data/employee_id' is: '333029842'

12-08-2024T16:56:56 - [MESSAGE][PASSED] - Attribute 'value' of object 'Object Repository/to_verify_data/employee_id' is: '333029842'

12-08-2024T16:56:56 - [TEST_STEP][PASSED] - out.println(employee_id): null

12-08-2024T16:56:56 - [TEST_STEP][PASSED] - if (First_name == First_name): first name is same

12-08-2024T16:56:56 - [TEST_STEP][PASSED] - markPassed("first name is same"): first name is same

12-08-2024T16:56:56 - [MESSAGE][PASSED] - first name is same

12-08-2024T16:56:56 - [TEST_STEP][PASSED] - if (Middle_name == Middle_name): middle name is same

12-08-2024T16:56:56 - [TEST_STEP][PASSED] - markPassed("middle name is same"): middle name is same

12-08-2024T16:56:56 - [MESSAGE][PASSED] - middle name is same

12-08-2024T16:56:56 - [TEST_STEP][PASSED] - if (Last_name == Last_name): last name is same

12-08-2024T16:56:56 - [TEST_STEP][PASSED] - markPassed("last name is same"): last name is same

12-08-2024T16:56:56 - [MESSAGE][PASSED] - last name is same

12-08-2024T16:56:56 - [TEST_STEP][PASSED] - if (employee_id == employee_id): employee id is same

12-08-2024T16:56:56 - [TEST_STEP][PASSED] - markPassed("employee id is same"): employee id is same

12-08-2024T16:56:56 - [MESSAGE][PASSED] - employee id is same

12-08-2024T16:56:56 - [MESSAGE][PASSED] - Call Test Case 'Test Cases/test_case_to_verify_data' successfully

12-08-2024T16:56:56 - [TEST_STEP][PASSED] - callTestCase(findTestCase("logout_testcase"), [:], STOP_ON_FAILURE): Call Test Case 'Test Cases/logout_testcase' successfully

12-08-2024T16:56:56 - [TEST_CASE][PASSED] - Test Cases/logout_testcase: Test Cases/logout_testcase

12-08-2024T16:56:56 - [TEST_STEP][PASSED] - delay(3): Delayed 3 second(s)

12-08-2024T16:56:59 - [MESSAGE][PASSED] - Delayed 3 second(s)

12-08-2024T16:56:59 - [TEST_STEP][PASSED] - verifyElementPresent(findTestObject("logout_and_login_after_new_employee_added/userdropdown_for_logout_option"), 10): Object 'Object Repository/logout_and_login_after_new_employee_added/userdropdown_for_logout_option' is present

12-08-2024T16:57:00 - [MESSAGE][PASSED] - Object 'Object Repository/logout_and_login_after_new_employee_added/userdropdown_for_logout_option' is present

12-08-2024T16:57:00 - [TEST_STEP][PASSED] - delay(3): Delayed 3 second(s)

12-08-2024T16:57:03 - [MESSAGE][PASSED] - Delayed 3 second(s)

12-08-2024T16:57:03 - [TEST_STEP][PASSED] - click(findTestObject("logout_and_login_after_new_employee_added/userdropdown_for_logout_option")): Object: 'Object Repository/logout_and_login_after_new_employee_added/userdropdown_for_logout_option' is clicked on

12-08-2024T16:57:03 - [MESSAGE][PASSED] - Object: 'Object Repository/logout_and_login_after_new_employee_added/userdropdown_for_logout_option' is clicked on

12-08-2024T16:57:03 - [TEST_STEP][PASSED] - delay(3): Delayed 3 second(s)

12-08-2024T16:57:06 - [MESSAGE][PASSED] - Delayed 3 second(s)

12-08-2024T16:57:06 - [TEST_STEP][PASSED] - click(findTestObject("logout_and_login_after_new_employee_added/logout_option")): Object: 'Object Repository/logout_and_login_after_new_employee_added/logout_option' is clicked on

12-08-2024T16:57:08 - [MESSAGE][PASSED] - Object: 'Object Repository/logout_and_login_after_new_employee_added/logout_option' is clicked on

12-08-2024T16:57:08 - [TEST_STEP][PASSED] - delay(3): Delayed 3 second(s)

12-08-2024T16:57:11 - [MESSAGE][PASSED] - Delayed 3 second(s)

12-08-2024T16:57:11 - [MESSAGE][PASSED] - Call Test Case 'Test Cases/logout_testcase' successfully

12-08-2024T16:57:11 - [TEST_STEP][PASSED] - delay(3): Delayed 3 second(s)

12-08-2024T16:57:14 - [MESSAGE][PASSED] - Delayed 3 second(s)

12-08-2024T16:57:14 - [TEST_STEP][PASSED] - row = sheet.getRow(i): null

12-08-2024T16:57:14 - [TEST_STEP][PASSED] - firstName = getCell(0).getStringCellValue(): null

12-08-2024T16:57:14 - [TEST_STEP][PASSED] - Middlename = getCell(1).getStringCellValue(): null

12-08-2024T16:57:14 - [TEST_STEP][PASSED] - lastName = getCell(2).getStringCellValue(): null

12-08-2024T16:57:14 - [TEST_STEP][PASSED] - username = getCell(3).getStringCellValue(): null

12-08-2024T16:57:14 - [TEST_STEP][PASSED] - password = getCell(4).getStringCellValue(): null

12-08-2024T16:57:14 - [TEST_STEP][PASSED] - Employee_id = getCell(5).getStringCellValue(): null

12-08-2024T16:57:14 - [TEST_STEP][PASSED] - println("Logging in with Username: " + username + " and Password: " + password): null

12-08-2024T16:57:14 - [TEST_STEP][PASSED] - User_name = username: null

12-08-2024T16:57:14 - [TEST_STEP][PASSED] - Password = password: null

12-08-2024T16:57:14 - [TEST_STEP][PASSED] - First_name = firstName: null

12-08-2024T16:57:14 - [TEST_STEP][PASSED] - Last_name = lastName: null

12-08-2024T16:57:14 - [TEST_STEP][PASSED] - Middle_name = Middlename: null

12-08-2024T16:57:14 - [TEST_STEP][PASSED] - employee_id = Employee_id: null

12-08-2024T16:57:14 - [TEST_STEP][PASSED] - callTestCase(findTestCase("test_case_for_new_login_creds_excel_sheet"), [:], STOP_ON_FAILURE): Call Test Case 'Test Cases/test_case_for_new_login_creds_excel_sheet' successfully

12-08-2024T16:57:14 - [TEST_CASE][PASSED] - Test Cases/test_case_for_new_login_creds_excel_sheet: Test Cases/test_case_for_new_login_creds_excel_sheet

12-08-2024T16:57:14 - [TEST_STEP][PASSED] - refresh(): Refresh successfully

12-08-2024T16:57:14 - [MESSAGE][PASSED] - Refresh successfully

12-08-2024T16:57:14 - [TEST_STEP][PASSED] - delay(3): Delayed 3 second(s)

12-08-2024T16:57:17 - [MESSAGE][PASSED] - Delayed 3 second(s)

12-08-2024T16:57:17 - [TEST_STEP][PASSED] - verifyElementPresent(findTestObject("Object Repository/LOGIN_TEST_CASE_FOR_ORANGE_HRM/username_text_box_login_page"), 10): Object 'Object Repository/LOGIN_TEST_CASE_FOR_ORANGE_HRM/username_text_box_login_page' is present

12-08-2024T16:57:18 - [MESSAGE][PASSED] - Object 'Object Repository/LOGIN_TEST_CASE_FOR_ORANGE_HRM/username_text_box_login_page' is present

12-08-2024T16:57:18 - [TEST_STEP][PASSED] - click(findTestObject("Object Repository/LOGIN_TEST_CASE_FOR_ORANGE_HRM/username_text_box_login_page")): Object: 'Object Repository/LOGIN_TEST_CASE_FOR_ORANGE_HRM/username_text_box_login_page' is clicked on

12-08-2024T16:57:18 - [MESSAGE][PASSED] - Object: 'Object Repository/LOGIN_TEST_CASE_FOR_ORANGE_HRM/username_text_box_login_page' is clicked on

12-08-2024T16:57:18 - [TEST_STEP][PASSED] - setText(findTestObject("Object Repository/LOGIN_TEST_CASE_FOR_ORANGE_HRM/username_text_box_login_page"), User_name): Text 'User_name_JmSFfrs' is set on object 'Object Repository/LOGIN_TEST_CASE_FOR_ORANGE_HRM/username_text_box_login_page'

12-08-2024T16:57:19 - [MESSAGE][PASSED] - Text 'User_name_JmSFfrs' is set on object 'Object Repository/LOGIN_TEST_CASE_FOR_ORANGE_HRM/username_text_box_login_page'

12-08-2024T16:57:19 - [TEST_STEP][PASSED] - verifyElementPresent(findTestObject("Object Repository/LOGIN_TEST_CASE_FOR_ORANGE_HRM/password_text_box_for_login_page"), 10): Object 'Object Repository/LOGIN_TEST_CASE_FOR_ORANGE_HRM/password_text_box_for_login_page' is present

12-08-2024T16:57:19 - [MESSAGE][PASSED] - Object 'Object Repository/LOGIN_TEST_CASE_FOR_ORANGE_HRM/password_text_box_for_login_page' is present

12-08-2024T16:57:19 - [TEST_STEP][PASSED] - click(findTestObject("Object Repository/LOGIN_TEST_CASE_FOR_ORANGE_HRM/password_text_box_for_login_page")): Object: 'Object Repository/LOGIN_TEST_CASE_FOR_ORANGE_HRM/password_text_box_for_login_page' is clicked on

12-08-2024T16:57:19 - [MESSAGE][PASSED] - Object: 'Object Repository/LOGIN_TEST_CASE_FOR_ORANGE_HRM/password_text_box_for_login_page' is clicked on

12-08-2024T16:57:19 - [TEST_STEP][PASSED] - setText(findTestObject("Object Repository/LOGIN_TEST_CASE_FOR_ORANGE_HRM/password_text_box_for_login_page"), Password): Text 'Fiboo783702@@' is set on object 'Object Repository/LOGIN_TEST_CASE_FOR_ORANGE_HRM/password_text_box_for_login_page'

12-08-2024T16:57:20 - [MESSAGE][PASSED] - Text 'Fiboo783702@@' is set on object 'Object Repository/LOGIN_TEST_CASE_FOR_ORANGE_HRM/password_text_box_for_login_page'

12-08-2024T16:57:20 - [TEST_STEP][PASSED] - verifyElementPresent(findTestObject("Object Repository/LOGIN_TEST_CASE_FOR_ORANGE_HRM/login_button_for_login_page"), 10): Object 'Object Repository/LOGIN_TEST_CASE_FOR_ORANGE_HRM/login_button_for_login_page' is present

12-08-2024T16:57:20 - [MESSAGE][PASSED] - Object 'Object Repository/LOGIN_TEST_CASE_FOR_ORANGE_HRM/login_button_for_login_page' is present

12-08-2024T16:57:20 - [TEST_STEP][PASSED] - click(findTestObject("Object Repository/LOGIN_TEST_CASE_FOR_ORANGE_HRM/login_button_for_login_page")): Object: 'Object Repository/LOGIN_TEST_CASE_FOR_ORANGE_HRM/login_button_for_login_page' is clicked on

12-08-2024T16:57:21 - [MESSAGE][PASSED] - Object: 'Object Repository/LOGIN_TEST_CASE_FOR_ORANGE_HRM/login_button_for_login_page' is clicked on

12-08-2024T16:57:21 - [MESSAGE][PASSED] - Call Test Case 'Test Cases/test_case_for_new_login_creds_excel_sheet' successfully

12-08-2024T16:57:21 - [TEST_STEP][PASSED] - callTestCase(findTestCase("test_case_to_verify_data"), [:], STOP_ON_FAILURE): Call Test Case 'Test Cases/test_case_to_verify_data' successfully

12-08-2024T16:57:21 - [TEST_CASE][PASSED] - Test Cases/test_case_to_verify_data: Test Cases/test_case_to_verify_data

12-08-2024T16:57:21 - [TEST_STEP][PASSED] - delay(3): Delayed 3 second(s)

12-08-2024T16:57:24 - [MESSAGE][PASSED] - Delayed 3 second(s)

12-08-2024T16:57:24 - [TEST_STEP][PASSED] - click(findTestObject("to_verify_data/myinfo_option_from_side_bar")): Object: 'Object Repository/to_verify_data/myinfo_option_from_side_bar' is clicked on

12-08-2024T16:57:26 - [MESSAGE][PASSED] - Object: 'Object Repository/to_verify_data/myinfo_option_from_side_bar' is clicked on

12-08-2024T16:57:26 - [TEST_STEP][PASSED] - First_name = getAttribute(findTestObject("Object Repository/to_verify_data/first_name_text_box"), "value"): Attribute 'value' of object 'Object Repository/to_verify_data/first_name_text_box' is: 'First_name_AyNzren'

12-08-2024T16:57:29 - [MESSAGE][PASSED] - Attribute 'value' of object 'Object Repository/to_verify_data/first_name_text_box' is: 'First_name_AyNzren'

12-08-2024T16:57:29 - [TEST_STEP][PASSED] - out.println(First_name): null

12-08-2024T16:57:29 - [TEST_STEP][PASSED] - Middle_name = getAttribute(findTestObject("Object Repository/to_verify_data/middle_name_text_box"), "value"): Attribute 'value' of object 'Object Repository/to_verify_data/middle_name_text_box' is: 'Middle_name_OuIERKe'

12-08-2024T16:57:29 - [MESSAGE][PASSED] - Attribute 'value' of object 'Object Repository/to_verify_data/middle_name_text_box' is: 'Middle_name_OuIERKe'

12-08-2024T16:57:29 - [TEST_STEP][PASSED] - out.println(Middle_name): null

12-08-2024T16:57:29 - [TEST_STEP][PASSED] - Last_name = getAttribute(findTestObject("Object Repository/to_verify_data/last_name_text_box"), "value"): Attribute 'value' of object 'Object Repository/to_verify_data/last_name_text_box' is: 'Last_name_pUjdnpv'

12-08-2024T16:57:29 - [MESSAGE][PASSED] - Attribute 'value' of object 'Object Repository/to_verify_data/last_name_text_box' is: 'Last_name_pUjdnpv'

12-08-2024T16:57:29 - [TEST_STEP][PASSED] - out.println(Last_name): null

12-08-2024T16:57:29 - [TEST_STEP][PASSED] - employee_id = getAttribute(findTestObject("Object Repository/to_verify_data/employee_id"), "value"): Attribute 'value' of object 'Object Repository/to_verify_data/employee_id' is: '333609610'

12-08-2024T16:57:30 - [MESSAGE][PASSED] - Attribute 'value' of object 'Object Repository/to_verify_data/employee_id' is: '333609610'

12-08-2024T16:57:30 - [TEST_STEP][PASSED] - out.println(employee_id): null

12-08-2024T16:57:30 - [TEST_STEP][PASSED] - if (First_name == First_name): first name is same

12-08-2024T16:57:30 - [TEST_STEP][PASSED] - markPassed("first name is same"): first name is same

12-08-2024T16:57:30 - [MESSAGE][PASSED] - first name is same

12-08-2024T16:57:30 - [TEST_STEP][PASSED] - if (Middle_name == Middle_name): middle name is same

12-08-2024T16:57:30 - [TEST_STEP][PASSED] - markPassed("middle name is same"): middle name is same

12-08-2024T16:57:30 - [MESSAGE][PASSED] - middle name is same

12-08-2024T16:57:30 - [TEST_STEP][PASSED] - if (Last_name == Last_name): last name is same

12-08-2024T16:57:30 - [TEST_STEP][PASSED] - markPassed("last name is same"): last name is same

12-08-2024T16:57:30 - [MESSAGE][PASSED] - last name is same

12-08-2024T16:57:30 - [TEST_STEP][PASSED] - if (employee_id == employee_id): employee id is same

12-08-2024T16:57:30 - [TEST_STEP][PASSED] - markPassed("employee id is same"): employee id is same

12-08-2024T16:57:30 - [MESSAGE][PASSED] - employee id is same

12-08-2024T16:57:30 - [MESSAGE][PASSED] - Call Test Case 'Test Cases/test_case_to_verify_data' successfully

12-08-2024T16:57:30 - [TEST_STEP][PASSED] - callTestCase(findTestCase("logout_testcase"), [:], STOP_ON_FAILURE): Call Test Case 'Test Cases/logout_testcase' successfully

12-08-2024T16:57:30 - [TEST_CASE][PASSED] - Test Cases/logout_testcase: Test Cases/logout_testcase

12-08-2024T16:57:30 - [TEST_STEP][PASSED] - delay(3): Delayed 3 second(s)

12-08-2024T16:57:33 - [MESSAGE][PASSED] - Delayed 3 second(s)

12-08-2024T16:57:33 - [TEST_STEP][PASSED] - verifyElementPresent(findTestObject("logout_and_login_after_new_employee_added/userdropdown_for_logout_option"), 10): Object 'Object Repository/logout_and_login_after_new_employee_added/userdropdown_for_logout_option' is present

12-08-2024T16:57:33 - [MESSAGE][PASSED] - Object 'Object Repository/logout_and_login_after_new_employee_added/userdropdown_for_logout_option' is present

12-08-2024T16:57:33 - [TEST_STEP][PASSED] - delay(3): Delayed 3 second(s)

12-08-2024T16:57:36 - [MESSAGE][PASSED] - Delayed 3 second(s)

12-08-2024T16:57:36 - [TEST_STEP][PASSED] - click(findTestObject("logout_and_login_after_new_employee_added/userdropdown_for_logout_option")): Object: 'Object Repository/logout_and_login_after_new_employee_added/userdropdown_for_logout_option' is clicked on

12-08-2024T16:57:36 - [MESSAGE][PASSED] - Object: 'Object Repository/logout_and_login_after_new_employee_added/userdropdown_for_logout_option' is clicked on

12-08-2024T16:57:36 - [TEST_STEP][PASSED] - delay(3): Delayed 3 second(s)

12-08-2024T16:57:39 - [MESSAGE][PASSED] - Delayed 3 second(s)

12-08-2024T16:57:39 - [TEST_STEP][PASSED] - click(findTestObject("logout_and_login_after_new_employee_added/logout_option")): Object: 'Object Repository/logout_and_login_after_new_employee_added/logout_option' is clicked on

12-08-2024T16:57:41 - [MESSAGE][PASSED] - Object: 'Object Repository/logout_and_login_after_new_employee_added/logout_option' is clicked on

12-08-2024T16:57:41 - [TEST_STEP][PASSED] - delay(3): Delayed 3 second(s)

12-08-2024T16:57:44 - [MESSAGE][PASSED] - Delayed 3 second(s)

12-08-2024T16:57:44 - [MESSAGE][PASSED] - Call Test Case 'Test Cases/logout_testcase' successfully

12-08-2024T16:57:44 - [TEST_STEP][PASSED] - fis.close(): null

12-08-2024T16:57:44 - [TEST_STEP][PASSED] - workbook.close(): null

12-08-2024T16:57:44 - [TEST_STEP][PASSED] - println("Login process completed using data from Excel."): null

12-08-2024T16:57:44 - [MESSAGE][PASSED] - Call Test Case 'Test Cases/test_case_for_excel_automation_and_verifiying_data_in_excel' successfully]]></system-out>
         <system-err><![CDATA[]]></system-err>
      </testcase>
      <system-out><![CDATA[12-08-2024T16:36:42 - [TEST_SUITE][PASSED] - test_suite_for_excel_automation: Test Cases/test_case_for_excel_automation]]></system-out>
      <system-err><![CDATA[]]></system-err>
   </testsuite>
</testsuites>
